[Fri Jun 14 09:25:10 2013] [info] Init: Seeding PRNG with 0 bytes of entropy
[Fri Jun 14 09:25:10 2013] [info] Init: Generating temporary RSA private keys (512/1024 bits)
[Fri Jun 14 09:25:10 2013] [info] Init: Generating temporary DH parameters (512/1024 bits)
[Fri Jun 14 09:25:10 2013] [error] (120002)APR does not understand this error code: Cannot create SSLSessionCache DBM file `/export/logs/ssl_gcache_data'
[Fri Jun 14 09:25:10 2013] [info] Init: Initializing (virtual) servers for SSL
[Fri Jun 14 09:25:10 2013] [info] mod_ssl/2.2.22 compiled against Server: Apache/2.2.22, Library: OpenSSL/1.0.1
[Fri Jun 14 11:07:02 2013] [info] Init: Seeding PRNG with 0 bytes of entropy
[Fri Jun 14 11:07:02 2013] [info] Init: Generating temporary RSA private keys (512/1024 bits)
[Fri Jun 14 11:07:02 2013] [info] Init: Generating temporary DH parameters (512/1024 bits)
[Fri Jun 14 11:07:02 2013] [error] (120002)APR does not understand this error code: Cannot create SSLSessionCache DBM file `/export/logs/ssl_gcache_data'
[Fri Jun 14 11:07:02 2013] [info] Init: Initializing (virtual) servers for SSL
[Fri Jun 14 11:07:02 2013] [info] mod_ssl/2.2.22 compiled against Server: Apache/2.2.22, Library: OpenSSL/1.0.1
[Fri Jun 14 11:41:23 2013] [info] Init: Seeding PRNG with 0 bytes of entropy
[Fri Jun 14 11:41:23 2013] [info] Init: Generating temporary RSA private keys (512/1024 bits)
[Fri Jun 14 11:41:23 2013] [info] Init: Generating temporary DH parameters (512/1024 bits)
[Fri Jun 14 11:41:23 2013] [error] (120002)APR does not understand this error code: Cannot create SSLSessionCache DBM file `/export/logs/ssl_gcache_data'
[Fri Jun 14 11:41:23 2013] [info] Init: Initializing (virtual) servers for SSL
[Fri Jun 14 11:41:23 2013] [info] mod_ssl/2.2.22 compiled against Server: Apache/2.2.22, Library: OpenSSL/1.0.1
[Fri Jun 14 18:12:59 2013] [info] Init: Seeding PRNG with 0 bytes of entropy
[Fri Jun 14 18:12:59 2013] [info] Init: Generating temporary RSA private keys (512/1024 bits)
[Fri Jun 14 18:12:59 2013] [info] Init: Generating temporary DH parameters (512/1024 bits)
[Fri Jun 14 18:12:59 2013] [error] (120002)APR does not understand this error code: Cannot create SSLSessionCache DBM file `/export/logs/ssl_gcache_data'
[Fri Jun 14 18:12:59 2013] [info] Init: Initializing (virtual) servers for SSL
[Fri Jun 14 18:12:59 2013] [info] mod_ssl/2.2.22 compiled against Server: Apache/2.2.22, Library: OpenSSL/1.0.1
