- - - [22/Aug/2012:11:20:06 +0100] "GET / HTTP/1.1" 403 202 "-"
- - - [22/Aug/2012:11:20:06 +0100] "GET /favicon.ico HTTP/1.1" 403 213 "-"
- - - [22/Aug/2012:11:22:35 +0100] "GET / HTTP/1.1" 403 202 "-"
- - - [22/Aug/2012:11:22:35 +0100] "GET /favicon.ico HTTP/1.1" 403 213 "-"
- - - [22/Aug/2012:11:22:37 +0100] "GET / HTTP/1.1" 403 202 "-"
- - - [22/Aug/2012:11:22:37 +0100] "GET /favicon.ico HTTP/1.1" 403 213 "-"
- - - [22/Aug/2012:11:22:37 +0100] "GET / HTTP/1.1" 403 202 "-"
- - - [22/Aug/2012:11:22:37 +0100] "GET /favicon.ico HTTP/1.1" 403 213 "-"
- - - [22/Aug/2012:11:22:37 +0100] "GET / HTTP/1.1" 403 202 "-"
- - - [22/Aug/2012:11:22:37 +0100] "GET /favicon.ico HTTP/1.1" 403 213 "-"
- - - [22/Aug/2012:11:23:50 +0100] "GET / HTTP/1.1" 403 202 "-"
- - - [22/Aug/2012:11:23:50 +0100] "GET /favicon.ico HTTP/1.1" 403 213 "-"
- - - [22/Aug/2012:11:24:04 +0100] "GET / HTTP/1.1" 403 202 "-"
- - - [22/Aug/2012:11:24:04 +0100] "GET /favicon.ico HTTP/1.1" 403 213 "-"
- - - [22/Aug/2012:11:26:30 +0100] "GET / HTTP/1.1" 403 202 "-"
- - - [22/Aug/2012:11:26:30 +0100] "GET /favicon.ico HTTP/1.1" 403 213 "-"
- - - [22/Aug/2012:11:27:15 +0100] "GET / HTTP/1.1" 403 202 "-"
- - - [22/Aug/2012:11:27:15 +0100] "GET /favicon.ico HTTP/1.1" 403 213 "-"
- - - [22/Aug/2012:11:29:30 +0100] "GET / HTTP/1.1" 403 202 "-"
- - - [22/Aug/2012:11:29:30 +0100] "GET /favicon.ico HTTP/1.1" 403 213 "-"
- - - [22/Aug/2012:11:29:31 +0100] "GET / HTTP/1.1" 403 202 "-"
- - - [22/Aug/2012:11:29:31 +0100] "GET /favicon.ico HTTP/1.1" 403 213 "-"
- - - [22/Aug/2012:11:29:31 +0100] "GET / HTTP/1.1" 403 202 "-"
- - - [22/Aug/2012:11:29:31 +0100] "GET /favicon.ico HTTP/1.1" 403 213 "-"
- - - [22/Aug/2012:11:29:31 +0100] "GET / HTTP/1.1" 403 202 "-"
- - - [22/Aug/2012:11:29:31 +0100] "GET /favicon.ico HTTP/1.1" 403 213 "-"
- - - [22/Aug/2012:11:29:36 +0100] "GET /index.html HTTP/1.1" 403 212 "-"
- - - [22/Aug/2012:11:29:36 +0100] "GET /favicon.ico HTTP/1.1" 403 213 "-"
- - - [22/Aug/2012:11:30:02 +0100] "GET /index.html HTTP/1.1" 403 212 "-"
- - - [22/Aug/2012:11:30:02 +0100] "GET /favicon.ico HTTP/1.1" 403 213 "-"
- - - [22/Aug/2012:11:31:57 +0100] "GET /index.html HTTP/1.1" 403 212 "-"
- - - [22/Aug/2012:11:31:57 +0100] "GET /favicon.ico HTTP/1.1" 403 213 "-"
- - - [22/Aug/2012:11:32:01 +0100] "GET / HTTP/1.1" 403 202 "-"
- - - [22/Aug/2012:11:32:01 +0100] "GET /favicon.ico HTTP/1.1" 403 213 "-"
- - - [22/Aug/2012:11:32:11 +0100] "GET / HTTP/1.1" 403 202 "-"
- - - [22/Aug/2012:11:33:20 +0100] "GET / HTTP/1.1" 403 202 "-"
- - - [22/Aug/2012:11:33:20 +0100] "GET /favicon.ico HTTP/1.1" 403 213 "-"
- - - [22/Aug/2012:11:33:46 +0100] "GET / HTTP/1.1" 403 202 "-"
- - - [22/Aug/2012:11:33:46 +0100] "GET /favicon.ico HTTP/1.1" 403 213 "-"
- - - [22/Aug/2012:11:36:45 +0100] "GET / HTTP/1.1" 403 202 "-"
- - - [22/Aug/2012:11:36:45 +0100] "GET /favicon.ico HTTP/1.1" 403 213 "-"
- - - [22/Aug/2012:11:36:46 +0100] "GET / HTTP/1.1" 403 202 "-"
- - - [22/Aug/2012:11:36:46 +0100] "GET /favicon.ico HTTP/1.1" 403 213 "-"
- - - [22/Aug/2012:11:36:46 +0100] "GET / HTTP/1.1" 403 202 "-"
- - - [22/Aug/2012:11:36:46 +0100] "GET /favicon.ico HTTP/1.1" 403 213 "-"
- - - [22/Aug/2012:11:36:46 +0100] "GET / HTTP/1.1" 403 202 "-"
- - - [22/Aug/2012:11:36:46 +0100] "GET /favicon.ico HTTP/1.1" 403 213 "-"
- - - [22/Aug/2012:11:37:01 +0100] "GET / HTTP/1.1" 403 202 "-"
- - - [22/Aug/2012:11:37:01 +0100] "GET /favicon.ico HTTP/1.1" 403 213 "-"
- - - [22/Aug/2012:11:37:02 +0100] "GET / HTTP/1.1" 403 202 "-"
- - - [22/Aug/2012:11:37:02 +0100] "GET /favicon.ico HTTP/1.1" 403 213 "-"
- - - [22/Aug/2012:11:37:02 +0100] "GET / HTTP/1.1" 403 202 "-"
- - - [22/Aug/2012:11:37:02 +0100] "GET /favicon.ico HTTP/1.1" 403 213 "-"
- - - [22/Aug/2012:11:37:02 +0100] "GET / HTTP/1.1" 403 202 "-"
- - - [22/Aug/2012:11:37:02 +0100] "GET /favicon.ico HTTP/1.1" 403 213 "-"
- - - [22/Aug/2012:11:37:04 +0100] "GET /favicon.ico HTTP/1.1" 403 213 "-"
- - - [22/Aug/2012:11:37:06 +0100] "GET /index.html HTTP/1.1" 403 212 "-"
- - - [22/Aug/2012:11:37:06 +0100] "GET /favicon.ico HTTP/1.1" 403 213 "-"
- - - [22/Aug/2012:11:37:07 +0100] "GET /favicon.ico HTTP/1.1" 403 213 "-"
- - - [22/Aug/2012:11:37:08 +0100] "GET /favicon.ico HTTP/1.1" 403 213 "-"
- - - [22/Aug/2012:11:38:37 +0100] "GET /favicon.ico HTTP/1.1" 403 213 "-"
- - - [22/Aug/2012:11:38:38 +0100] "GET /favicon.ico HTTP/1.1" 403 213 "-"
- - - [22/Aug/2012:11:38:39 +0100] "GET / HTTP/1.1" 403 202 "-"
- - - [22/Aug/2012:11:38:39 +0100] "GET /favicon.ico HTTP/1.1" 403 213 "-"
- - - [22/Aug/2012:11:39:35 +0100] "GET / HTTP/1.1" 200 - "-"
- - - [22/Aug/2012:11:39:35 +0100] "GET /favicon.ico HTTP/1.1" 200 - "-"
- - - [22/Aug/2012:11:39:46 +0100] "GET /index.html HTTP/1.1" 200 3 "-"
- - - [22/Aug/2012:11:39:50 +0100] "GET / HTTP/1.1" 200 - "-"
- - - [22/Aug/2012:11:40:32 +0100] "GET / HTTP/1.1" 200 - "-"
- - - [22/Aug/2012:11:43:10 +0100] "GET / HTTP/1.1" 200 - "-"
- - - [22/Aug/2012:11:43:24 +0100] "GET / HTTP/1.1" 200 - "-"
- - - [22/Aug/2012:11:44:29 +0100] "GET / HTTP/1.1" 200 - "-"
- - - [22/Aug/2012:11:45:59 +0100] "GET /index/ HTTP/1.1" 200 - "-"
- - - [22/Aug/2012:11:47:53 +0100] "GET /index/ HTTP/1.1" 200 - "-"
- - - [22/Aug/2012:11:49:15 +0100] "GET /index/ HTTP/1.1" 500 538 "-"
- - - [22/Aug/2012:11:49:38 +0100] "GET /index/ HTTP/1.1" 500 538 "-"
- - - [22/Aug/2012:11:49:51 +0100] "GET / HTTP/1.1" 500 538 "-"
- - - [22/Aug/2012:11:50:15 +0100] "GET / HTTP/1.1" 500 538 "-"
- - - [22/Aug/2012:11:51:27 +0100] "GET / HTTP/1.1" 500 538 "-"
- - - [22/Aug/2012:11:52:35 +0100] "GET / HTTP/1.1" 500 538 "-"
- - - [22/Aug/2012:11:55:11 +0100] "GET / HTTP/1.1" 500 538 "-"
- - - [22/Aug/2012:11:55:26 +0100] "GET / HTTP/1.1" 500 538 "-"
- - - [22/Aug/2012:11:56:03 +0100] "GET / HTTP/1.1" 200 2020 "-"
- - - [22/Aug/2012:11:56:03 +0100] "GET /css/style.css HTTP/1.1" 403 215 "http://balance-test.com/"
- - - [22/Aug/2012:11:56:03 +0100] "GET /js/jquery-1.4.js HTTP/1.1" 403 218 "http://balance-test.com/"
- - - [22/Aug/2012:11:56:03 +0100] "GET /js/loader.js HTTP/1.1" 403 214 "http://balance-test.com/"
- - - [22/Aug/2012:11:56:50 +0100] "GET / HTTP/1.1" 200 2020 "-"
- - - [22/Aug/2012:11:56:50 +0100] "GET /js/loader.js HTTP/1.1" 200 773 "http://balance-test.com/"
- - - [22/Aug/2012:11:56:50 +0100] "GET /js/jquery-1.4.js HTTP/1.1" 200 158407 "http://balance-test.com/"
- - - [22/Aug/2012:11:56:50 +0100] "GET /css/style.css HTTP/1.1" 200 2425 "http://balance-test.com/"
- - - [22/Aug/2012:11:56:57 +0100] "GET / HTTP/1.1" 200 2020 "-"
- - - [22/Aug/2012:11:56:57 +0100] "GET /js/loader.js HTTP/1.1" 304 - "http://balance-test.com/"
- - - [22/Aug/2012:11:56:57 +0100] "GET /css/style.css HTTP/1.1" 304 - "http://balance-test.com/"
- - - [22/Aug/2012:11:56:57 +0100] "GET /js/jquery-1.4.js HTTP/1.1" 304 - "http://balance-test.com/"
- - - [22/Aug/2012:11:56:57 +0100] "GET / HTTP/1.1" 500 538 "-"
- - - [22/Aug/2012:11:56:57 +0100] "GET / HTTP/1.1" 200 2020 "-"
- - - [22/Aug/2012:11:56:57 +0100] "GET /css/style.css HTTP/1.1" 304 - "http://balance-test.com/"
- - - [22/Aug/2012:11:56:57 +0100] "GET /js/jquery-1.4.js HTTP/1.1" 304 - "http://balance-test.com/"
- - - [22/Aug/2012:11:56:57 +0100] "GET /js/loader.js HTTP/1.1" 304 - "http://balance-test.com/"
- - - [22/Aug/2012:11:56:58 +0100] "GET / HTTP/1.1" 500 538 "-"
- - - [22/Aug/2012:11:56:58 +0100] "GET / HTTP/1.1" 200 2020 "-"
- - - [22/Aug/2012:11:56:58 +0100] "GET /js/jquery-1.4.js HTTP/1.1" 304 - "http://balance-test.com/"
- - - [22/Aug/2012:11:56:58 +0100] "GET /css/style.css HTTP/1.1" 304 - "http://balance-test.com/"
- - - [22/Aug/2012:11:56:58 +0100] "GET /js/loader.js HTTP/1.1" 304 - "http://balance-test.com/"
- - - [22/Aug/2012:11:56:58 +0100] "GET / HTTP/1.1" 500 538 "-"
- - - [22/Aug/2012:11:56:59 +0100] "GET / HTTP/1.1" 200 2020 "-"
- - - [22/Aug/2012:11:56:59 +0100] "GET /css/style.css HTTP/1.1" 304 - "http://balance-test.com/"
- - - [22/Aug/2012:11:56:59 +0100] "GET /js/jquery-1.4.js HTTP/1.1" 304 - "http://balance-test.com/"
- - - [22/Aug/2012:11:56:59 +0100] "GET /js/loader.js HTTP/1.1" 304 - "http://balance-test.com/"
- - - [22/Aug/2012:11:56:59 +0100] "GET / HTTP/1.1" 500 538 "-"
- - - [22/Aug/2012:11:57:22 +0100] "GET / HTTP/1.1" 200 2020 "-"
- - - [22/Aug/2012:11:57:39 +0100] "GET / HTTP/1.1" 200 2020 "-"
- - - [22/Aug/2012:11:57:39 +0100] "GET /js/loader.js HTTP/1.1" 200 773 "http://balance-test.com/"
- - - [22/Aug/2012:11:57:39 +0100] "GET /js/jquery-1.4.js HTTP/1.1" 200 158407 "http://balance-test.com/"
- - - [22/Aug/2012:11:57:39 +0100] "GET /css/style.css HTTP/1.1" 200 2425 "http://balance-test.com/"
- - - [22/Aug/2012:11:57:39 +0100] "GET /favicon.ico HTTP/1.1" 200 - "-"
- - - [22/Aug/2012:11:58:12 +0100] "GET / HTTP/1.1" 200 2020 "-"
- - - [22/Aug/2012:11:58:12 +0100] "GET /css/style.css HTTP/1.1" 304 - "http://balance-test.com/"
- - - [22/Aug/2012:11:58:12 +0100] "GET /js/jquery-1.4.js HTTP/1.1" 304 - "http://balance-test.com/"
- - - [22/Aug/2012:11:58:12 +0100] "GET /js/loader.js HTTP/1.1" 304 - "http://balance-test.com/"
- - - [22/Aug/2012:11:58:22 +0100] "GET / HTTP/1.1" 200 2020 "-"
- - - [22/Aug/2012:11:58:22 +0100] "GET /js/jquery-1.4.js HTTP/1.1" 304 - "http://balance-test.com/"
- - - [22/Aug/2012:11:58:22 +0100] "GET /js/loader.js HTTP/1.1" 304 - "http://balance-test.com/"
- - - [22/Aug/2012:11:58:22 +0100] "GET /css/style.css HTTP/1.1" 304 - "http://balance-test.com/"
- - - [22/Aug/2012:11:58:23 +0100] "GET / HTTP/1.1" 200 2020 "-"
- - - [22/Aug/2012:11:58:23 +0100] "GET /js/loader.js HTTP/1.1" 304 - "http://balance-test.com/"
- - - [22/Aug/2012:11:58:23 +0100] "GET /css/style.css HTTP/1.1" 304 - "http://balance-test.com/"
- - - [22/Aug/2012:11:58:23 +0100] "GET /js/jquery-1.4.js HTTP/1.1" 304 - "http://balance-test.com/"
- - - [22/Aug/2012:11:58:23 +0100] "GET / HTTP/1.1" 200 2020 "-"
- - - [22/Aug/2012:11:58:23 +0100] "GET /js/jquery-1.4.js HTTP/1.1" 304 - "http://balance-test.com/"
- - - [22/Aug/2012:11:58:23 +0100] "GET /css/style.css HTTP/1.1" 304 - "http://balance-test.com/"
- - - [22/Aug/2012:11:58:23 +0100] "GET /js/loader.js HTTP/1.1" 304 - "http://balance-test.com/"
- - - [22/Aug/2012:11:58:23 +0100] "GET / HTTP/1.1" 200 2020 "-"
- - - [22/Aug/2012:11:58:23 +0100] "GET /js/jquery-1.4.js HTTP/1.1" 304 - "http://balance-test.com/"
- - - [22/Aug/2012:11:58:23 +0100] "GET /css/style.css HTTP/1.1" 304 - "http://balance-test.com/"
- - - [22/Aug/2012:11:58:23 +0100] "GET /js/loader.js HTTP/1.1" 304 - "http://balance-test.com/"
- - - [22/Aug/2012:11:58:32 +0100] "GET /woops/ HTTP/1.1" 200 1401 "-"
- - - [22/Aug/2012:12:00:00 +0100] "GET /woops/ HTTP/1.1" 200 1401 "-"
- - - [22/Aug/2012:12:00:00 +0100] "GET /css/style.css HTTP/1.1" 304 - "http://balance-test.com/woops/"
- - - [22/Aug/2012:12:00:00 +0100] "GET /js/jquery-1.4.js HTTP/1.1" 304 - "http://balance-test.com/woops/"
- - - [22/Aug/2012:12:00:00 +0100] "GET /js/loader.js HTTP/1.1" 304 - "http://balance-test.com/woops/"
- - - [22/Aug/2012:12:00:08 +0100] "GET / HTTP/1.1" 200 2020 "-"
- - - [22/Aug/2012:12:00:15 +0100] "GET / HTTP/1.1" 200 2020 "http://balance-test.com/"
- - - [22/Aug/2012:12:00:19 +0100] "GET /test/money/GBP/name/Ibbo/ HTTP/1.1" 200 1314 "http://balance-test.com/"
- - - [22/Aug/2012:12:00:21 +0100] "GET /article/ HTTP/1.1" 200 1845 "http://balance-test.com/test/money/GBP/name/Ibbo/"
- - - [22/Aug/2012:12:00:21 +0100] "GET /js/article.js HTTP/1.1" 200 919 "http://balance-test.com/article/"
- - - [22/Aug/2012:12:00:23 +0100] "GET /about/ HTTP/1.1" 200 1407 "http://balance-test.com/article/"
- - - [22/Aug/2012:12:00:24 +0100] "GET /archive/ HTTP/1.1" 200 2064 "http://balance-test.com/about/"
- - - [22/Aug/2012:12:00:27 +0100] "GET /archive/mode/4/ HTTP/1.1" 200 2064 "http://balance-test.com/archive/"
- - - [22/Aug/2012:12:00:29 +0100] "GET /contact/ HTTP/1.1" 200 1296 "http://balance-test.com/archive/mode/4/"
- - - [22/Aug/2012:12:00:31 +0100] "GET /user/ HTTP/1.1" 200 1295 "http://balance-test.com/contact/"
- - - [22/Aug/2012:12:01:51 +0100] "GET /user/ HTTP/1.1" 200 1295 "http://balance-test.com/contact/"
- - - [22/Aug/2012:12:01:51 +0100] "GET /css/style.css HTTP/1.1" 304 - "http://balance-test.com/user/"
- - - [22/Aug/2012:12:01:51 +0100] "GET /js/jquery-1.4.js HTTP/1.1" 304 - "http://balance-test.com/user/"
- - - [22/Aug/2012:12:01:51 +0100] "GET /js/loader.js HTTP/1.1" 304 - "http://balance-test.com/user/"
- - - [22/Aug/2012:12:01:57 +0100] "GET /user/ HTTP/1.1" 200 1295 "http://balance-test.com/contact/"
- - - [22/Aug/2012:12:01:57 +0100] "GET /css/style.css HTTP/1.1" 304 - "http://balance-test.com/user/"
- - - [22/Aug/2012:12:01:57 +0100] "GET /js/jquery-1.4.js HTTP/1.1" 304 - "http://balance-test.com/user/"
- - - [22/Aug/2012:12:01:57 +0100] "GET /js/loader.js HTTP/1.1" 304 - "http://balance-test.com/user/"
- - - [22/Aug/2012:12:01:58 +0100] "GET /test/money/GBP/name/Ibbo/ HTTP/1.1" 200 1314 "http://balance-test.com/user/"
- - - [22/Aug/2012:12:02:00 +0100] "GET /article/ HTTP/1.1" 200 1845 "http://balance-test.com/test/money/GBP/name/Ibbo/"
- - - [22/Aug/2012:12:02:01 +0100] "GET /about/ HTTP/1.1" 200 1407 "http://balance-test.com/article/"
- - - [22/Aug/2012:12:02:06 +0100] "GET /abouts/ HTTP/1.1" 200 1402 "-"
- - - [22/Aug/2012:12:02:25 +0100] "GET /socket/ HTTP/1.1" 200 1375 "-"
- - - [22/Aug/2012:12:02:26 +0100] "GET /js/socket.js HTTP/1.1" 200 612 "http://balance-test.com/socket/"
- - - [22/Aug/2012:12:02:40 +0100] "GET //js/socket.js HTTP/1.1" 200 612 "-"
