[Tue Aug 06 08:56:24 2013] [info] Init: Seeding PRNG with 0 bytes of entropy
[Tue Aug 06 08:56:24 2013] [info] Init: Generating temporary RSA private keys (512/1024 bits)
[Tue Aug 06 08:56:24 2013] [info] Init: Generating temporary DH parameters (512/1024 bits)
[Tue Aug 06 08:56:24 2013] [error] (120002)APR does not understand this error code: Cannot create SSLSessionCache DBM file `/export/logs/ssl_gcache_data'
[Tue Aug 06 08:56:24 2013] [info] Init: Initializing (virtual) servers for SSL
[Tue Aug 06 08:56:24 2013] [info] mod_ssl/2.2.22 compiled against Server: Apache/2.2.22, Library: OpenSSL/1.0.1
[Tue Aug 06 14:07:34 2013] [info] Init: Seeding PRNG with 0 bytes of entropy
[Tue Aug 06 14:07:34 2013] [info] Init: Generating temporary RSA private keys (512/1024 bits)
[Tue Aug 06 14:07:34 2013] [info] Init: Generating temporary DH parameters (512/1024 bits)
[Tue Aug 06 14:07:34 2013] [error] (120002)APR does not understand this error code: Cannot create SSLSessionCache DBM file `/export/logs/ssl_gcache_data'
[Tue Aug 06 14:07:34 2013] [info] Init: Initializing (virtual) servers for SSL
[Tue Aug 06 14:07:34 2013] [info] mod_ssl/2.2.22 compiled against Server: Apache/2.2.22, Library: OpenSSL/1.0.1
[Tue Aug 06 14:13:41 2013] [info] Init: Seeding PRNG with 0 bytes of entropy
[Tue Aug 06 14:13:41 2013] [info] Init: Generating temporary RSA private keys (512/1024 bits)
[Tue Aug 06 14:13:41 2013] [info] Init: Generating temporary DH parameters (512/1024 bits)
[Tue Aug 06 14:13:41 2013] [error] (120002)APR does not understand this error code: Cannot create SSLSessionCache DBM file `/export/logs/ssl_gcache_data'
[Tue Aug 06 14:13:41 2013] [info] Init: Initializing (virtual) servers for SSL
[Tue Aug 06 14:13:41 2013] [info] mod_ssl/2.2.22 compiled against Server: Apache/2.2.22, Library: OpenSSL/1.0.1
[Tue Aug 06 14:16:45 2013] [info] Init: Seeding PRNG with 0 bytes of entropy
[Tue Aug 06 14:16:45 2013] [info] Init: Generating temporary RSA private keys (512/1024 bits)
[Tue Aug 06 14:16:45 2013] [info] Init: Generating temporary DH parameters (512/1024 bits)
[Tue Aug 06 14:16:45 2013] [error] (120002)APR does not understand this error code: Cannot create SSLSessionCache DBM file `/export/logs/ssl_gcache_data'
[Tue Aug 06 14:16:45 2013] [info] Init: Initializing (virtual) servers for SSL
[Tue Aug 06 14:16:45 2013] [info] mod_ssl/2.2.22 compiled against Server: Apache/2.2.22, Library: OpenSSL/1.0.1
[Tue Aug 06 14:21:52 2013] [info] Init: Seeding PRNG with 0 bytes of entropy
[Tue Aug 06 14:21:52 2013] [info] Init: Generating temporary RSA private keys (512/1024 bits)
[Tue Aug 06 14:21:52 2013] [info] Init: Generating temporary DH parameters (512/1024 bits)
[Tue Aug 06 14:21:52 2013] [error] (120002)APR does not understand this error code: Cannot create SSLSessionCache DBM file `/export/logs/ssl_gcache_data'
[Tue Aug 06 14:21:52 2013] [info] Init: Initializing (virtual) servers for SSL
[Tue Aug 06 14:21:52 2013] [info] mod_ssl/2.2.22 compiled against Server: Apache/2.2.22, Library: OpenSSL/1.0.1
