[Fri Jan 11 11:27:55 2013] [info] Init: Seeding PRNG with 0 bytes of entropy
[Fri Jan 11 11:27:55 2013] [info] Init: Generating temporary RSA private keys (512/1024 bits)
[Fri Jan 11 11:27:55 2013] [info] Init: Generating temporary DH parameters (512/1024 bits)
[Fri Jan 11 11:27:55 2013] [error] (120002)APR does not understand this error code: Cannot create SSLSessionCache DBM file `/export/logs/ssl_gcache_data'
[Fri Jan 11 11:27:55 2013] [info] Init: Initializing (virtual) servers for SSL
[Fri Jan 11 11:27:55 2013] [info] mod_ssl/2.2.22 compiled against Server: Apache/2.2.22, Library: OpenSSL/1.0.1
[Fri Jan 11 11:29:20 2013] [info] Init: Seeding PRNG with 0 bytes of entropy
[Fri Jan 11 11:29:20 2013] [info] Init: Generating temporary RSA private keys (512/1024 bits)
[Fri Jan 11 11:29:20 2013] [info] Init: Generating temporary DH parameters (512/1024 bits)
[Fri Jan 11 11:29:20 2013] [error] (120002)APR does not understand this error code: Cannot create SSLSessionCache DBM file `/export/logs/ssl_gcache_data'
[Fri Jan 11 11:29:20 2013] [info] Init: Initializing (virtual) servers for SSL
[Fri Jan 11 11:29:20 2013] [info] mod_ssl/2.2.22 compiled against Server: Apache/2.2.22, Library: OpenSSL/1.0.1
[Fri Jan 11 11:31:18 2013] [info] Init: Seeding PRNG with 0 bytes of entropy
[Fri Jan 11 11:31:18 2013] [info] Init: Generating temporary RSA private keys (512/1024 bits)
[Fri Jan 11 11:31:18 2013] [info] Init: Generating temporary DH parameters (512/1024 bits)
[Fri Jan 11 11:31:18 2013] [error] (120002)APR does not understand this error code: Cannot create SSLSessionCache DBM file `/export/logs/ssl_gcache_data'
[Fri Jan 11 11:31:18 2013] [info] Init: Initializing (virtual) servers for SSL
[Fri Jan 11 11:31:18 2013] [info] mod_ssl/2.2.22 compiled against Server: Apache/2.2.22, Library: OpenSSL/1.0.1
[Fri Jan 11 11:31:30 2013] [info] Init: Seeding PRNG with 0 bytes of entropy
[Fri Jan 11 11:31:30 2013] [info] Init: Generating temporary RSA private keys (512/1024 bits)
[Fri Jan 11 11:31:30 2013] [info] Init: Generating temporary DH parameters (512/1024 bits)
[Fri Jan 11 11:31:30 2013] [error] (120002)APR does not understand this error code: Cannot create SSLSessionCache DBM file `/export/logs/ssl_gcache_data'
[Fri Jan 11 11:31:30 2013] [info] Init: Initializing (virtual) servers for SSL
[Fri Jan 11 11:31:30 2013] [info] mod_ssl/2.2.22 compiled against Server: Apache/2.2.22, Library: OpenSSL/1.0.1
[Fri Jan 11 11:31:58 2013] [info] Init: Seeding PRNG with 0 bytes of entropy
[Fri Jan 11 11:31:58 2013] [info] Init: Generating temporary RSA private keys (512/1024 bits)
[Fri Jan 11 11:31:58 2013] [info] Init: Generating temporary DH parameters (512/1024 bits)
[Fri Jan 11 11:31:58 2013] [error] (120002)APR does not understand this error code: Cannot create SSLSessionCache DBM file `/export/logs/ssl_gcache_data'
[Fri Jan 11 11:31:58 2013] [info] Init: Initializing (virtual) servers for SSL
[Fri Jan 11 11:31:58 2013] [info] mod_ssl/2.2.22 compiled against Server: Apache/2.2.22, Library: OpenSSL/1.0.1
[Fri Jan 11 11:34:24 2013] [info] Init: Seeding PRNG with 0 bytes of entropy
[Fri Jan 11 11:34:24 2013] [info] Init: Generating temporary RSA private keys (512/1024 bits)
[Fri Jan 11 11:34:24 2013] [info] Init: Generating temporary DH parameters (512/1024 bits)
[Fri Jan 11 11:34:24 2013] [error] (120002)APR does not understand this error code: Cannot create SSLSessionCache DBM file `/export/logs/ssl_gcache_data'
[Fri Jan 11 11:34:24 2013] [info] Init: Initializing (virtual) servers for SSL
[Fri Jan 11 11:34:24 2013] [info] mod_ssl/2.2.22 compiled against Server: Apache/2.2.22, Library: OpenSSL/1.0.1
[Fri Jan 11 11:35:09 2013] [info] Init: Seeding PRNG with 0 bytes of entropy
[Fri Jan 11 11:35:09 2013] [info] Init: Generating temporary RSA private keys (512/1024 bits)
[Fri Jan 11 11:35:09 2013] [info] Init: Generating temporary DH parameters (512/1024 bits)
[Fri Jan 11 11:35:09 2013] [error] (120002)APR does not understand this error code: Cannot create SSLSessionCache DBM file `/export/logs/ssl_gcache_data'
[Fri Jan 11 11:35:09 2013] [info] Init: Initializing (virtual) servers for SSL
[Fri Jan 11 11:35:09 2013] [info] mod_ssl/2.2.22 compiled against Server: Apache/2.2.22, Library: OpenSSL/1.0.1
[Fri Jan 11 11:36:04 2013] [info] Init: Seeding PRNG with 0 bytes of entropy
[Fri Jan 11 11:36:04 2013] [info] Init: Generating temporary RSA private keys (512/1024 bits)
[Fri Jan 11 11:36:04 2013] [info] Init: Generating temporary DH parameters (512/1024 bits)
[Fri Jan 11 11:36:04 2013] [error] (120002)APR does not understand this error code: Cannot create SSLSessionCache DBM file `/export/logs/ssl_gcache_data'
[Fri Jan 11 11:36:04 2013] [info] Init: Initializing (virtual) servers for SSL
[Fri Jan 11 11:36:04 2013] [info] mod_ssl/2.2.22 compiled against Server: Apache/2.2.22, Library: OpenSSL/1.0.1
[Fri Jan 11 11:36:14 2013] [info] Init: Seeding PRNG with 0 bytes of entropy
[Fri Jan 11 11:36:14 2013] [info] Init: Generating temporary RSA private keys (512/1024 bits)
[Fri Jan 11 11:36:14 2013] [info] Init: Generating temporary DH parameters (512/1024 bits)
[Fri Jan 11 11:36:14 2013] [error] (120002)APR does not understand this error code: Cannot create SSLSessionCache DBM file `/export/logs/ssl_gcache_data'
[Fri Jan 11 11:36:14 2013] [info] Init: Initializing (virtual) servers for SSL
[Fri Jan 11 11:36:14 2013] [info] mod_ssl/2.2.22 compiled against Server: Apache/2.2.22, Library: OpenSSL/1.0.1
[Fri Jan 11 11:37:30 2013] [info] Init: Seeding PRNG with 0 bytes of entropy
[Fri Jan 11 11:37:30 2013] [info] Init: Generating temporary RSA private keys (512/1024 bits)
[Fri Jan 11 11:37:30 2013] [info] Init: Generating temporary DH parameters (512/1024 bits)
[Fri Jan 11 11:37:30 2013] [error] (120002)APR does not understand this error code: Cannot create SSLSessionCache DBM file `/export/logs/ssl_gcache_data'
[Fri Jan 11 11:37:30 2013] [info] Init: Initializing (virtual) servers for SSL
[Fri Jan 11 11:37:30 2013] [info] mod_ssl/2.2.22 compiled against Server: Apache/2.2.22, Library: OpenSSL/1.0.1
[Fri Jan 11 11:37:40 2013] [info] Init: Seeding PRNG with 0 bytes of entropy
[Fri Jan 11 11:37:40 2013] [info] Init: Generating temporary RSA private keys (512/1024 bits)
[Fri Jan 11 11:37:40 2013] [info] Init: Generating temporary DH parameters (512/1024 bits)
[Fri Jan 11 11:37:40 2013] [error] (120002)APR does not understand this error code: Cannot create SSLSessionCache DBM file `/export/logs/ssl_gcache_data'
[Fri Jan 11 11:37:40 2013] [info] Init: Initializing (virtual) servers for SSL
[Fri Jan 11 11:37:40 2013] [info] mod_ssl/2.2.22 compiled against Server: Apache/2.2.22, Library: OpenSSL/1.0.1
[Fri Jan 11 11:42:15 2013] [info] Init: Seeding PRNG with 0 bytes of entropy
[Fri Jan 11 11:42:15 2013] [info] Init: Generating temporary RSA private keys (512/1024 bits)
[Fri Jan 11 11:42:15 2013] [info] Init: Generating temporary DH parameters (512/1024 bits)
[Fri Jan 11 11:42:15 2013] [error] (120002)APR does not understand this error code: Cannot create SSLSessionCache DBM file `/export/logs/ssl_gcache_data'
[Fri Jan 11 11:42:15 2013] [info] Init: Initializing (virtual) servers for SSL
[Fri Jan 11 11:42:15 2013] [info] mod_ssl/2.2.22 compiled against Server: Apache/2.2.22, Library: OpenSSL/1.0.1
[Fri Jan 11 11:44:01 2013] [info] Init: Seeding PRNG with 0 bytes of entropy
[Fri Jan 11 11:44:01 2013] [info] Init: Generating temporary RSA private keys (512/1024 bits)
[Fri Jan 11 11:44:01 2013] [info] Init: Generating temporary DH parameters (512/1024 bits)
[Fri Jan 11 11:44:01 2013] [error] (120002)APR does not understand this error code: Cannot create SSLSessionCache DBM file `/export/logs/ssl_gcache_data'
[Fri Jan 11 11:44:01 2013] [info] Init: Initializing (virtual) servers for SSL
[Fri Jan 11 11:44:01 2013] [info] mod_ssl/2.2.22 compiled against Server: Apache/2.2.22, Library: OpenSSL/1.0.1
[Fri Jan 11 11:44:55 2013] [info] Init: Seeding PRNG with 0 bytes of entropy
[Fri Jan 11 11:44:55 2013] [info] Init: Generating temporary RSA private keys (512/1024 bits)
[Fri Jan 11 11:44:55 2013] [info] Init: Generating temporary DH parameters (512/1024 bits)
[Fri Jan 11 11:44:55 2013] [error] (120002)APR does not understand this error code: Cannot create SSLSessionCache DBM file `/export/logs/ssl_gcache_data'
[Fri Jan 11 11:44:55 2013] [info] Init: Initializing (virtual) servers for SSL
[Fri Jan 11 11:44:55 2013] [info] mod_ssl/2.2.22 compiled against Server: Apache/2.2.22, Library: OpenSSL/1.0.1
[Fri Jan 11 11:46:06 2013] [info] Init: Seeding PRNG with 0 bytes of entropy
[Fri Jan 11 11:46:06 2013] [info] Init: Generating temporary RSA private keys (512/1024 bits)
[Fri Jan 11 11:46:06 2013] [info] Init: Generating temporary DH parameters (512/1024 bits)
[Fri Jan 11 11:46:06 2013] [error] (120002)APR does not understand this error code: Cannot create SSLSessionCache DBM file `/export/logs/ssl_gcache_data'
[Fri Jan 11 11:46:06 2013] [info] Init: Initializing (virtual) servers for SSL
[Fri Jan 11 11:46:06 2013] [info] mod_ssl/2.2.22 compiled against Server: Apache/2.2.22, Library: OpenSSL/1.0.1
[Fri Jan 11 11:46:21 2013] [info] Init: Seeding PRNG with 0 bytes of entropy
[Fri Jan 11 11:46:21 2013] [info] Init: Generating temporary RSA private keys (512/1024 bits)
[Fri Jan 11 11:46:21 2013] [info] Init: Generating temporary DH parameters (512/1024 bits)
[Fri Jan 11 11:46:21 2013] [error] (120002)APR does not understand this error code: Cannot create SSLSessionCache DBM file `/export/logs/ssl_gcache_data'
[Fri Jan 11 11:46:21 2013] [info] Init: Initializing (virtual) servers for SSL
[Fri Jan 11 11:46:21 2013] [info] mod_ssl/2.2.22 compiled against Server: Apache/2.2.22, Library: OpenSSL/1.0.1
[Fri Jan 11 12:00:09 2013] [info] Init: Seeding PRNG with 0 bytes of entropy
[Fri Jan 11 12:00:09 2013] [info] Init: Generating temporary RSA private keys (512/1024 bits)
[Fri Jan 11 12:00:09 2013] [info] Init: Generating temporary DH parameters (512/1024 bits)
[Fri Jan 11 12:00:09 2013] [error] (120002)APR does not understand this error code: Cannot create SSLSessionCache DBM file `/export/logs/ssl_gcache_data'
[Fri Jan 11 12:00:09 2013] [info] Init: Initializing (virtual) servers for SSL
[Fri Jan 11 12:00:09 2013] [info] mod_ssl/2.2.22 compiled against Server: Apache/2.2.22, Library: OpenSSL/1.0.1
[Fri Jan 11 13:01:42 2013] [info] Init: Seeding PRNG with 0 bytes of entropy
[Fri Jan 11 13:01:42 2013] [info] Init: Generating temporary RSA private keys (512/1024 bits)
[Fri Jan 11 13:01:42 2013] [info] Init: Generating temporary DH parameters (512/1024 bits)
[Fri Jan 11 13:01:42 2013] [error] (120002)APR does not understand this error code: Cannot create SSLSessionCache DBM file `/export/logs/ssl_gcache_data'
[Fri Jan 11 13:01:42 2013] [info] Init: Initializing (virtual) servers for SSL
[Fri Jan 11 13:01:42 2013] [info] mod_ssl/2.2.22 compiled against Server: Apache/2.2.22, Library: OpenSSL/1.0.1
[Fri Jan 11 13:02:47 2013] [info] Init: Seeding PRNG with 0 bytes of entropy
[Fri Jan 11 13:02:47 2013] [info] Init: Generating temporary RSA private keys (512/1024 bits)
[Fri Jan 11 13:02:47 2013] [info] Init: Generating temporary DH parameters (512/1024 bits)
[Fri Jan 11 13:02:47 2013] [error] (120002)APR does not understand this error code: Cannot create SSLSessionCache DBM file `/export/logs/ssl_gcache_data'
[Fri Jan 11 13:02:47 2013] [info] Init: Initializing (virtual) servers for SSL
[Fri Jan 11 13:02:47 2013] [info] mod_ssl/2.2.22 compiled against Server: Apache/2.2.22, Library: OpenSSL/1.0.1
