- - - [20/Feb/2012:10:19:19 +0000] "\x16\x03" 503 323 "-"
- - - [20/Feb/2012:10:19:19 +0000] "\x16\x03" 503 323 "-"
- - - [20/Feb/2012:10:19:48 +0000] "\x16\x03" 503 323 "-"
- - - [20/Feb/2012:10:19:48 +0000] "\x16\x03" 503 323 "-"
- - - [20/Feb/2012:10:19:57 +0000] "\x16\x03" 503 323 "-"
- - - [20/Feb/2012:10:19:57 +0000] "\x16\x03" 503 323 "-"
- - - [20/Feb/2012:10:20:40 +0000] "GET / HTTP/1.1" 200 52 "-"
- - - [20/Feb/2012:10:20:40 +0000] "GET /images/Screenshot.png HTTP/1.1" 304 - "http://balance-test.com/"
- - - [20/Feb/2012:10:20:40 +0000] "GET /favicon.ico HTTP/1.1" 404 209 "-"
- - - [20/Feb/2012:10:20:50 +0000] "GET / HTTP/1.1" 200 52 "-"
- - - [20/Feb/2012:10:20:50 +0000] "GET /images/Screenshot.png HTTP/1.1" 304 - "http://balance-test.com/"
- - - [20/Feb/2012:10:20:50 +0000] "GET /favicon.ico HTTP/1.1" 404 209 "-"
- - - [20/Feb/2012:10:21:04 +0000] "GET / HTTP/1.1" 200 52 "-"
- - - [20/Feb/2012:10:21:04 +0000] "GET /images/Screenshot.png HTTP/1.1" 304 - "http://balance-test.com/"
- - - [20/Feb/2012:10:21:04 +0000] "GET /favicon.ico HTTP/1.1" 404 209 "-"
- - - [20/Feb/2012:10:21:14 +0000] "\x16\x03" 503 323 "-"
- - - [20/Feb/2012:10:21:14 +0000] "\x16\x03" 503 323 "-"
- - - [20/Feb/2012:10:21:14 +0000] "\x16\x03" 503 323 "-"
- - - [20/Feb/2012:10:24:05 +0000] "\x16\x03" 503 323 "-"
- - - [20/Feb/2012:10:24:05 +0000] "\x16\x03" 503 323 "-"
- - - [20/Feb/2012:10:24:12 +0000] "\x16\x03" 503 323 "-"
- - - [20/Feb/2012:10:24:12 +0000] "\x16\x03" 503 323 "-"
- - - [20/Feb/2012:10:24:36 +0000] "\x16\x03" 503 323 "-"
- - - [20/Feb/2012:10:24:36 +0000] "\x16\x03" 503 323 "-"
- - - [20/Feb/2012:10:25:19 +0000] "\x16\x03" 503 323 "-"
- - - [20/Feb/2012:10:25:19 +0000] "\x16\x03" 503 323 "-"
- - - [20/Feb/2012:10:25:37 +0000] "GET / HTTP/1.1" 200 52 "-"
- - - [20/Feb/2012:10:25:37 +0000] "GET /images/Screenshot.png HTTP/1.1" 304 - "http://balance-test.com/"
- - - [20/Feb/2012:10:25:37 +0000] "GET /favicon.ico HTTP/1.1" 404 209 "-"
- - - [20/Feb/2012:10:25:55 +0000] "GET / HTTP/1.1" 200 53 "-"
- - - [20/Feb/2012:10:25:55 +0000] "GET /images/Screenshot.png HTTP/1.1" 200 913884 "http://balance-test.com/"
- - - [20/Feb/2012:10:30:25 +0000] "\x16\x03\x01" 200 52 "-"
- - - [20/Feb/2012:10:30:25 +0000] "\x16\x03" 200 53 "-"
- - - [20/Feb/2012:10:30:50 +0000] "\x16\x03" 200 54 "-"
- - - [20/Feb/2012:10:30:50 +0000] "\x16\x03" 200 54 "-"
- - - [20/Feb/2012:10:30:50 +0000] "\x16\x03" 200 24687 "-"
- - - [20/Feb/2012:10:31:34 +0000] "\x16\x03" 200 52 "-"
- - - [20/Feb/2012:10:31:34 +0000] "\x16\x03" 200 53 "-"
- - - [20/Feb/2012:10:32:27 +0000] "GET / HTTP/1.1" 200 52 "-"
- - - [20/Feb/2012:10:32:27 +0000] "GET /images/Screenshot.png HTTP/1.1" 304 - "http://balance-test.com/"
- - - [20/Feb/2012:10:32:27 +0000] "GET /favicon.ico HTTP/1.1" 404 209 "-"
- - - [20/Feb/2012:10:32:30 +0000] "GET / HTTP/1.1" 200 52 "-"
- - - [20/Feb/2012:10:32:30 +0000] "GET /images/Screenshot.png HTTP/1.1" 304 - "http://balance-test.com/"
- - - [20/Feb/2012:10:32:30 +0000] "GET /favicon.ico HTTP/1.1" 404 209 "-"
- - - [20/Feb/2012:10:32:31 +0000] "GET / HTTP/1.1" 200 52 "-"
- - - [20/Feb/2012:10:32:31 +0000] "GET /images/Screenshot.png HTTP/1.1" 304 - "http://balance-test.com/"
- - - [20/Feb/2012:10:32:31 +0000] "GET /favicon.ico HTTP/1.1" 404 209 "-"
- - - [20/Feb/2012:10:32:31 +0000] "GET / HTTP/1.1" 200 52 "-"
- - - [20/Feb/2012:10:32:31 +0000] "GET /images/Screenshot.png HTTP/1.1" 304 - "http://balance-test.com/"
- - - [20/Feb/2012:10:32:31 +0000] "GET /favicon.ico HTTP/1.1" 404 209 "-"
- - - [20/Feb/2012:10:32:31 +0000] "GET / HTTP/1.1" 200 52 "-"
- - - [20/Feb/2012:10:32:31 +0000] "GET /images/Screenshot.png HTTP/1.1" 304 - "http://balance-test.com/"
- - - [20/Feb/2012:10:32:31 +0000] "GET /favicon.ico HTTP/1.1" 404 209 "-"
- - - [20/Feb/2012:10:32:32 +0000] "GET / HTTP/1.1" 200 52 "-"
- - - [20/Feb/2012:10:32:32 +0000] "GET /images/Screenshot.png HTTP/1.1" 304 - "http://balance-test.com/"
- - - [20/Feb/2012:10:32:32 +0000] "GET /favicon.ico HTTP/1.1" 404 209 "-"
- - - [20/Feb/2012:10:32:32 +0000] "GET / HTTP/1.1" 200 52 "-"
- - - [20/Feb/2012:10:32:32 +0000] "GET /images/Screenshot.png HTTP/1.1" 304 - "http://balance-test.com/"
- - - [20/Feb/2012:10:32:32 +0000] "GET /favicon.ico HTTP/1.1" 404 209 "-"
- - - [20/Feb/2012:10:33:14 +0000] "GET / HTTP/1.1" 200 54 "-"
- - - [20/Feb/2012:10:33:14 +0000] "GET /images/Screenshot.png HTTP/1.1" 200 913884 "http://app1.balance-test.com:443/"
- - - [20/Feb/2012:10:33:14 +0000] "GET /favicon.ico HTTP/1.1" 404 209 "-"
- - - [20/Feb/2012:10:33:33 +0000] "GET / HTTP/1.1" 200 52 "-"
- - - [20/Feb/2012:10:33:33 +0000] "GET /favicon.ico HTTP/1.1" 404 209 "-"
- - - [20/Feb/2012:10:33:39 +0000] "GET / HTTP/1.1" 200 53 "-"
- - - [20/Feb/2012:10:33:39 +0000] "GET /images/Screenshot.png HTTP/1.1" 200 913884 "http://app1.balance-test.com/"
- - - [20/Feb/2012:10:33:39 +0000] "GET /favicon.ico HTTP/1.1" 404 209 "-"
- - - [20/Feb/2012:10:33:45 +0000] "GET / HTTP/1.1" 200 53 "-"
- - - [20/Feb/2012:10:33:46 +0000] "GET /favicon.ico HTTP/1.1" 404 209 "-"
- - - [20/Feb/2012:10:33:48 +0000] "GET / HTTP/1.1" 200 53 "-"
- - - [20/Feb/2012:10:33:48 +0000] "GET /favicon.ico HTTP/1.1" 404 209 "-"
- - - [20/Feb/2012:10:33:50 +0000] "GET / HTTP/1.1" 200 53 "-"
- - - [20/Feb/2012:10:33:50 +0000] "GET /images/Screenshot.png HTTP/1.1" 304 - "http://app1.balance-test.com/"
- - - [20/Feb/2012:10:33:50 +0000] "GET /favicon.ico HTTP/1.1" 404 209 "-"
- - - [20/Feb/2012:10:33:50 +0000] "GET / HTTP/1.1" 200 53 "-"
- - - [20/Feb/2012:10:33:50 +0000] "GET /images/Screenshot.png HTTP/1.1" 304 - "http://app1.balance-test.com/"
- - - [20/Feb/2012:10:33:50 +0000] "GET /favicon.ico HTTP/1.1" 404 209 "-"
- - - [20/Feb/2012:10:33:51 +0000] "GET / HTTP/1.1" 200 53 "-"
- - - [20/Feb/2012:10:33:51 +0000] "GET /images/Screenshot.png HTTP/1.1" 304 - "http://app1.balance-test.com/"
- - - [20/Feb/2012:10:33:51 +0000] "GET /favicon.ico HTTP/1.1" 404 209 "-"
- - - [20/Feb/2012:10:33:51 +0000] "GET / HTTP/1.1" 200 53 "-"
- - - [20/Feb/2012:10:33:52 +0000] "GET /favicon.ico HTTP/1.1" 404 209 "-"
- - - [20/Feb/2012:10:33:52 +0000] "GET / HTTP/1.1" 200 53 "-"
- - - [20/Feb/2012:10:33:52 +0000] "GET /images/Screenshot.png HTTP/1.1" 304 - "http://balance-test.com/"
- - - [20/Feb/2012:10:33:52 +0000] "GET /favicon.ico HTTP/1.1" 404 209 "-"
- - - [20/Feb/2012:10:33:53 +0000] "GET / HTTP/1.1" 200 53 "-"
- - - [20/Feb/2012:10:33:53 +0000] "GET /images/Screenshot.png HTTP/1.1" 304 - "http://balance-test.com/"
- - - [20/Feb/2012:10:33:53 +0000] "GET /favicon.ico HTTP/1.1" 404 209 "-"
- - - [20/Feb/2012:10:33:53 +0000] "GET / HTTP/1.1" 200 53 "-"
- - - [20/Feb/2012:10:33:53 +0000] "GET /images/Screenshot.png HTTP/1.1" 304 - "http://balance-test.com/"
- - - [20/Feb/2012:10:33:53 +0000] "GET /favicon.ico HTTP/1.1" 404 209 "-"
- - - [20/Feb/2012:10:33:53 +0000] "GET / HTTP/1.1" 200 53 "-"
- - - [20/Feb/2012:10:33:53 +0000] "GET /images/Screenshot.png HTTP/1.1" 304 - "http://balance-test.com/"
- - - [20/Feb/2012:10:33:53 +0000] "GET /favicon.ico HTTP/1.1" 404 209 "-"
- - - [20/Feb/2012:10:33:53 +0000] "GET / HTTP/1.1" 200 53 "-"
- - - [20/Feb/2012:10:33:53 +0000] "GET /images/Screenshot.png HTTP/1.1" 304 - "http://balance-test.com/"
- - - [20/Feb/2012:10:33:53 +0000] "GET /favicon.ico HTTP/1.1" 404 209 "-"
- - - [20/Feb/2012:10:34:12 +0000] "GET /favicon.ico HTTP/1.1" 404 209 "-"
- - - [20/Feb/2012:10:34:26 +0000] "GET / HTTP/1.1" 200 53 "-"
- - - [20/Feb/2012:10:34:27 +0000] "GET /favicon.ico HTTP/1.1" 404 209 "-"
- - - [20/Feb/2012:10:34:29 +0000] "GET / HTTP/1.1" 200 53 "-"
- - - [20/Feb/2012:10:34:29 +0000] "GET /images/Screenshot.png HTTP/1.1" 304 - "http://balance-test.com/"
- - - [20/Feb/2012:10:34:29 +0000] "GET /favicon.ico HTTP/1.1" 404 209 "-"
- - - [20/Feb/2012:10:34:29 +0000] "GET / HTTP/1.1" 200 53 "-"
- - - [20/Feb/2012:10:34:29 +0000] "GET /images/Screenshot.png HTTP/1.1" 304 - "http://balance-test.com/"
- - - [20/Feb/2012:10:34:29 +0000] "GET /favicon.ico HTTP/1.1" 404 209 "-"
- - - [20/Feb/2012:10:34:30 +0000] "GET / HTTP/1.1" 200 53 "-"
- - - [20/Feb/2012:10:34:30 +0000] "GET /images/Screenshot.png HTTP/1.1" 304 - "http://balance-test.com/"
- - - [20/Feb/2012:10:34:30 +0000] "GET /favicon.ico HTTP/1.1" 404 209 "-"
- - - [20/Feb/2012:10:34:46 +0000] "GET / HTTP/1.1" 200 54 "-"
- - - [20/Feb/2012:10:34:46 +0000] "GET /images/Screenshot.png HTTP/1.1" 200 913884 "http://balance-test.com/"
- - - [20/Feb/2012:10:34:47 +0000] "GET /favicon.ico HTTP/1.1" 404 209 "-"
- - - [20/Feb/2012:10:34:49 +0000] "GET / HTTP/1.1" 200 54 "-"
- - - [20/Feb/2012:10:34:49 +0000] "GET /images/Screenshot.png HTTP/1.1" 304 - "http://balance-test.com/"
- - - [20/Feb/2012:10:34:49 +0000] "GET /favicon.ico HTTP/1.1" 404 209 "-"
- - - [20/Feb/2012:10:34:49 +0000] "GET / HTTP/1.1" 200 54 "-"
- - - [20/Feb/2012:10:34:49 +0000] "GET /images/Screenshot.png HTTP/1.1" 304 - "http://balance-test.com/"
- - - [20/Feb/2012:10:34:49 +0000] "GET /favicon.ico HTTP/1.1" 404 209 "-"
- - - [20/Feb/2012:10:34:50 +0000] "GET / HTTP/1.1" 200 54 "-"
- - - [20/Feb/2012:10:34:50 +0000] "GET /images/Screenshot.png HTTP/1.1" 304 - "http://balance-test.com/"
- - - [20/Feb/2012:10:34:50 +0000] "GET /favicon.ico HTTP/1.1" 404 209 "-"
- - - [20/Feb/2012:10:34:50 +0000] "GET / HTTP/1.1" 200 54 "-"
- - - [20/Feb/2012:10:34:50 +0000] "GET /images/Screenshot.png HTTP/1.1" 304 - "http://balance-test.com/"
- - - [20/Feb/2012:10:34:50 +0000] "GET /favicon.ico HTTP/1.1" 404 209 "-"
- - - [20/Feb/2012:10:34:51 +0000] "GET / HTTP/1.1" 200 54 "-"
- - - [20/Feb/2012:10:34:51 +0000] "GET /images/Screenshot.png HTTP/1.1" 304 - "http://balance-test.com/"
- - - [20/Feb/2012:10:34:51 +0000] "GET /favicon.ico HTTP/1.1" 404 209 "-"
- - - [20/Feb/2012:10:34:51 +0000] "GET / HTTP/1.1" 200 54 "-"
- - - [20/Feb/2012:10:34:51 +0000] "GET /images/Screenshot.png HTTP/1.1" 304 - "http://balance-test.com/"
- - - [20/Feb/2012:10:34:51 +0000] "GET /favicon.ico HTTP/1.1" 404 209 "-"
- - - [20/Feb/2012:10:34:51 +0000] "GET / HTTP/1.1" 200 54 "-"
- - - [20/Feb/2012:10:34:51 +0000] "GET /images/Screenshot.png HTTP/1.1" 304 - "http://balance-test.com/"
- - - [20/Feb/2012:10:34:51 +0000] "GET /favicon.ico HTTP/1.1" 404 209 "-"
- - - [20/Feb/2012:10:35:07 +0000] "OPTIONS * HTTP/1.0" 200 - "-"
- - - [20/Feb/2012:10:35:24 +0000] "GET / HTTP/1.1" 200 54 "-"
- - - [20/Feb/2012:10:35:24 +0000] "GET /favicon.ico HTTP/1.1" 404 209 "-"
- - - [20/Feb/2012:10:35:39 +0000] "\x16\x03" 200 54 "-"
- - - [20/Feb/2012:10:35:39 +0000] "\x16\x03" 200 54 "-"
- - - [20/Feb/2012:10:35:39 +0000] "\x16\x03" 200 24687 "-"
- - - [20/Feb/2012:10:36:27 +0000] "OPTIONS * HTTP/1.0" 200 - "-"
- - - [20/Feb/2012:10:36:57 +0000] "\x16\x03" 200 52 "-"
- - - [20/Feb/2012:10:36:57 +0000] "\x16\x03" 200 53 "-"
- - - [20/Feb/2012:10:37:38 +0000] "GET / HTTP/1.1" 200 54 "-"
- - - [20/Feb/2012:10:37:38 +0000] "GET /favicon.ico HTTP/1.1" 404 209 "-"
- - - [20/Feb/2012:10:37:40 +0000] "\x16\x03" 200 54 "-"
- - - [20/Feb/2012:10:37:40 +0000] "\x16\x03" 200 54 "-"
- - - [20/Feb/2012:10:37:40 +0000] "\x16\x03" 200 24687 "-"
- - - [20/Feb/2012:10:37:41 +0000] "\x16\x03" 200 52 "-"
- - - [20/Feb/2012:10:37:41 +0000] "\x16\x03" 200 53 "-"
- - - [20/Feb/2012:10:38:28 +0000] "\x16\x03\x01" 200 54 "-"
- - - [20/Feb/2012:10:38:28 +0000] "\x16\x03" 200 54 "-"
- - - [20/Feb/2012:10:45:33 +0000] "\x16\x03" 502 378 "-"
- - - [20/Feb/2012:10:45:33 +0000] "\x16\x03" 502 378 "-"
- - - [20/Feb/2012:10:45:44 +0000] "\x16\x03" 502 378 "-"
- - - [20/Feb/2012:10:45:44 +0000] "\x16\x03" 502 378 "-"
- - - [20/Feb/2012:10:46:37 +0000] "\x16\x03" 502 378 "-"
- - - [20/Feb/2012:10:46:37 +0000] "\x16\x03" 502 378 "-"
- - - [20/Feb/2012:10:46:40 +0000] "\x16\x03" 502 378 "-"
- - - [20/Feb/2012:10:46:40 +0000] "\x16\x03" 502 378 "-"
- - - [20/Feb/2012:10:56:22 +0000] "\x16\x03" 502 378 "-"
- - - [20/Feb/2012:10:56:22 +0000] "\x16\x03" 502 378 "-"
- - - [20/Feb/2012:11:03:24 +0000] "GET / HTTP/1.1" 200 52 "-"
- - - [20/Feb/2012:11:03:25 +0000] "GET /images/Screenshot.png HTTP/1.1" 200 913884 "https://balance-test.com/"
- - - [20/Feb/2012:11:03:25 +0000] "GET /favicon.ico HTTP/1.1" 404 209 "-"
- - - [20/Feb/2012:11:03:29 +0000] "GET / HTTP/1.1" 200 54 "-"
- - - [20/Feb/2012:11:03:29 +0000] "GET /favicon.ico HTTP/1.1" 404 209 "-"
- - - [20/Feb/2012:11:03:32 +0000] "GET / HTTP/1.1" 200 52 "-"
- - - [20/Feb/2012:11:03:32 +0000] "GET /favicon.ico HTTP/1.1" 404 209 "-"
- - - [20/Feb/2012:11:03:34 +0000] "GET / HTTP/1.1" 200 54 "-"
- - - [20/Feb/2012:11:03:34 +0000] "GET /favicon.ico HTTP/1.1" 404 209 "-"
- - - [20/Feb/2012:11:03:35 +0000] "GET / HTTP/1.1" 200 68284 "-"
- - - [20/Feb/2012:11:03:35 +0000] "GET /index.php?=PHPE9568F34-D428-11d2-A769-00AA001ACF42 HTTP/1.1" 200 2524 "https://balance-test.com/"
- - - [20/Feb/2012:11:03:35 +0000] "GET /index.php?=SUHO8567F54-D428-14d2-A769-00DA302A5F18 HTTP/1.1" 200 2813 "https://balance-test.com/"
- - - [20/Feb/2012:11:03:35 +0000] "GET /index.php?=PHPE9568F35-D428-11d2-A769-00AA001ACF42 HTTP/1.1" 200 2146 "https://balance-test.com/"
- - - [20/Feb/2012:11:03:36 +0000] "GET /favicon.ico HTTP/1.1" 404 209 "-"
- - - [20/Feb/2012:11:03:36 +0000] "GET / HTTP/1.1" 200 68283 "-"
- - - [20/Feb/2012:11:03:36 +0000] "GET /index.php?=PHPE9568F34-D428-11d2-A769-00AA001ACF42 HTTP/1.1" 200 2524 "https://balance-test.com/"
- - - [20/Feb/2012:11:03:36 +0000] "GET /index.php?=SUHO8567F54-D428-14d2-A769-00DA302A5F18 HTTP/1.1" 200 2813 "https://balance-test.com/"
- - - [20/Feb/2012:11:03:36 +0000] "GET /index.php?=PHPE9568F35-D428-11d2-A769-00AA001ACF42 HTTP/1.1" 200 2146 "https://balance-test.com/"
- - - [20/Feb/2012:11:03:36 +0000] "GET /favicon.ico HTTP/1.1" 404 209 "-"
- - - [20/Feb/2012:11:03:37 +0000] "GET / HTTP/1.1" 200 68283 "-"
- - - [20/Feb/2012:11:03:37 +0000] "GET /index.php?=PHPE9568F34-D428-11d2-A769-00AA001ACF42 HTTP/1.1" 200 2524 "https://balance-test.com/"
- - - [20/Feb/2012:11:03:37 +0000] "GET /index.php?=SUHO8567F54-D428-14d2-A769-00DA302A5F18 HTTP/1.1" 200 2813 "https://balance-test.com/"
- - - [20/Feb/2012:11:03:37 +0000] "GET /index.php?=PHPE9568F35-D428-11d2-A769-00AA001ACF42 HTTP/1.1" 200 2146 "https://balance-test.com/"
- - - [20/Feb/2012:11:03:37 +0000] "GET /favicon.ico HTTP/1.1" 404 209 "-"
- - - [20/Feb/2012:11:03:39 +0000] "GET / HTTP/1.1" 200 68283 "-"
- - - [20/Feb/2012:11:03:39 +0000] "GET /index.php?=PHPE9568F34-D428-11d2-A769-00AA001ACF42 HTTP/1.1" 200 2524 "https://balance-test.com/"
- - - [20/Feb/2012:11:03:39 +0000] "GET /index.php?=SUHO8567F54-D428-14d2-A769-00DA302A5F18 HTTP/1.1" 200 2813 "https://balance-test.com/"
- - - [20/Feb/2012:11:03:39 +0000] "GET /index.php?=PHPE9568F35-D428-11d2-A769-00AA001ACF42 HTTP/1.1" 200 2146 "https://balance-test.com/"
- - - [20/Feb/2012:11:03:39 +0000] "GET /favicon.ico HTTP/1.1" 404 209 "-"
- - - [20/Feb/2012:11:03:45 +0000] "GET / HTTP/1.1" 200 68284 "-"
- - - [20/Feb/2012:11:03:45 +0000] "GET /images/Screenshot.png HTTP/1.1" 304 - "https://balance-test.com/"
- - - [20/Feb/2012:11:03:45 +0000] "GET /index.php?=PHPE9568F34-D428-11d2-A769-00AA001ACF42 HTTP/1.1" 200 2524 "https://balance-test.com/"
- - - [20/Feb/2012:11:03:45 +0000] "GET /index.php?=SUHO8567F54-D428-14d2-A769-00DA302A5F18 HTTP/1.1" 200 2813 "https://balance-test.com/"
- - - [20/Feb/2012:11:03:45 +0000] "GET /index.php?=PHPE9568F35-D428-11d2-A769-00AA001ACF42 HTTP/1.1" 200 2146 "https://balance-test.com/"
- - - [20/Feb/2012:11:03:45 +0000] "GET /favicon.ico HTTP/1.1" 404 209 "-"
- - - [20/Feb/2012:11:03:46 +0000] "GET / HTTP/1.1" 200 52 "-"
- - - [20/Feb/2012:11:03:46 +0000] "GET /images/Screenshot.png HTTP/1.1" 304 - "https://balance-test.com/"
- - - [20/Feb/2012:11:03:46 +0000] "GET /favicon.ico HTTP/1.1" 404 209 "-"
- - - [20/Feb/2012:11:03:46 +0000] "GET / HTTP/1.1" 200 54 "-"
- - - [20/Feb/2012:11:03:46 +0000] "GET /images/Screenshot.png HTTP/1.1" 304 - "https://balance-test.com/"
- - - [20/Feb/2012:11:03:46 +0000] "GET /favicon.ico HTTP/1.1" 404 209 "-"
- - - [20/Feb/2012:11:03:47 +0000] "GET / HTTP/1.1" 200 53 "-"
- - - [20/Feb/2012:11:03:47 +0000] "GET /images/Screenshot.png HTTP/1.1" 304 - "https://balance-test.com/"
- - - [20/Feb/2012:11:03:47 +0000] "GET /favicon.ico HTTP/1.1" 404 209 "-"
- - - [20/Feb/2012:11:03:47 +0000] "GET / HTTP/1.1" 200 68283 "-"
- - - [20/Feb/2012:11:03:47 +0000] "GET /images/Screenshot.png HTTP/1.1" 304 - "https://balance-test.com/"
- - - [20/Feb/2012:11:03:47 +0000] "GET /index.php?=PHPE9568F34-D428-11d2-A769-00AA001ACF42 HTTP/1.1" 200 2524 "https://balance-test.com/"
- - - [20/Feb/2012:11:03:47 +0000] "GET /index.php?=SUHO8567F54-D428-14d2-A769-00DA302A5F18 HTTP/1.1" 200 2813 "https://balance-test.com/"
- - - [20/Feb/2012:11:03:47 +0000] "GET /index.php?=PHPE9568F35-D428-11d2-A769-00AA001ACF42 HTTP/1.1" 200 2146 "https://balance-test.com/"
- - - [20/Feb/2012:11:03:47 +0000] "GET /favicon.ico HTTP/1.1" 404 209 "-"
- - - [20/Feb/2012:11:03:48 +0000] "GET / HTTP/1.1" 200 52 "-"
- - - [20/Feb/2012:11:03:48 +0000] "GET /images/Screenshot.png HTTP/1.1" 304 - "https://balance-test.com/"
- - - [20/Feb/2012:11:03:48 +0000] "GET /favicon.ico HTTP/1.1" 404 209 "-"
- - - [20/Feb/2012:11:03:48 +0000] "GET / HTTP/1.1" 200 54 "-"
- - - [20/Feb/2012:11:03:49 +0000] "GET /images/Screenshot.png HTTP/1.1" 304 - "https://balance-test.com/"
- - - [20/Feb/2012:11:03:49 +0000] "GET /favicon.ico HTTP/1.1" 404 209 "-"
- - - [20/Feb/2012:11:03:49 +0000] "GET / HTTP/1.1" 200 53 "-"
- - - [20/Feb/2012:11:03:49 +0000] "GET /images/Screenshot.png HTTP/1.1" 304 - "https://balance-test.com/"
- - - [20/Feb/2012:11:03:49 +0000] "GET /favicon.ico HTTP/1.1" 404 209 "-"
- - - [20/Feb/2012:11:03:49 +0000] "GET / HTTP/1.1" 200 68283 "-"
- - - [20/Feb/2012:11:03:49 +0000] "GET /images/Screenshot.png HTTP/1.1" 304 - "https://balance-test.com/"
- - - [20/Feb/2012:11:03:49 +0000] "GET /index.php?=PHPE9568F34-D428-11d2-A769-00AA001ACF42 HTTP/1.1" 200 2524 "https://balance-test.com/"
- - - [20/Feb/2012:11:03:49 +0000] "GET /index.php?=SUHO8567F54-D428-14d2-A769-00DA302A5F18 HTTP/1.1" 200 2813 "https://balance-test.com/"
- - - [20/Feb/2012:11:03:49 +0000] "GET /index.php?=PHPE9568F35-D428-11d2-A769-00AA001ACF42 HTTP/1.1" 200 2146 "https://balance-test.com/"
- - - [20/Feb/2012:11:03:49 +0000] "GET /favicon.ico HTTP/1.1" 404 209 "-"
- - - [20/Feb/2012:11:03:50 +0000] "GET / HTTP/1.1" 200 52 "-"
- - - [20/Feb/2012:11:03:50 +0000] "GET /images/Screenshot.png HTTP/1.1" 304 - "https://balance-test.com/"
- - - [20/Feb/2012:11:03:50 +0000] "GET /favicon.ico HTTP/1.1" 404 209 "-"
- - - [20/Feb/2012:11:03:50 +0000] "GET / HTTP/1.1" 200 54 "-"
- - - [20/Feb/2012:11:03:50 +0000] "GET /images/Screenshot.png HTTP/1.1" 304 - "https://balance-test.com/"
- - - [20/Feb/2012:11:03:50 +0000] "GET /favicon.ico HTTP/1.1" 404 209 "-"
- - - [20/Feb/2012:11:04:46 +0000] "GET / HTTP/1.1" 200 52 "-"
- - - [20/Feb/2012:11:04:46 +0000] "GET /images/Screenshot.png HTTP/1.1" 304 - "http://balance-test.com/"
- - - [20/Feb/2012:11:04:46 +0000] "GET /favicon.ico HTTP/1.1" 404 209 "-"
- - - [20/Feb/2012:11:04:48 +0000] "GET / HTTP/1.1" 200 52 "-"
- - - [20/Feb/2012:11:04:48 +0000] "GET /images/Screenshot.png HTTP/1.1" 304 - "http://balance-test.com/"
- - - [20/Feb/2012:11:04:49 +0000] "GET /favicon.ico HTTP/1.1" 404 209 "-"
- - - [20/Feb/2012:11:04:49 +0000] "GET / HTTP/1.1" 200 52 "-"
- - - [20/Feb/2012:11:04:49 +0000] "GET /images/Screenshot.png HTTP/1.1" 304 - "http://balance-test.com/"
- - - [20/Feb/2012:11:04:49 +0000] "GET /favicon.ico HTTP/1.1" 404 209 "-"
- - - [20/Feb/2012:11:04:49 +0000] "GET / HTTP/1.1" 200 52 "-"
- - - [20/Feb/2012:11:04:49 +0000] "GET /images/Screenshot.png HTTP/1.1" 304 - "http://balance-test.com/"
- - - [20/Feb/2012:11:04:49 +0000] "GET /favicon.ico HTTP/1.1" 404 209 "-"
- - - [20/Feb/2012:11:04:50 +0000] "GET / HTTP/1.1" 200 52 "-"
- - - [20/Feb/2012:11:04:50 +0000] "GET /images/Screenshot.png HTTP/1.1" 304 - "http://balance-test.com/"
- - - [20/Feb/2012:11:04:50 +0000] "GET /favicon.ico HTTP/1.1" 404 209 "-"
- - - [20/Feb/2012:11:04:50 +0000] "GET / HTTP/1.1" 200 52 "-"
- - - [20/Feb/2012:11:04:50 +0000] "GET /images/Screenshot.png HTTP/1.1" 304 - "http://balance-test.com/"
- - - [20/Feb/2012:11:04:50 +0000] "GET /favicon.ico HTTP/1.1" 404 209 "-"
- - - [20/Feb/2012:11:04:50 +0000] "GET / HTTP/1.1" 200 52 "-"
- - - [20/Feb/2012:11:04:50 +0000] "GET /images/Screenshot.png HTTP/1.1" 304 - "http://balance-test.com/"
- - - [20/Feb/2012:11:04:51 +0000] "GET /favicon.ico HTTP/1.1" 404 209 "-"
- - - [20/Feb/2012:11:04:51 +0000] "GET / HTTP/1.1" 200 52 "-"
- - - [20/Feb/2012:11:04:51 +0000] "GET /images/Screenshot.png HTTP/1.1" 304 - "http://balance-test.com/"
- - - [20/Feb/2012:11:04:51 +0000] "GET /favicon.ico HTTP/1.1" 404 209 "-"
- - - [20/Feb/2012:11:04:51 +0000] "GET / HTTP/1.1" 200 52 "-"
- - - [20/Feb/2012:11:04:51 +0000] "GET /images/Screenshot.png HTTP/1.1" 304 - "http://balance-test.com/"
- - - [20/Feb/2012:11:04:51 +0000] "GET /favicon.ico HTTP/1.1" 404 209 "-"
- - - [20/Feb/2012:11:04:51 +0000] "GET / HTTP/1.1" 200 52 "-"
- - - [20/Feb/2012:11:04:51 +0000] "GET /images/Screenshot.png HTTP/1.1" 304 - "http://balance-test.com/"
- - - [20/Feb/2012:11:04:51 +0000] "GET /favicon.ico HTTP/1.1" 404 209 "-"
- - - [20/Feb/2012:11:04:55 +0000] "GET / HTTP/1.1" 200 53 "-"
- - - [20/Feb/2012:11:04:56 +0000] "GET /images/Screenshot.png HTTP/1.1" 200 913884 "https://balance-test.com/"
- - - [20/Feb/2012:11:04:56 +0000] "GET /favicon.ico HTTP/1.1" 404 209 "-"
- - - [20/Feb/2012:11:04:59 +0000] "GET / HTTP/1.1" 200 68284 "-"
- - - [20/Feb/2012:11:04:59 +0000] "GET /index.php?=PHPE9568F34-D428-11d2-A769-00AA001ACF42 HTTP/1.1" 200 2524 "https://balance-test.com/"
- - - [20/Feb/2012:11:04:59 +0000] "GET /index.php?=PHPE9568F35-D428-11d2-A769-00AA001ACF42 HTTP/1.1" 200 2146 "https://balance-test.com/"
- - - [20/Feb/2012:11:04:59 +0000] "GET /index.php?=SUHO8567F54-D428-14d2-A769-00DA302A5F18 HTTP/1.1" 200 2813 "https://balance-test.com/"
- - - [20/Feb/2012:11:04:59 +0000] "GET /favicon.ico HTTP/1.1" 404 209 "-"
- - - [20/Feb/2012:11:05:04 +0000] "GET / HTTP/1.1" 200 68283 "-"
- - - [20/Feb/2012:11:05:04 +0000] "GET /index.php?=PHPE9568F34-D428-11d2-A769-00AA001ACF42 HTTP/1.1" 200 2524 "https://balance-test.com/"
- - - [20/Feb/2012:11:05:04 +0000] "GET /index.php?=SUHO8567F54-D428-14d2-A769-00DA302A5F18 HTTP/1.1" 200 2813 "https://balance-test.com/"
- - - [20/Feb/2012:11:05:04 +0000] "GET /index.php?=PHPE9568F35-D428-11d2-A769-00AA001ACF42 HTTP/1.1" 200 2146 "https://balance-test.com/"
- - - [20/Feb/2012:11:05:04 +0000] "GET /favicon.ico HTTP/1.1" 404 209 "-"
- - - [20/Feb/2012:11:05:05 +0000] "GET / HTTP/1.1" 200 68283 "-"
- - - [20/Feb/2012:11:05:05 +0000] "GET /images/Screenshot.png HTTP/1.1" 304 - "https://balance-test.com/"
- - - [20/Feb/2012:11:05:05 +0000] "GET /index.php?=PHPE9568F34-D428-11d2-A769-00AA001ACF42 HTTP/1.1" 200 2524 "https://balance-test.com/"
- - - [20/Feb/2012:11:05:05 +0000] "GET /index.php?=SUHO8567F54-D428-14d2-A769-00DA302A5F18 HTTP/1.1" 200 2813 "https://balance-test.com/"
- - - [20/Feb/2012:11:05:05 +0000] "GET /index.php?=PHPE9568F35-D428-11d2-A769-00AA001ACF42 HTTP/1.1" 200 2146 "https://balance-test.com/"
- - - [20/Feb/2012:11:05:05 +0000] "GET /favicon.ico HTTP/1.1" 404 209 "-"
- - - [20/Feb/2012:11:05:06 +0000] "GET / HTTP/1.1" 200 52 "-"
- - - [20/Feb/2012:11:05:06 +0000] "GET /images/Screenshot.png HTTP/1.1" 304 - "https://balance-test.com/"
- - - [20/Feb/2012:11:05:06 +0000] "GET /favicon.ico HTTP/1.1" 404 209 "-"
- - - [20/Feb/2012:11:05:07 +0000] "GET / HTTP/1.1" 200 54 "-"
- - - [20/Feb/2012:11:05:07 +0000] "GET /images/Screenshot.png HTTP/1.1" 304 - "https://balance-test.com/"
- - - [20/Feb/2012:11:05:07 +0000] "GET /favicon.ico HTTP/1.1" 404 209 "-"
- - - [20/Feb/2012:11:05:10 +0000] "GET / HTTP/1.1" 200 53 "-"
- - - [20/Feb/2012:11:05:10 +0000] "GET /images/Screenshot.png HTTP/1.1" 304 - "https://balance-test.com/"
- - - [20/Feb/2012:11:05:10 +0000] "GET /favicon.ico HTTP/1.1" 404 209 "-"
- - - [20/Feb/2012:11:08:29 +0000] "GET / HTTP/1.1" 200 52 "-"
- - - [20/Feb/2012:11:08:30 +0000] "GET /favicon.ico HTTP/1.1" 404 209 "-"
- - - [20/Feb/2012:11:08:32 +0000] "GET / HTTP/1.1" 200 54 "-"
- - - [20/Feb/2012:11:08:32 +0000] "GET /favicon.ico HTTP/1.1" 404 209 "-"
- - - [20/Feb/2012:11:08:33 +0000] "GET / HTTP/1.1" 200 68445 "-"
- - - [20/Feb/2012:11:08:33 +0000] "GET /images/Screenshot.png HTTP/1.1" 304 - "https://balance-test.com/"
- - - [20/Feb/2012:11:08:33 +0000] "GET /index.php?=PHPE9568F34-D428-11d2-A769-00AA001ACF42 HTTP/1.1" 200 2524 "https://balance-test.com/"
- - - [20/Feb/2012:11:08:33 +0000] "GET /index.php?=PHPE9568F35-D428-11d2-A769-00AA001ACF42 HTTP/1.1" 200 2146 "https://balance-test.com/"
- - - [20/Feb/2012:11:08:33 +0000] "GET /index.php?=SUHO8567F54-D428-14d2-A769-00DA302A5F18 HTTP/1.1" 200 2813 "https://balance-test.com/"
- - - [20/Feb/2012:11:08:33 +0000] "GET /favicon.ico HTTP/1.1" 404 209 "-"
- - - [20/Feb/2012:11:08:34 +0000] "GET / HTTP/1.1" 200 52 "-"
- - - [20/Feb/2012:11:08:34 +0000] "GET /images/Screenshot.png HTTP/1.1" 304 - "https://balance-test.com/"
- - - [20/Feb/2012:11:08:34 +0000] "GET /favicon.ico HTTP/1.1" 404 209 "-"
- - - [20/Feb/2012:11:08:35 +0000] "GET / HTTP/1.1" 200 54 "-"
- - - [20/Feb/2012:11:08:35 +0000] "GET /images/Screenshot.png HTTP/1.1" 304 - "https://balance-test.com/"
- - - [20/Feb/2012:11:08:35 +0000] "GET / HTTP/1.1" 200 53 "-"
- - - [20/Feb/2012:11:08:36 +0000] "GET / HTTP/1.1" 200 54 "-"
- - - [20/Feb/2012:11:08:35 +0000] "GET /favicon.ico HTTP/1.1" 404 209 "-"
- - - [20/Feb/2012:11:08:35 +0000] "GET /images/Screenshot.png HTTP/1.1" 304 - "https://balance-test.com/"
- - - [20/Feb/2012:11:08:36 +0000] "GET /favicon.ico HTTP/1.1" 404 209 "-"
- - - [20/Feb/2012:11:08:36 +0000] "GET /images/Screenshot.png HTTP/1.1" 200 913884 "https://balance-test.com/"
- - - [20/Feb/2012:11:08:36 +0000] "GET /favicon.ico HTTP/1.1" 404 209 "-"
- - - [20/Feb/2012:11:08:36 +0000] "GET / HTTP/1.1" 200 54 "-"
- - - [20/Feb/2012:11:08:36 +0000] "GET /images/Screenshot.png HTTP/1.1" 304 - "https://balance-test.com/"
- - - [20/Feb/2012:11:08:36 +0000] "GET /favicon.ico HTTP/1.1" 404 209 "-"
- - - [20/Feb/2012:11:08:37 +0000] "GET / HTTP/1.1" 200 52 "-"
- - - [20/Feb/2012:11:08:37 +0000] "GET /images/Screenshot.png HTTP/1.1" 304 - "https://balance-test.com/"
- - - [20/Feb/2012:11:08:37 +0000] "GET /favicon.ico HTTP/1.1" 404 209 "-"
- - - [20/Feb/2012:11:08:55 +0000] "GET / HTTP/1.1" 200 54 "-"
- - - [20/Feb/2012:11:08:55 +0000] "GET /images/Screenshot.png HTTP/1.1" 200 913884 "https://balance-test.com/"
- - - [20/Feb/2012:11:08:55 +0000] "GET /favicon.ico HTTP/1.1" 404 209 "-"
- - - [20/Feb/2012:11:08:55 +0000] "GET /favicon.ico HTTP/1.1" 404 209 "-"
- - - [20/Feb/2012:11:08:57 +0000] "GET / HTTP/1.1" 200 54 "-"
- - - [20/Feb/2012:11:08:57 +0000] "GET /images/Screenshot.png HTTP/1.1" 304 - "https://balance-test.com/"
- - - [20/Feb/2012:11:08:57 +0000] "GET / HTTP/1.1" 200 67930 "-"
- - - [20/Feb/2012:11:08:57 +0000] "GET /index.php?=PHPE9568F34-D428-11d2-A769-00AA001ACF42 HTTP/1.1" 200 2524 "https://balance-test.com/"
- - - [20/Feb/2012:11:08:57 +0000] "GET /index.php?=SUHO8567F54-D428-14d2-A769-00DA302A5F18 HTTP/1.1" 200 2813 "https://balance-test.com/"
- - - [20/Feb/2012:11:08:57 +0000] "GET /index.php?=PHPE9568F35-D428-11d2-A769-00AA001ACF42 HTTP/1.1" 200 2146 "https://balance-test.com/"
- - - [20/Feb/2012:11:08:57 +0000] "GET /images/Screenshot.png HTTP/1.1" 304 - "https://balance-test.com/"
- - - [20/Feb/2012:11:09:06 +0000] "GET / HTTP/1.1" 200 52 "-"
- - - [20/Feb/2012:11:09:06 +0000] "GET /images/Screenshot.png HTTP/1.1" 304 - "http://balance-test.com/"
- - - [20/Feb/2012:11:09:09 +0000] "GET / HTTP/1.1" 200 52 "-"
- - - [20/Feb/2012:11:09:09 +0000] "GET /images/Screenshot.png HTTP/1.1" 304 - "http://balance-test.com/"
- - - [20/Feb/2012:11:09:10 +0000] "GET / HTTP/1.1" 200 52 "-"
- - - [20/Feb/2012:11:09:10 +0000] "GET /images/Screenshot.png HTTP/1.1" 304 - "http://balance-test.com/"
- - - [20/Feb/2012:11:09:11 +0000] "GET / HTTP/1.1" 200 52 "-"
- - - [20/Feb/2012:11:09:11 +0000] "GET /images/Screenshot.png HTTP/1.1" 304 - "http://balance-test.com/"
- - - [20/Feb/2012:11:09:12 +0000] "GET / HTTP/1.1" 200 52 "-"
- - - [20/Feb/2012:11:09:12 +0000] "GET /images/Screenshot.png HTTP/1.1" 304 - "http://balance-test.com/"
- - - [20/Feb/2012:11:09:13 +0000] "GET / HTTP/1.1" 200 52 "-"
- - - [20/Feb/2012:11:09:13 +0000] "GET /images/Screenshot.png HTTP/1.1" 304 - "http://balance-test.com/"
- - - [20/Feb/2012:11:09:17 +0000] "GET / HTTP/1.1" 200 67536 "-"
- - - [20/Feb/2012:11:09:17 +0000] "GET /index.php?=PHPE9568F34-D428-11d2-A769-00AA001ACF42 HTTP/1.1" 200 2524 "https://balance-test.com/"
- - - [20/Feb/2012:11:09:17 +0000] "GET /index.php?=SUHO8567F54-D428-14d2-A769-00DA302A5F18 HTTP/1.1" 200 2813 "https://balance-test.com/"
- - - [20/Feb/2012:11:09:17 +0000] "GET /index.php?=PHPE9568F35-D428-11d2-A769-00AA001ACF42 HTTP/1.1" 200 2146 "https://balance-test.com/"
- - - [20/Feb/2012:11:09:21 +0000] "GET / HTTP/1.1" 200 54 "-"
- - - [20/Feb/2012:11:09:21 +0000] "GET /images/Screenshot.png HTTP/1.1" 304 - "https://balance-test.com/"
- - - [20/Feb/2012:11:09:21 +0000] "GET / HTTP/1.1" 200 52 "-"
- - - [20/Feb/2012:11:09:21 +0000] "GET /images/Screenshot.png HTTP/1.1" 304 - "https://balance-test.com/"
- - - [20/Feb/2012:11:09:25 +0000] "GET / HTTP/1.1" 200 54 "-"
- - - [20/Feb/2012:11:09:26 +0000] "GET / HTTP/1.1" 200 54 "-"
- - - [20/Feb/2012:11:09:27 +0000] "GET / HTTP/1.1" 200 67696 "-"
- - - [20/Feb/2012:11:09:27 +0000] "GET /index.php?=PHPE9568F34-D428-11d2-A769-00AA001ACF42 HTTP/1.1" 200 2524 "https://balance-test.com/"
- - - [20/Feb/2012:11:09:27 +0000] "GET /index.php?=PHPE9568F35-D428-11d2-A769-00AA001ACF42 HTTP/1.1" 200 2146 "https://balance-test.com/"
- - - [20/Feb/2012:11:09:27 +0000] "GET /index.php?=SUHO8567F54-D428-14d2-A769-00DA302A5F18 HTTP/1.1" 200 2813 "https://balance-test.com/"
- - - [20/Feb/2012:11:09:28 +0000] "GET / HTTP/1.1" 200 54 "-"
- - - [20/Feb/2012:11:09:29 +0000] "GET / HTTP/1.1" 200 67695 "-"
- - - [20/Feb/2012:11:09:29 +0000] "GET /index.php?=PHPE9568F34-D428-11d2-A769-00AA001ACF42 HTTP/1.1" 200 2524 "https://balance-test.com/"
- - - [20/Feb/2012:11:09:29 +0000] "GET /index.php?=SUHO8567F54-D428-14d2-A769-00DA302A5F18 HTTP/1.1" 200 2813 "https://balance-test.com/"
- - - [20/Feb/2012:11:09:29 +0000] "GET /index.php?=PHPE9568F35-D428-11d2-A769-00AA001ACF42 HTTP/1.1" 200 2146 "https://balance-test.com/"
- - - [20/Feb/2012:11:09:30 +0000] "GET / HTTP/1.1" 200 54 "-"
- - - [20/Feb/2012:11:09:31 +0000] "GET / HTTP/1.1" 200 67695 "-"
- - - [20/Feb/2012:11:09:31 +0000] "GET /index.php?=SUHO8567F54-D428-14d2-A769-00DA302A5F18 HTTP/1.1" 200 2813 "https://balance-test.com/"
- - - [20/Feb/2012:11:09:31 +0000] "GET /index.php?=PHPE9568F34-D428-11d2-A769-00AA001ACF42 HTTP/1.1" 200 2524 "https://balance-test.com/"
- - - [20/Feb/2012:11:09:31 +0000] "GET /index.php?=PHPE9568F35-D428-11d2-A769-00AA001ACF42 HTTP/1.1" 200 2146 "https://balance-test.com/"
- - - [20/Feb/2012:11:09:31 +0000] "GET / HTTP/1.1" 200 54 "-"
- - - [20/Feb/2012:11:12:08 +0000] "GET / HTTP/1.1" 200 52 "-"
- - - [20/Feb/2012:11:12:09 +0000] "GET /images/Screenshot.png HTTP/1.1" 200 913884 "http://balance-test.com/"
- - - [20/Feb/2012:11:12:09 +0000] "GET /favicon.ico HTTP/1.1" 404 209 "-"
- - - [20/Feb/2012:11:12:11 +0000] "GET / HTTP/1.1" 200 52 "-"
- - - [20/Feb/2012:11:12:11 +0000] "GET /favicon.ico HTTP/1.1" 404 209 "-"
- - - [20/Feb/2012:11:12:12 +0000] "GET / HTTP/1.1" 200 52 "-"
- - - [20/Feb/2012:11:12:12 +0000] "GET /images/Screenshot.png HTTP/1.1" 304 - "http://balance-test.com/"
- - - [20/Feb/2012:11:12:12 +0000] "GET /favicon.ico HTTP/1.1" 404 209 "-"
- - - [20/Feb/2012:11:12:12 +0000] "GET / HTTP/1.1" 200 52 "-"
- - - [20/Feb/2012:11:12:12 +0000] "GET /images/Screenshot.png HTTP/1.1" 304 - "http://balance-test.com/"
- - - [20/Feb/2012:11:12:12 +0000] "GET /favicon.ico HTTP/1.1" 404 209 "-"
- - - [20/Feb/2012:11:12:12 +0000] "GET / HTTP/1.1" 200 52 "-"
- - - [20/Feb/2012:11:12:12 +0000] "GET /images/Screenshot.png HTTP/1.1" 304 - "http://balance-test.com/"
- - - [20/Feb/2012:11:12:12 +0000] "GET /favicon.ico HTTP/1.1" 404 209 "-"
- - - [20/Feb/2012:11:12:12 +0000] "GET / HTTP/1.1" 200 52 "-"
- - - [20/Feb/2012:11:12:12 +0000] "GET /images/Screenshot.png HTTP/1.1" 304 - "http://balance-test.com/"
- - - [20/Feb/2012:11:12:12 +0000] "GET /favicon.ico HTTP/1.1" 404 209 "-"
- - - [20/Feb/2012:11:12:13 +0000] "GET / HTTP/1.1" 200 52 "-"
- - - [20/Feb/2012:11:12:13 +0000] "GET /images/Screenshot.png HTTP/1.1" 304 - "http://balance-test.com/"
- - - [20/Feb/2012:11:12:13 +0000] "GET /favicon.ico HTTP/1.1" 404 209 "-"
- - - [20/Feb/2012:11:12:13 +0000] "GET / HTTP/1.1" 200 52 "-"
- - - [20/Feb/2012:11:12:13 +0000] "GET /images/Screenshot.png HTTP/1.1" 304 - "http://balance-test.com/"
- - - [20/Feb/2012:11:12:13 +0000] "GET /favicon.ico HTTP/1.1" 404 209 "-"
- - - [20/Feb/2012:11:12:13 +0000] "GET / HTTP/1.1" 200 52 "-"
- - - [20/Feb/2012:11:12:13 +0000] "GET /images/Screenshot.png HTTP/1.1" 304 - "http://balance-test.com/"
- - - [20/Feb/2012:11:12:13 +0000] "GET /favicon.ico HTTP/1.1" 404 209 "-"
- - - [20/Feb/2012:11:12:13 +0000] "GET / HTTP/1.1" 200 52 "-"
- - - [20/Feb/2012:11:12:13 +0000] "GET /images/Screenshot.png HTTP/1.1" 304 - "http://balance-test.com/"
- - - [20/Feb/2012:11:12:13 +0000] "GET /favicon.ico HTTP/1.1" 404 209 "-"
- - - [20/Feb/2012:11:12:13 +0000] "GET / HTTP/1.1" 200 52 "-"
- - - [20/Feb/2012:11:12:13 +0000] "GET /images/Screenshot.png HTTP/1.1" 304 - "http://balance-test.com/"
- - - [20/Feb/2012:11:12:13 +0000] "GET /favicon.ico HTTP/1.1" 404 209 "-"
- - - [20/Feb/2012:11:12:13 +0000] "GET / HTTP/1.1" 200 52 "-"
- - - [20/Feb/2012:11:12:14 +0000] "GET /images/Screenshot.png HTTP/1.1" 304 - "http://balance-test.com/"
- - - [20/Feb/2012:11:12:14 +0000] "GET /favicon.ico HTTP/1.1" 404 209 "-"
- - - [20/Feb/2012:11:12:14 +0000] "GET / HTTP/1.1" 200 52 "-"
- - - [20/Feb/2012:11:12:14 +0000] "GET /images/Screenshot.png HTTP/1.1" 304 - "http://balance-test.com/"
- - - [20/Feb/2012:11:12:14 +0000] "GET /favicon.ico HTTP/1.1" 404 209 "-"
- - - [20/Feb/2012:11:12:14 +0000] "GET / HTTP/1.1" 200 52 "-"
- - - [20/Feb/2012:11:12:14 +0000] "GET /images/Screenshot.png HTTP/1.1" 304 - "http://balance-test.com/"
- - - [20/Feb/2012:11:12:14 +0000] "GET /favicon.ico HTTP/1.1" 404 209 "-"
- - - [20/Feb/2012:11:12:14 +0000] "GET / HTTP/1.1" 200 52 "-"
- - - [20/Feb/2012:11:12:14 +0000] "GET /images/Screenshot.png HTTP/1.1" 304 - "http://balance-test.com/"
- - - [20/Feb/2012:11:12:14 +0000] "GET /favicon.ico HTTP/1.1" 404 209 "-"
- - - [20/Feb/2012:11:12:14 +0000] "GET / HTTP/1.1" 200 52 "-"
- - - [20/Feb/2012:11:12:14 +0000] "GET /images/Screenshot.png HTTP/1.1" 304 - "http://balance-test.com/"
- - - [20/Feb/2012:11:12:14 +0000] "GET /favicon.ico HTTP/1.1" 404 209 "-"
- - - [20/Feb/2012:11:12:15 +0000] "GET / HTTP/1.1" 200 52 "-"
- - - [20/Feb/2012:11:12:15 +0000] "GET /images/Screenshot.png HTTP/1.1" 304 - "http://balance-test.com/"
- - - [20/Feb/2012:11:12:15 +0000] "GET /favicon.ico HTTP/1.1" 404 209 "-"
- - - [20/Feb/2012:11:12:15 +0000] "GET / HTTP/1.1" 200 52 "-"
- - - [20/Feb/2012:11:12:15 +0000] "GET /images/Screenshot.png HTTP/1.1" 304 - "http://balance-test.com/"
- - - [20/Feb/2012:11:12:15 +0000] "GET /favicon.ico HTTP/1.1" 404 209 "-"
- - - [20/Feb/2012:11:12:15 +0000] "GET / HTTP/1.1" 200 52 "-"
- - - [20/Feb/2012:11:12:15 +0000] "GET /images/Screenshot.png HTTP/1.1" 304 - "http://balance-test.com/"
- - - [20/Feb/2012:11:12:15 +0000] "GET /favicon.ico HTTP/1.1" 404 209 "-"
- - - [20/Feb/2012:11:12:36 +0000] "GET / HTTP/1.1" 200 52 "-"
- - - [20/Feb/2012:11:12:36 +0000] "GET /images/Screenshot.png HTTP/1.1" 200 913884 "https://balance-test.com/"
- - - [20/Feb/2012:11:12:36 +0000] "GET /favicon.ico HTTP/1.1" 404 209 "-"
- - - [20/Feb/2012:11:13:00 +0000] "GET / HTTP/1.1" 200 54 "-"
- - - [20/Feb/2012:11:13:00 +0000] "GET /favicon.ico HTTP/1.1" 404 209 "-"
- - - [20/Feb/2012:11:13:12 +0000] "GET / HTTP/1.1" 200 52 "-"
- - - [20/Feb/2012:11:13:12 +0000] "GET /images/Screenshot.png HTTP/1.1" 304 - "https://balance-test.com/"
- - - [20/Feb/2012:11:13:12 +0000] "GET /favicon.ico HTTP/1.1" 404 209 "-"
- - - [20/Feb/2012:11:13:13 +0000] "GET / HTTP/1.1" 200 54 "-"
- - - [20/Feb/2012:11:13:13 +0000] "GET /images/Screenshot.png HTTP/1.1" 304 - "https://balance-test.com/"
- - - [20/Feb/2012:11:13:13 +0000] "GET /favicon.ico HTTP/1.1" 404 209 "-"
- - - [20/Feb/2012:11:13:13 +0000] "GET / HTTP/1.1" 200 53 "-"
- - - [20/Feb/2012:11:13:14 +0000] "GET /images/Screenshot.png HTTP/1.1" 304 - "https://balance-test.com/"
- - - [20/Feb/2012:11:13:14 +0000] "GET /favicon.ico HTTP/1.1" 404 209 "-"
- - - [20/Feb/2012:11:13:14 +0000] "GET / HTTP/1.1" 200 68283 "-"
- - - [20/Feb/2012:11:13:14 +0000] "GET /images/Screenshot.png HTTP/1.1" 304 - "https://balance-test.com/"
- - - [20/Feb/2012:11:13:14 +0000] "GET /index.php?=PHPE9568F34-D428-11d2-A769-00AA001ACF42 HTTP/1.1" 200 2524 "https://balance-test.com/"
- - - [20/Feb/2012:11:13:14 +0000] "GET /index.php?=SUHO8567F54-D428-14d2-A769-00DA302A5F18 HTTP/1.1" 200 2813 "https://balance-test.com/"
- - - [20/Feb/2012:11:13:14 +0000] "GET /index.php?=PHPE9568F35-D428-11d2-A769-00AA001ACF42 HTTP/1.1" 200 2146 "https://balance-test.com/"
- - - [20/Feb/2012:11:13:15 +0000] "GET / HTTP/1.1" 200 52 "-"
- - - [20/Feb/2012:11:13:15 +0000] "GET /images/Screenshot.png HTTP/1.1" 304 - "https://balance-test.com/"
- - - [20/Feb/2012:11:13:14 +0000] "GET /favicon.ico HTTP/1.1" 404 209 "-"
- - - [20/Feb/2012:11:13:15 +0000] "GET /favicon.ico HTTP/1.1" 404 209 "-"
- - - [20/Feb/2012:11:13:28 +0000] "GET / HTTP/1.1" 200 54 "-"
- - - [20/Feb/2012:11:13:28 +0000] "GET /images/Screenshot.png HTTP/1.1" 304 - "https://balance-test.com/"
- - - [20/Feb/2012:11:13:28 +0000] "GET /favicon.ico HTTP/1.1" 404 209 "-"
- - - [20/Feb/2012:11:13:29 +0000] "GET / HTTP/1.1" 200 53 "-"
- - - [20/Feb/2012:11:13:29 +0000] "GET /images/Screenshot.png HTTP/1.1" 304 - "https://balance-test.com/"
- - - [20/Feb/2012:11:13:29 +0000] "GET /favicon.ico HTTP/1.1" 404 209 "-"
- - - [20/Feb/2012:11:13:29 +0000] "GET / HTTP/1.1" 200 68283 "-"
- - - [20/Feb/2012:11:13:29 +0000] "GET /images/Screenshot.png HTTP/1.1" 304 - "https://balance-test.com/"
- - - [20/Feb/2012:11:13:29 +0000] "GET /index.php?=PHPE9568F34-D428-11d2-A769-00AA001ACF42 HTTP/1.1" 200 2524 "https://balance-test.com/"
- - - [20/Feb/2012:11:13:29 +0000] "GET /index.php?=SUHO8567F54-D428-14d2-A769-00DA302A5F18 HTTP/1.1" 200 2813 "https://balance-test.com/"
- - - [20/Feb/2012:11:13:29 +0000] "GET /index.php?=PHPE9568F35-D428-11d2-A769-00AA001ACF42 HTTP/1.1" 200 2146 "https://balance-test.com/"
- - - [20/Feb/2012:11:13:29 +0000] "GET /favicon.ico HTTP/1.1" 404 209 "-"
- - - [20/Feb/2012:11:13:30 +0000] "GET / HTTP/1.1" 200 52 "-"
- - - [20/Feb/2012:11:13:30 +0000] "GET /images/Screenshot.png HTTP/1.1" 304 - "https://balance-test.com/"
- - - [20/Feb/2012:11:13:30 +0000] "GET /favicon.ico HTTP/1.1" 404 209 "-"
- - - [20/Feb/2012:11:15:06 +0000] "GET /balance-manager HTTP/1.1" 404 213 "-"
- - - [20/Feb/2012:11:15:06 +0000] "GET /favicon.ico HTTP/1.1" 404 209 "-"
- - - [20/Feb/2012:11:15:10 +0000] "GET /balance-manager HTTP/1.1" 404 213 "-"
- - - [20/Feb/2012:11:15:10 +0000] "GET /favicon.ico HTTP/1.1" 404 209 "-"
- - - [20/Feb/2012:11:15:22 +0000] "GET /balance-manager HTTP/1.1" 404 213 "-"
- - - [20/Feb/2012:11:15:22 +0000] "GET /favicon.ico HTTP/1.1" 404 209 "-"
- - - [20/Feb/2012:11:15:24 +0000] "GET /balancer-manager HTTP/1.1" 200 2086 "-"
- - - [20/Feb/2012:11:15:25 +0000] "GET /favicon.ico HTTP/1.1" 404 209 "-"
- - - [20/Feb/2012:11:16:08 +0000] "GET /balance-manager HTTP/1.1" 500 551 "-"
- - - [20/Feb/2012:11:16:08 +0000] "GET /favicon.ico HTTP/1.1" 500 551 "-"
- - - [20/Feb/2012:11:16:11 +0000] "GET / HTTP/1.1" 500 551 "-"
- - - [20/Feb/2012:11:16:11 +0000] "GET /favicon.ico HTTP/1.1" 500 551 "-"
- - - [20/Feb/2012:11:17:46 +0000] "GET / HTTP/1.1" 500 551 "-"
- - - [20/Feb/2012:11:17:46 +0000] "GET /favicon.ico HTTP/1.1" 500 551 "-"
- - - [20/Feb/2012:11:17:49 +0000] "GET / HTTP/1.1" 200 54 "-"
- - - [20/Feb/2012:11:17:49 +0000] "GET /favicon.ico HTTP/1.1" 404 209 "-"
- - - [20/Feb/2012:11:17:57 +0000] "GET / HTTP/1.1" 200 54 "-"
- - - [20/Feb/2012:11:17:57 +0000] "GET /images/Screenshot.png HTTP/1.1" 304 - "http://balance-test.com/"
- - - [20/Feb/2012:11:17:57 +0000] "GET /favicon.ico HTTP/1.1" 404 209 "-"
- - - [20/Feb/2012:11:17:58 +0000] "GET / HTTP/1.1" 200 54 "-"
- - - [20/Feb/2012:11:17:58 +0000] "GET /images/Screenshot.png HTTP/1.1" 304 - "http://balance-test.com/"
- - - [20/Feb/2012:11:17:58 +0000] "GET /favicon.ico HTTP/1.1" 404 209 "-"
- - - [20/Feb/2012:11:17:58 +0000] "GET / HTTP/1.1" 200 54 "-"
- - - [20/Feb/2012:11:17:58 +0000] "GET /images/Screenshot.png HTTP/1.1" 304 - "http://balance-test.com/"
- - - [20/Feb/2012:11:17:58 +0000] "GET /favicon.ico HTTP/1.1" 404 209 "-"
- - - [20/Feb/2012:11:17:58 +0000] "GET / HTTP/1.1" 200 54 "-"
- - - [20/Feb/2012:11:17:58 +0000] "GET /images/Screenshot.png HTTP/1.1" 304 - "http://balance-test.com/"
- - - [20/Feb/2012:11:17:58 +0000] "GET /favicon.ico HTTP/1.1" 404 209 "-"
- - - [20/Feb/2012:11:17:59 +0000] "GET / HTTP/1.1" 200 54 "-"
- - - [20/Feb/2012:11:17:59 +0000] "GET /images/Screenshot.png HTTP/1.1" 304 - "http://balance-test.com/"
- - - [20/Feb/2012:11:17:59 +0000] "GET /favicon.ico HTTP/1.1" 404 209 "-"
- - - [20/Feb/2012:11:17:59 +0000] "GET / HTTP/1.1" 200 54 "-"
- - - [20/Feb/2012:11:17:59 +0000] "GET /images/Screenshot.png HTTP/1.1" 304 - "http://balance-test.com/"
- - - [20/Feb/2012:11:17:59 +0000] "GET /favicon.ico HTTP/1.1" 404 209 "-"
- - - [20/Feb/2012:11:18:03 +0000] "GET / HTTP/1.1" 200 52 "-"
- - - [20/Feb/2012:11:18:03 +0000] "GET /images/Screenshot.png HTTP/1.1" 200 913884 "https://balance-test.com/"
- - - [20/Feb/2012:11:18:03 +0000] "GET /favicon.ico HTTP/1.1" 404 209 "-"
- - - [20/Feb/2012:11:18:05 +0000] "GET / HTTP/1.1" 200 54 "-"
- - - [20/Feb/2012:11:18:05 +0000] "GET /images/Screenshot.png HTTP/1.1" 304 - "https://balance-test.com/"
- - - [20/Feb/2012:11:18:05 +0000] "GET /favicon.ico HTTP/1.1" 404 209 "-"
- - - [20/Feb/2012:11:18:05 +0000] "GET / HTTP/1.1" 200 53 "-"
- - - [20/Feb/2012:11:18:05 +0000] "GET /images/Screenshot.png HTTP/1.1" 304 - "https://balance-test.com/"
- - - [20/Feb/2012:11:18:05 +0000] "GET /favicon.ico HTTP/1.1" 404 209 "-"
- - - [20/Feb/2012:11:18:06 +0000] "GET / HTTP/1.1" 200 68283 "-"
- - - [20/Feb/2012:11:18:06 +0000] "GET /images/Screenshot.png HTTP/1.1" 304 - "https://balance-test.com/"
- - - [20/Feb/2012:11:18:06 +0000] "GET /index.php?=PHPE9568F34-D428-11d2-A769-00AA001ACF42 HTTP/1.1" 200 2524 "https://balance-test.com/"
- - - [20/Feb/2012:11:18:06 +0000] "GET /index.php?=SUHO8567F54-D428-14d2-A769-00DA302A5F18 HTTP/1.1" 200 2813 "https://balance-test.com/"
- - - [20/Feb/2012:11:18:06 +0000] "GET /index.php?=PHPE9568F35-D428-11d2-A769-00AA001ACF42 HTTP/1.1" 200 2146 "https://balance-test.com/"
- - - [20/Feb/2012:11:18:06 +0000] "GET /favicon.ico HTTP/1.1" 404 209 "-"
- - - [20/Feb/2012:11:18:06 +0000] "GET / HTTP/1.1" 200 52 "-"
- - - [20/Feb/2012:11:18:06 +0000] "GET /images/Screenshot.png HTTP/1.1" 304 - "https://balance-test.com/"
- - - [20/Feb/2012:11:18:06 +0000] "GET /favicon.ico HTTP/1.1" 404 209 "-"
- - - [20/Feb/2012:11:18:07 +0000] "GET / HTTP/1.1" 200 54 "-"
- - - [20/Feb/2012:11:18:07 +0000] "GET /images/Screenshot.png HTTP/1.1" 304 - "https://balance-test.com/"
- - - [20/Feb/2012:11:18:07 +0000] "GET /favicon.ico HTTP/1.1" 404 209 "-"
- - - [20/Feb/2012:11:18:07 +0000] "GET / HTTP/1.1" 200 53 "-"
- - - [20/Feb/2012:11:18:07 +0000] "GET /images/Screenshot.png HTTP/1.1" 304 - "https://balance-test.com/"
- - - [20/Feb/2012:11:18:07 +0000] "GET /favicon.ico HTTP/1.1" 404 209 "-"
- - - [20/Feb/2012:11:18:08 +0000] "GET / HTTP/1.1" 200 68283 "-"
- - - [20/Feb/2012:11:18:08 +0000] "GET /index.php?=PHPE9568F34-D428-11d2-A769-00AA001ACF42 HTTP/1.1" 200 2524 "https://balance-test.com/"
- - - [20/Feb/2012:11:18:08 +0000] "GET /images/Screenshot.png HTTP/1.1" 304 - "https://balance-test.com/"
- - - [20/Feb/2012:11:18:08 +0000] "GET /index.php?=SUHO8567F54-D428-14d2-A769-00DA302A5F18 HTTP/1.1" 200 2813 "https://balance-test.com/"
- - - [20/Feb/2012:11:18:08 +0000] "GET /index.php?=PHPE9568F35-D428-11d2-A769-00AA001ACF42 HTTP/1.1" 200 2146 "https://balance-test.com/"
- - - [20/Feb/2012:11:18:08 +0000] "GET /favicon.ico HTTP/1.1" 404 209 "-"
- - - [20/Feb/2012:11:22:04 +0000] "GET / HTTP/1.1" 200 52 "-"
- - - [20/Feb/2012:11:22:04 +0000] "GET /favicon.ico HTTP/1.1" 404 209 "-"
- - - [20/Feb/2012:11:22:16 +0000] "GET / HTTP/1.1" 200 54 "-"
- - - [20/Feb/2012:11:22:16 +0000] "GET /favicon.ico HTTP/1.1" 404 209 "-"
- - - [20/Feb/2012:11:22:19 +0000] "GET / HTTP/1.1" 200 68284 "-"
- - - [20/Feb/2012:11:22:19 +0000] "GET /index.php?=PHPE9568F34-D428-11d2-A769-00AA001ACF42 HTTP/1.1" 200 2524 "https://balance-test.com/"
- - - [20/Feb/2012:11:22:19 +0000] "GET /index.php?=PHPE9568F35-D428-11d2-A769-00AA001ACF42 HTTP/1.1" 200 2146 "https://balance-test.com/"
- - - [20/Feb/2012:11:22:19 +0000] "GET /index.php?=SUHO8567F54-D428-14d2-A769-00DA302A5F18 HTTP/1.1" 200 2813 "https://balance-test.com/"
- - - [20/Feb/2012:11:22:19 +0000] "GET /favicon.ico HTTP/1.1" 404 209 "-"
- - - [20/Feb/2012:11:23:09 +0000] "GET /balancer-manager HTTP/1.1" 200 2086 "-"
- - - [20/Feb/2012:11:23:09 +0000] "GET /favicon.ico HTTP/1.1" 404 209 "-"
- - - [20/Feb/2012:11:23:19 +0000] "GET /balancer-manager HTTP/1.1" 200 2096 "-"
- - - [20/Feb/2012:11:23:19 +0000] "GET /favicon.ico HTTP/1.1" 500 551 "-"
- - - [20/Feb/2012:11:23:25 +0000] "GET /balancer-manager?b=cluster&w=https://app1.balance-test.com:4443&nonce=d1897456-4f47-4f1c-9611-175c7662a31c HTTP/1.1" 200 2957 "https://balance-test.com/balancer-manager"
- - - [20/Feb/2012:11:23:25 +0000] "GET /favicon.ico HTTP/1.1" 500 551 "-"
- - - [20/Feb/2012:11:23:31 +0000] "GET /balancer-manager?lf=1&ls=0&wr=app1&rr=&dw=Enable&w=https%3A%2F%2Fapp1.balance-test.com%3A4443&b=cluster&nonce=d1897456-4f47-4f1c-9611-175c7662a31c HTTP/1.1" 200 2967 "https://balance-test.com/balancer-manager?b=cluster&w=https://app1.balance-test.com:4443&nonce=d1897456-4f47-4f1c-9611-175c7662a31c"
- - - [20/Feb/2012:11:23:31 +0000] "GET /favicon.ico HTTP/1.1" 500 551 "-"
- - - [20/Feb/2012:11:23:32 +0000] "GET /balancer-manager?b=cluster&w=https://app2.balance-test.com:4443&nonce=d1897456-4f47-4f1c-9611-175c7662a31c HTTP/1.1" 200 2965 "https://balance-test.com/balancer-manager?lf=1&ls=0&wr=app1&rr=&dw=Enable&w=https%3A%2F%2Fapp1.balance-test.com%3A4443&b=cluster&nonce=d1897456-4f47-4f1c-9611-175c7662a31c"
- - - [20/Feb/2012:11:23:32 +0000] "GET /favicon.ico HTTP/1.1" 500 551 "-"
- - - [20/Feb/2012:11:23:36 +0000] "GET /balancer-manager?lf=1&ls=0&wr=app2&rr=&dw=Enable&w=https%3A%2F%2Fapp2.balance-test.com%3A4443&b=cluster&nonce=d1897456-4f47-4f1c-9611-175c7662a31c HTTP/1.1" 200 2975 "https://balance-test.com/balancer-manager?b=cluster&w=https://app2.balance-test.com:4443&nonce=d1897456-4f47-4f1c-9611-175c7662a31c"
- - - [20/Feb/2012:11:23:36 +0000] "GET /favicon.ico HTTP/1.1" 500 551 "-"
- - - [20/Feb/2012:11:23:38 +0000] "GET /balancer-manager?b=cluster&w=https://app3.balance-test.com:4443&nonce=d1897456-4f47-4f1c-9611-175c7662a31c HTTP/1.1" 200 2973 "https://balance-test.com/balancer-manager?lf=1&ls=0&wr=app2&rr=&dw=Enable&w=https%3A%2F%2Fapp2.balance-test.com%3A4443&b=cluster&nonce=d1897456-4f47-4f1c-9611-175c7662a31c"
- - - [20/Feb/2012:11:23:38 +0000] "GET /favicon.ico HTTP/1.1" 500 551 "-"
- - - [20/Feb/2012:11:23:43 +0000] "GET /balancer-manager?lf=1&ls=0&wr=app3&rr=&dw=Enable&w=https%3A%2F%2Fapp3.balance-test.com%3A4443&b=cluster&nonce=d1897456-4f47-4f1c-9611-175c7662a31c HTTP/1.1" 200 2973 "https://balance-test.com/balancer-manager?b=cluster&w=https://app3.balance-test.com:4443&nonce=d1897456-4f47-4f1c-9611-175c7662a31c"
- - - [20/Feb/2012:11:23:43 +0000] "GET /favicon.ico HTTP/1.1" 500 551 "-"
- - - [20/Feb/2012:11:23:45 +0000] "GET /balancer-manager?b=cluster&w=https://app4.balance-test.com:4443&nonce=d1897456-4f47-4f1c-9611-175c7662a31c HTTP/1.1" 200 2971 "https://balance-test.com/balancer-manager?lf=1&ls=0&wr=app3&rr=&dw=Enable&w=https%3A%2F%2Fapp3.balance-test.com%3A4443&b=cluster&nonce=d1897456-4f47-4f1c-9611-175c7662a31c"
- - - [20/Feb/2012:11:23:45 +0000] "GET /favicon.ico HTTP/1.1" 500 551 "-"
- - - [20/Feb/2012:11:23:48 +0000] "GET /balancer-manager?lf=1&ls=0&wr=app4&rr=&dw=Enable&w=https%3A%2F%2Fapp4.balance-test.com%3A4443&b=cluster&nonce=d1897456-4f47-4f1c-9611-175c7662a31c HTTP/1.1" 200 2981 "https://balance-test.com/balancer-manager?b=cluster&w=https://app4.balance-test.com:4443&nonce=d1897456-4f47-4f1c-9611-175c7662a31c"
- - - [20/Feb/2012:11:23:48 +0000] "GET /favicon.ico HTTP/1.1" 500 551 "-"
- - - [20/Feb/2012:11:23:50 +0000] "GET /balancer-manager?b=cluster&w=https://app5.balance-test.com:4443&nonce=d1897456-4f47-4f1c-9611-175c7662a31c HTTP/1.1" 200 2979 "https://balance-test.com/balancer-manager?lf=1&ls=0&wr=app4&rr=&dw=Enable&w=https%3A%2F%2Fapp4.balance-test.com%3A4443&b=cluster&nonce=d1897456-4f47-4f1c-9611-175c7662a31c"
- - - [20/Feb/2012:11:23:50 +0000] "GET /favicon.ico HTTP/1.1" 500 551 "-"
- - - [20/Feb/2012:11:23:53 +0000] "GET /balancer-manager?lf=1&ls=0&wr=app5&rr=&dw=Enable&w=https%3A%2F%2Fapp5.balance-test.com%3A4443&b=cluster&nonce=d1897456-4f47-4f1c-9611-175c7662a31c HTTP/1.1" 200 2989 "https://balance-test.com/balancer-manager?b=cluster&w=https://app5.balance-test.com:4443&nonce=d1897456-4f47-4f1c-9611-175c7662a31c"
- - - [20/Feb/2012:11:23:53 +0000] "GET /favicon.ico HTTP/1.1" 500 551 "-"
- - - [20/Feb/2012:11:23:55 +0000] "GET /balancer-manager?lf=1&ls=0&wr=app5&rr=&dw=Enable&w=https%3A%2F%2Fapp5.balance-test.com%3A4443&b=cluster&nonce=d1897456-4f47-4f1c-9611-175c7662a31c HTTP/1.1" 200 2981 "https://balance-test.com/balancer-manager?b=cluster&w=https://app5.balance-test.com:4443&nonce=d1897456-4f47-4f1c-9611-175c7662a31c"
- - - [20/Feb/2012:11:23:55 +0000] "GET /favicon.ico HTTP/1.1" 503 323 "-"
- - - [20/Feb/2012:11:23:56 +0000] "GET /balancer-manager?lf=1&ls=0&wr=app5&rr=&dw=Enable&w=https%3A%2F%2Fapp5.balance-test.com%3A4443&b=cluster&nonce=d1897456-4f47-4f1c-9611-175c7662a31c HTTP/1.1" 200 2981 "https://balance-test.com/balancer-manager?b=cluster&w=https://app5.balance-test.com:4443&nonce=d1897456-4f47-4f1c-9611-175c7662a31c"
- - - [20/Feb/2012:11:23:56 +0000] "GET /favicon.ico HTTP/1.1" 503 323 "-"
- - - [20/Feb/2012:11:23:56 +0000] "GET /balancer-manager?lf=1&ls=0&wr=app5&rr=&dw=Enable&w=https%3A%2F%2Fapp5.balance-test.com%3A4443&b=cluster&nonce=d1897456-4f47-4f1c-9611-175c7662a31c HTTP/1.1" 200 2981 "https://balance-test.com/balancer-manager?b=cluster&w=https://app5.balance-test.com:4443&nonce=d1897456-4f47-4f1c-9611-175c7662a31c"
- - - [20/Feb/2012:11:23:56 +0000] "GET /favicon.ico HTTP/1.1" 503 323 "-"
- - - [20/Feb/2012:11:23:57 +0000] "GET /balancer-manager?lf=1&ls=0&wr=app5&rr=&dw=Enable&w=https%3A%2F%2Fapp5.balance-test.com%3A4443&b=cluster&nonce=d1897456-4f47-4f1c-9611-175c7662a31c HTTP/1.1" 200 2981 "https://balance-test.com/balancer-manager?b=cluster&w=https://app5.balance-test.com:4443&nonce=d1897456-4f47-4f1c-9611-175c7662a31c"
- - - [20/Feb/2012:11:23:57 +0000] "GET /favicon.ico HTTP/1.1" 503 323 "-"
- - - [20/Feb/2012:11:23:57 +0000] "GET /balancer-manager?lf=1&ls=0&wr=app5&rr=&dw=Enable&w=https%3A%2F%2Fapp5.balance-test.com%3A4443&b=cluster&nonce=d1897456-4f47-4f1c-9611-175c7662a31c HTTP/1.1" 200 2981 "https://balance-test.com/balancer-manager?b=cluster&w=https://app5.balance-test.com:4443&nonce=d1897456-4f47-4f1c-9611-175c7662a31c"
- - - [20/Feb/2012:11:23:57 +0000] "GET /favicon.ico HTTP/1.1" 503 323 "-"
- - - [20/Feb/2012:11:23:57 +0000] "GET /balancer-manager?lf=1&ls=0&wr=app5&rr=&dw=Enable&w=https%3A%2F%2Fapp5.balance-test.com%3A4443&b=cluster&nonce=d1897456-4f47-4f1c-9611-175c7662a31c HTTP/1.1" 200 2981 "https://balance-test.com/balancer-manager?b=cluster&w=https://app5.balance-test.com:4443&nonce=d1897456-4f47-4f1c-9611-175c7662a31c"
- - - [20/Feb/2012:11:23:57 +0000] "GET /favicon.ico HTTP/1.1" 503 323 "-"
- - - [20/Feb/2012:11:24:02 +0000] "GET / HTTP/1.1" 503 323 "-"
- - - [20/Feb/2012:11:24:03 +0000] "GET /favicon.ico HTTP/1.1" 503 323 "-"
- - - [20/Feb/2012:11:24:08 +0000] "GET / HTTP/1.1" 200 68049 "-"
- - - [20/Feb/2012:11:24:08 +0000] "GET /index.php?=PHPE9568F34-D428-11d2-A769-00AA001ACF42 HTTP/1.1" 200 2524 "http://balance-test.com/"
- - - [20/Feb/2012:11:24:08 +0000] "GET /index.php?=SUHO8567F54-D428-14d2-A769-00DA302A5F18 HTTP/1.1" 200 2813 "http://balance-test.com/"
- - - [20/Feb/2012:11:24:08 +0000] "GET /index.php?=PHPE9568F35-D428-11d2-A769-00AA001ACF42 HTTP/1.1" 200 2146 "http://balance-test.com/"
- - - [20/Feb/2012:11:24:08 +0000] "GET /favicon.ico HTTP/1.1" 404 209 "-"
- - - [20/Feb/2012:11:24:11 +0000] "GET / HTTP/1.1" 200 68283 "-"
- - - [20/Feb/2012:11:24:11 +0000] "GET /index.php?=PHPE9568F34-D428-11d2-A769-00AA001ACF42 HTTP/1.1" 200 2524 "http://balance-test.com/"
- - - [20/Feb/2012:11:24:11 +0000] "GET /index.php?=SUHO8567F54-D428-14d2-A769-00DA302A5F18 HTTP/1.1" 200 2813 "http://balance-test.com/"
- - - [20/Feb/2012:11:24:11 +0000] "GET /index.php?=PHPE9568F35-D428-11d2-A769-00AA001ACF42 HTTP/1.1" 200 2146 "http://balance-test.com/"
- - - [20/Feb/2012:11:24:11 +0000] "GET /favicon.ico HTTP/1.1" 404 209 "-"
- - - [20/Feb/2012:11:24:15 +0000] "GET / HTTP/1.1" 503 323 "-"
- - - [20/Feb/2012:11:24:26 +0000] "GET / HTTP/1.1" 503 323 "-"
- - - [20/Feb/2012:11:24:26 +0000] "GET /favicon.ico HTTP/1.1" 503 323 "-"
- - - [20/Feb/2012:11:25:43 +0000] "GET /balancer-manager?lf=1&ls=0&wr=app5&rr=&dw=Enable&w=https%3A%2F%2Fapp5.balance-test.com%3A4443&b=cluster&nonce=d1897456-4f47-4f1c-9611-175c7662a31c HTTP/1.1" 200 2981 "https://balance-test.com/balancer-manager?b=cluster&w=https://app5.balance-test.com:4443&nonce=d1897456-4f47-4f1c-9611-175c7662a31c"
- - - [20/Feb/2012:11:25:43 +0000] "GET /favicon.ico HTTP/1.1" 500 551 "-"
- - - [20/Feb/2012:11:25:46 +0000] "GET /balancer-manager?b=cluster&w=https://app1.balance-test.com:4443&nonce=d1897456-4f47-4f1c-9611-175c7662a31c HTTP/1.1" 200 2981 "https://balance-test.com/balancer-manager?lf=1&ls=0&wr=app5&rr=&dw=Enable&w=https%3A%2F%2Fapp5.balance-test.com%3A4443&b=cluster&nonce=d1897456-4f47-4f1c-9611-175c7662a31c"
- - - [20/Feb/2012:11:25:46 +0000] "GET /favicon.ico HTTP/1.1" 503 323 "-"
- - - [20/Feb/2012:11:25:47 +0000] "GET /balancer-manager?b=cluster&w=https://app2.balance-test.com:4443&nonce=d1897456-4f47-4f1c-9611-175c7662a31c HTTP/1.1" 200 2981 "https://balance-test.com/balancer-manager?b=cluster&w=https://app1.balance-test.com:4443&nonce=d1897456-4f47-4f1c-9611-175c7662a31c"
- - - [20/Feb/2012:11:25:47 +0000] "GET /favicon.ico HTTP/1.1" 503 323 "-"
- - - [20/Feb/2012:11:25:48 +0000] "GET /balancer-manager?b=cluster&w=https://app3.balance-test.com:4443&nonce=d1897456-4f47-4f1c-9611-175c7662a31c HTTP/1.1" 200 2981 "https://balance-test.com/balancer-manager?b=cluster&w=https://app2.balance-test.com:4443&nonce=d1897456-4f47-4f1c-9611-175c7662a31c"
- - - [20/Feb/2012:11:25:48 +0000] "GET /favicon.ico HTTP/1.1" 503 323 "-"
- - - [20/Feb/2012:11:25:49 +0000] "GET /balancer-manager?b=cluster&w=https://app4.balance-test.com:4443&nonce=d1897456-4f47-4f1c-9611-175c7662a31c HTTP/1.1" 200 2981 "https://balance-test.com/balancer-manager?b=cluster&w=https://app3.balance-test.com:4443&nonce=d1897456-4f47-4f1c-9611-175c7662a31c"
- - - [20/Feb/2012:11:25:49 +0000] "GET /favicon.ico HTTP/1.1" 503 323 "-"
- - - [20/Feb/2012:11:25:50 +0000] "GET /balancer-manager?b=cluster&w=https://app5.balance-test.com:4443&nonce=d1897456-4f47-4f1c-9611-175c7662a31c HTTP/1.1" 200 2981 "https://balance-test.com/balancer-manager?b=cluster&w=https://app4.balance-test.com:4443&nonce=d1897456-4f47-4f1c-9611-175c7662a31c"
- - - [20/Feb/2012:11:25:50 +0000] "GET /favicon.ico HTTP/1.1" 503 323 "-"
- - - [20/Feb/2012:11:25:52 +0000] "GET /balancer-manager?b=cluster&w=https://app4.balance-test.com:4443&nonce=d1897456-4f47-4f1c-9611-175c7662a31c HTTP/1.1" 200 2981 "https://balance-test.com/balancer-manager?b=cluster&w=https://app5.balance-test.com:4443&nonce=d1897456-4f47-4f1c-9611-175c7662a31c"
- - - [20/Feb/2012:11:25:52 +0000] "GET /favicon.ico HTTP/1.1" 503 323 "-"
- - - [20/Feb/2012:11:25:53 +0000] "GET /balancer-manager?b=cluster&w=https://app3.balance-test.com:4443&nonce=d1897456-4f47-4f1c-9611-175c7662a31c HTTP/1.1" 200 2981 "https://balance-test.com/balancer-manager?b=cluster&w=https://app4.balance-test.com:4443&nonce=d1897456-4f47-4f1c-9611-175c7662a31c"
- - - [20/Feb/2012:11:25:53 +0000] "GET /favicon.ico HTTP/1.1" 503 323 "-"
- - - [20/Feb/2012:11:25:53 +0000] "GET /balancer-manager?b=cluster&w=https://app2.balance-test.com:4443&nonce=d1897456-4f47-4f1c-9611-175c7662a31c HTTP/1.1" 200 2981 "https://balance-test.com/balancer-manager?b=cluster&w=https://app3.balance-test.com:4443&nonce=d1897456-4f47-4f1c-9611-175c7662a31c"
- - - [20/Feb/2012:11:25:53 +0000] "GET /favicon.ico HTTP/1.1" 503 323 "-"
- - - [20/Feb/2012:11:25:54 +0000] "GET /balancer-manager?b=cluster&w=https://app1.balance-test.com:4443&nonce=d1897456-4f47-4f1c-9611-175c7662a31c HTTP/1.1" 200 2981 "https://balance-test.com/balancer-manager?b=cluster&w=https://app2.balance-test.com:4443&nonce=d1897456-4f47-4f1c-9611-175c7662a31c"
- - - [20/Feb/2012:11:25:54 +0000] "GET /favicon.ico HTTP/1.1" 503 323 "-"
- - - [20/Feb/2012:11:25:59 +0000] "GET / HTTP/1.1" 503 323 "-"
- - - [20/Feb/2012:11:26:00 +0000] "GET /favicon.ico HTTP/1.1" 503 323 "-"
- - - [20/Feb/2012:11:28:35 +0000] "GET /balancer-manager?b=cluster&w=https://app1.balance-test.com:4443&nonce=d1897456-4f47-4f1c-9611-175c7662a31c HTTP/1.1" 200 2086 "-"
- - - [20/Feb/2012:11:28:35 +0000] "GET /favicon.ico HTTP/1.1" 404 209 "-"
- - - [20/Feb/2012:11:28:55 +0000] "GET /balancer-manager?b=cluster&w=https://app1.balance-test.com:4443&nonce=d1897456-4f47-4f1c-9611-175c7662a31c HTTP/1.1" 200 2086 "-"
- - - [20/Feb/2012:11:28:55 +0000] "GET /favicon.ico HTTP/1.1" 404 209 "-"
- - - [20/Feb/2012:11:30:50 +0000] "GET / HTTP/1.1" 200 54 "-"
- - - [20/Feb/2012:11:30:50 +0000] "GET /images/Screenshot.png HTTP/1.1" 200 913884 "https://balance-test.com/"
- - - [20/Feb/2012:11:30:50 +0000] "GET /favicon.ico HTTP/1.1" 404 209 "-"
- - - [20/Feb/2012:11:31:09 +0000] "GET / HTTP/1.1" 200 52 "-"
- - - [20/Feb/2012:11:31:09 +0000] "GET /favicon.ico HTTP/1.1" 404 209 "-"
- - - [20/Feb/2012:11:31:17 +0000] "GET / HTTP/1.1" 200 54 "-"
- - - [20/Feb/2012:11:31:17 +0000] "GET /favicon.ico HTTP/1.1" 404 209 "-"
- - - [20/Feb/2012:11:31:31 +0000] "GET / HTTP/1.1" 200 68284 "-"
- - - [20/Feb/2012:11:31:31 +0000] "GET /index.php?=PHPE9568F34-D428-11d2-A769-00AA001ACF42 HTTP/1.1" 200 2524 "https://balance-test.com/"
- - - [20/Feb/2012:11:31:31 +0000] "GET /index.php?=SUHO8567F54-D428-14d2-A769-00DA302A5F18 HTTP/1.1" 200 2813 "https://balance-test.com/"
- - - [20/Feb/2012:11:31:31 +0000] "GET /index.php?=PHPE9568F35-D428-11d2-A769-00AA001ACF42 HTTP/1.1" 200 2146 "https://balance-test.com/"
- - - [20/Feb/2012:11:31:31 +0000] "GET /favicon.ico HTTP/1.1" 404 209 "-"
- - - [20/Feb/2012:11:31:34 +0000] "GET / HTTP/1.1" 200 68284 "-"
- - - [20/Feb/2012:11:31:35 +0000] "GET /index.php?=SUHO8567F54-D428-14d2-A769-00DA302A5F18 HTTP/1.1" 200 2813 "https://balance-test.com/"
- - - [20/Feb/2012:11:31:35 +0000] "GET /index.php?=PHPE9568F34-D428-11d2-A769-00AA001ACF42 HTTP/1.1" 200 2524 "https://balance-test.com/"
- - - [20/Feb/2012:11:31:35 +0000] "GET /index.php?=PHPE9568F35-D428-11d2-A769-00AA001ACF42 HTTP/1.1" 200 2146 "https://balance-test.com/"
- - - [20/Feb/2012:11:31:35 +0000] "GET /favicon.ico HTTP/1.1" 404 209 "-"
- - - [20/Feb/2012:11:31:36 +0000] "GET / HTTP/1.1" 200 68283 "-"
- - - [20/Feb/2012:11:31:36 +0000] "GET /index.php?=PHPE9568F34-D428-11d2-A769-00AA001ACF42 HTTP/1.1" 200 2524 "https://balance-test.com/"
- - - [20/Feb/2012:11:31:36 +0000] "GET /index.php?=SUHO8567F54-D428-14d2-A769-00DA302A5F18 HTTP/1.1" 200 2813 "https://balance-test.com/"
- - - [20/Feb/2012:11:31:36 +0000] "GET /index.php?=PHPE9568F35-D428-11d2-A769-00AA001ACF42 HTTP/1.1" 200 2146 "https://balance-test.com/"
- - - [20/Feb/2012:11:31:36 +0000] "GET /favicon.ico HTTP/1.1" 404 209 "-"
- - - [20/Feb/2012:11:31:37 +0000] "GET / HTTP/1.1" 200 68283 "-"
- - - [20/Feb/2012:11:31:37 +0000] "GET /index.php?=SUHO8567F54-D428-14d2-A769-00DA302A5F18 HTTP/1.1" 200 2813 "https://balance-test.com/"
- - - [20/Feb/2012:11:31:37 +0000] "GET /index.php?=PHPE9568F34-D428-11d2-A769-00AA001ACF42 HTTP/1.1" 200 2524 "https://balance-test.com/"
- - - [20/Feb/2012:11:31:37 +0000] "GET /index.php?=PHPE9568F35-D428-11d2-A769-00AA001ACF42 HTTP/1.1" 200 2146 "https://balance-test.com/"
- - - [20/Feb/2012:11:31:37 +0000] "GET /favicon.ico HTTP/1.1" 404 209 "-"
- - - [20/Feb/2012:11:31:38 +0000] "GET / HTTP/1.1" 200 68283 "-"
- - - [20/Feb/2012:11:31:38 +0000] "GET /index.php?=SUHO8567F54-D428-14d2-A769-00DA302A5F18 HTTP/1.1" 200 2813 "https://balance-test.com/"
- - - [20/Feb/2012:11:31:38 +0000] "GET /index.php?=PHPE9568F34-D428-11d2-A769-00AA001ACF42 HTTP/1.1" 200 2524 "https://balance-test.com/"
- - - [20/Feb/2012:11:31:38 +0000] "GET /index.php?=PHPE9568F35-D428-11d2-A769-00AA001ACF42 HTTP/1.1" 200 2146 "https://balance-test.com/"
- - - [20/Feb/2012:11:31:38 +0000] "GET /favicon.ico HTTP/1.1" 404 209 "-"
- - - [20/Feb/2012:11:31:39 +0000] "GET / HTTP/1.1" 200 68283 "-"
- - - [20/Feb/2012:11:31:39 +0000] "GET /index.php?=PHPE9568F34-D428-11d2-A769-00AA001ACF42 HTTP/1.1" 200 2524 "https://balance-test.com/"
- - - [20/Feb/2012:11:31:39 +0000] "GET /index.php?=SUHO8567F54-D428-14d2-A769-00DA302A5F18 HTTP/1.1" 200 2813 "https://balance-test.com/"
- - - [20/Feb/2012:11:31:39 +0000] "GET /index.php?=PHPE9568F35-D428-11d2-A769-00AA001ACF42 HTTP/1.1" 200 2146 "https://balance-test.com/"
- - - [20/Feb/2012:11:31:39 +0000] "GET /favicon.ico HTTP/1.1" 404 209 "-"
- - - [20/Feb/2012:11:31:40 +0000] "GET / HTTP/1.1" 200 68283 "-"
- - - [20/Feb/2012:11:31:40 +0000] "GET /index.php?=PHPE9568F34-D428-11d2-A769-00AA001ACF42 HTTP/1.1" 200 2524 "https://balance-test.com/"
- - - [20/Feb/2012:11:31:40 +0000] "GET /index.php?=PHPE9568F35-D428-11d2-A769-00AA001ACF42 HTTP/1.1" 200 2146 "https://balance-test.com/"
- - - [20/Feb/2012:11:31:40 +0000] "GET /index.php?=SUHO8567F54-D428-14d2-A769-00DA302A5F18 HTTP/1.1" 200 2813 "https://balance-test.com/"
- - - [20/Feb/2012:11:31:40 +0000] "GET /favicon.ico HTTP/1.1" 404 209 "-"
- - - [20/Feb/2012:11:31:41 +0000] "GET / HTTP/1.1" 200 68284 "-"
- - - [20/Feb/2012:11:31:41 +0000] "GET /index.php?=PHPE9568F35-D428-11d2-A769-00AA001ACF42 HTTP/1.1" 200 2146 "https://balance-test.com/"
- - - [20/Feb/2012:11:31:41 +0000] "GET /index.php?=SUHO8567F54-D428-14d2-A769-00DA302A5F18 HTTP/1.1" 200 2813 "https://balance-test.com/"
- - - [20/Feb/2012:11:31:41 +0000] "GET /index.php?=PHPE9568F34-D428-11d2-A769-00AA001ACF42 HTTP/1.1" 200 2524 "https://balance-test.com/"
- - - [20/Feb/2012:11:31:41 +0000] "GET /favicon.ico HTTP/1.1" 404 209 "-"
- - - [20/Feb/2012:11:31:41 +0000] "GET / HTTP/1.1" 200 68283 "-"
- - - [20/Feb/2012:11:31:41 +0000] "GET /index.php?=SUHO8567F54-D428-14d2-A769-00DA302A5F18 HTTP/1.1" 200 2813 "https://balance-test.com/"
- - - [20/Feb/2012:11:31:41 +0000] "GET /index.php?=PHPE9568F35-D428-11d2-A769-00AA001ACF42 HTTP/1.1" 200 2146 "https://balance-test.com/"
- - - [20/Feb/2012:11:31:41 +0000] "GET /index.php?=PHPE9568F34-D428-11d2-A769-00AA001ACF42 HTTP/1.1" 200 2524 "https://balance-test.com/"
- - - [20/Feb/2012:11:31:41 +0000] "GET /favicon.ico HTTP/1.1" 404 209 "-"
- - - [20/Feb/2012:11:31:42 +0000] "GET / HTTP/1.1" 200 68283 "-"
- - - [20/Feb/2012:11:31:42 +0000] "GET /index.php?=PHPE9568F35-D428-11d2-A769-00AA001ACF42 HTTP/1.1" 200 2146 "https://balance-test.com/"
- - - [20/Feb/2012:11:31:42 +0000] "GET /index.php?=SUHO8567F54-D428-14d2-A769-00DA302A5F18 HTTP/1.1" 200 2813 "https://balance-test.com/"
- - - [20/Feb/2012:11:31:42 +0000] "GET /index.php?=PHPE9568F34-D428-11d2-A769-00AA001ACF42 HTTP/1.1" 200 2524 "https://balance-test.com/"
- - - [20/Feb/2012:11:31:42 +0000] "GET /favicon.ico HTTP/1.1" 404 209 "-"
- - - [20/Feb/2012:11:31:43 +0000] "GET / HTTP/1.1" 200 68283 "-"
- - - [20/Feb/2012:11:31:43 +0000] "GET /index.php?=PHPE9568F35-D428-11d2-A769-00AA001ACF42 HTTP/1.1" 200 2146 "https://balance-test.com/"
- - - [20/Feb/2012:11:31:43 +0000] "GET /index.php?=PHPE9568F34-D428-11d2-A769-00AA001ACF42 HTTP/1.1" 200 2524 "https://balance-test.com/"
- - - [20/Feb/2012:11:31:43 +0000] "GET /index.php?=SUHO8567F54-D428-14d2-A769-00DA302A5F18 HTTP/1.1" 200 2813 "https://balance-test.com/"
- - - [20/Feb/2012:11:31:43 +0000] "GET /favicon.ico HTTP/1.1" 404 209 "-"
- - - [20/Feb/2012:11:31:43 +0000] "GET / HTTP/1.1" 200 68283 "-"
- - - [20/Feb/2012:11:31:43 +0000] "GET /index.php?=PHPE9568F35-D428-11d2-A769-00AA001ACF42 HTTP/1.1" 200 2146 "https://balance-test.com/"
- - - [20/Feb/2012:11:31:43 +0000] "GET /index.php?=SUHO8567F54-D428-14d2-A769-00DA302A5F18 HTTP/1.1" 200 2813 "https://balance-test.com/"
- - - [20/Feb/2012:11:31:43 +0000] "GET /index.php?=PHPE9568F34-D428-11d2-A769-00AA001ACF42 HTTP/1.1" 200 2524 "https://balance-test.com/"
- - - [20/Feb/2012:11:31:43 +0000] "GET /favicon.ico HTTP/1.1" 404 209 "-"
- - - [20/Feb/2012:11:31:44 +0000] "GET / HTTP/1.1" 200 68283 "-"
- - - [20/Feb/2012:11:31:44 +0000] "GET /index.php?=PHPE9568F35-D428-11d2-A769-00AA001ACF42 HTTP/1.1" 200 2146 "https://balance-test.com/"
- - - [20/Feb/2012:11:31:44 +0000] "GET /index.php?=PHPE9568F34-D428-11d2-A769-00AA001ACF42 HTTP/1.1" 200 2524 "https://balance-test.com/"
- - - [20/Feb/2012:11:31:44 +0000] "GET /index.php?=SUHO8567F54-D428-14d2-A769-00DA302A5F18 HTTP/1.1" 200 2813 "https://balance-test.com/"
- - - [20/Feb/2012:11:31:44 +0000] "GET /favicon.ico HTTP/1.1" 404 209 "-"
- - - [20/Feb/2012:11:31:44 +0000] "GET / HTTP/1.1" 200 68283 "-"
- - - [20/Feb/2012:11:31:44 +0000] "GET /index.php?=PHPE9568F35-D428-11d2-A769-00AA001ACF42 HTTP/1.1" 200 2146 "https://balance-test.com/"
- - - [20/Feb/2012:11:31:44 +0000] "GET /index.php?=PHPE9568F34-D428-11d2-A769-00AA001ACF42 HTTP/1.1" 200 2524 "https://balance-test.com/"
- - - [20/Feb/2012:11:31:44 +0000] "GET /index.php?=SUHO8567F54-D428-14d2-A769-00DA302A5F18 HTTP/1.1" 200 2813 "https://balance-test.com/"
- - - [20/Feb/2012:11:31:44 +0000] "GET /favicon.ico HTTP/1.1" 404 209 "-"
- - - [20/Feb/2012:11:31:45 +0000] "GET / HTTP/1.1" 200 68283 "-"
- - - [20/Feb/2012:11:31:45 +0000] "GET /index.php?=PHPE9568F35-D428-11d2-A769-00AA001ACF42 HTTP/1.1" 200 2146 "https://balance-test.com/"
- - - [20/Feb/2012:11:31:45 +0000] "GET /index.php?=SUHO8567F54-D428-14d2-A769-00DA302A5F18 HTTP/1.1" 200 2813 "https://balance-test.com/"
- - - [20/Feb/2012:11:31:45 +0000] "GET /index.php?=PHPE9568F34-D428-11d2-A769-00AA001ACF42 HTTP/1.1" 200 2524 "https://balance-test.com/"
- - - [20/Feb/2012:11:31:45 +0000] "GET /favicon.ico HTTP/1.1" 404 209 "-"
- - - [20/Feb/2012:11:33:04 +0000] "GET / HTTP/1.1" 200 52 "-"
- - - [20/Feb/2012:11:33:04 +0000] "GET /images/Screenshot.png HTTP/1.1" 200 913884 "https://balance-test.com/"
- - - [20/Feb/2012:11:33:05 +0000] "GET /favicon.ico HTTP/1.1" 404 209 "-"
- - - [20/Feb/2012:11:33:21 +0000] "GET / HTTP/1.1" 200 54 "-"
- - - [20/Feb/2012:11:33:21 +0000] "GET /favicon.ico HTTP/1.1" 404 209 "-"
- - - [20/Feb/2012:11:33:23 +0000] "GET / HTTP/1.1" 200 52 "-"
- - - [20/Feb/2012:11:33:23 +0000] "GET /images/Screenshot.png HTTP/1.1" 304 - "https://balance-test.com/"
- - - [20/Feb/2012:11:33:23 +0000] "GET /favicon.ico HTTP/1.1" 404 209 "-"
- - - [20/Feb/2012:11:33:23 +0000] "GET / HTTP/1.1" 200 54 "-"
- - - [20/Feb/2012:11:33:23 +0000] "GET /images/Screenshot.png HTTP/1.1" 304 - "https://balance-test.com/"
- - - [20/Feb/2012:11:33:23 +0000] "GET /favicon.ico HTTP/1.1" 404 209 "-"
- - - [20/Feb/2012:11:33:23 +0000] "GET / HTTP/1.1" 200 53 "-"
- - - [20/Feb/2012:11:33:24 +0000] "GET /images/Screenshot.png HTTP/1.1" 304 - "https://balance-test.com/"
- - - [20/Feb/2012:11:33:24 +0000] "GET /favicon.ico HTTP/1.1" 404 209 "-"
- - - [20/Feb/2012:11:33:24 +0000] "GET / HTTP/1.1" 200 68283 "-"
- - - [20/Feb/2012:11:33:24 +0000] "GET /images/Screenshot.png HTTP/1.1" 304 - "https://balance-test.com/"
- - - [20/Feb/2012:11:33:24 +0000] "GET /index.php?=PHPE9568F34-D428-11d2-A769-00AA001ACF42 HTTP/1.1" 200 2524 "https://balance-test.com/"
- - - [20/Feb/2012:11:33:24 +0000] "GET /index.php?=SUHO8567F54-D428-14d2-A769-00DA302A5F18 HTTP/1.1" 200 2813 "https://balance-test.com/"
- - - [20/Feb/2012:11:33:24 +0000] "GET /index.php?=PHPE9568F35-D428-11d2-A769-00AA001ACF42 HTTP/1.1" 200 2146 "https://balance-test.com/"
- - - [20/Feb/2012:11:33:24 +0000] "GET /favicon.ico HTTP/1.1" 404 209 "-"
- - - [20/Feb/2012:11:33:24 +0000] "GET / HTTP/1.1" 200 52 "-"
- - - [20/Feb/2012:11:33:24 +0000] "GET /images/Screenshot.png HTTP/1.1" 304 - "https://balance-test.com/"
- - - [20/Feb/2012:11:33:24 +0000] "GET /favicon.ico HTTP/1.1" 404 209 "-"
- - - [20/Feb/2012:11:33:25 +0000] "GET / HTTP/1.1" 200 54 "-"
- - - [20/Feb/2012:11:33:25 +0000] "GET /images/Screenshot.png HTTP/1.1" 304 - "https://balance-test.com/"
- - - [20/Feb/2012:11:33:25 +0000] "GET /favicon.ico HTTP/1.1" 404 209 "-"
- - - [20/Feb/2012:11:33:25 +0000] "GET / HTTP/1.1" 200 53 "-"
- - - [20/Feb/2012:11:33:25 +0000] "GET /images/Screenshot.png HTTP/1.1" 304 - "https://balance-test.com/"
- - - [20/Feb/2012:11:33:25 +0000] "GET /favicon.ico HTTP/1.1" 404 209 "-"
- - - [20/Feb/2012:11:33:25 +0000] "GET / HTTP/1.1" 200 68283 "-"
- - - [20/Feb/2012:11:33:25 +0000] "GET /images/Screenshot.png HTTP/1.1" 304 - "https://balance-test.com/"
- - - [20/Feb/2012:11:33:25 +0000] "GET /index.php?=PHPE9568F34-D428-11d2-A769-00AA001ACF42 HTTP/1.1" 200 2524 "https://balance-test.com/"
- - - [20/Feb/2012:11:33:25 +0000] "GET /index.php?=PHPE9568F35-D428-11d2-A769-00AA001ACF42 HTTP/1.1" 200 2146 "https://balance-test.com/"
- - - [20/Feb/2012:11:33:25 +0000] "GET /index.php?=SUHO8567F54-D428-14d2-A769-00DA302A5F18 HTTP/1.1" 200 2813 "https://balance-test.com/"
- - - [20/Feb/2012:11:33:25 +0000] "GET /favicon.ico HTTP/1.1" 404 209 "-"
- - - [20/Feb/2012:11:33:26 +0000] "GET / HTTP/1.1" 200 52 "-"
- - - [20/Feb/2012:11:33:26 +0000] "GET /images/Screenshot.png HTTP/1.1" 304 - "https://balance-test.com/"
- - - [20/Feb/2012:11:33:26 +0000] "GET /favicon.ico HTTP/1.1" 404 209 "-"
- - - [20/Feb/2012:11:33:26 +0000] "GET / HTTP/1.1" 200 54 "-"
- - - [20/Feb/2012:11:33:26 +0000] "GET /images/Screenshot.png HTTP/1.1" 304 - "https://balance-test.com/"
- - - [20/Feb/2012:11:33:26 +0000] "GET /favicon.ico HTTP/1.1" 404 209 "-"
- - - [20/Feb/2012:11:33:26 +0000] "GET / HTTP/1.1" 200 53 "-"
- - - [20/Feb/2012:11:33:26 +0000] "GET /images/Screenshot.png HTTP/1.1" 304 - "https://balance-test.com/"
- - - [20/Feb/2012:11:33:26 +0000] "GET /favicon.ico HTTP/1.1" 404 209 "-"
- - - [20/Feb/2012:11:33:26 +0000] "GET / HTTP/1.1" 200 68283 "-"
- - - [20/Feb/2012:11:33:26 +0000] "GET /images/Screenshot.png HTTP/1.1" 304 - "https://balance-test.com/"
- - - [20/Feb/2012:11:33:26 +0000] "GET /index.php?=PHPE9568F34-D428-11d2-A769-00AA001ACF42 HTTP/1.1" 200 2524 "https://balance-test.com/"
- - - [20/Feb/2012:11:33:26 +0000] "GET /index.php?=SUHO8567F54-D428-14d2-A769-00DA302A5F18 HTTP/1.1" 200 2813 "https://balance-test.com/"
- - - [20/Feb/2012:11:33:26 +0000] "GET /index.php?=PHPE9568F35-D428-11d2-A769-00AA001ACF42 HTTP/1.1" 200 2146 "https://balance-test.com/"
- - - [20/Feb/2012:11:33:27 +0000] "GET /favicon.ico HTTP/1.1" 404 209 "-"
- - - [20/Feb/2012:11:33:27 +0000] "GET / HTTP/1.1" 200 52 "-"
- - - [20/Feb/2012:11:33:27 +0000] "GET /images/Screenshot.png HTTP/1.1" 304 - "https://balance-test.com/"
- - - [20/Feb/2012:11:33:27 +0000] "GET /favicon.ico HTTP/1.1" 404 209 "-"
- - - [20/Feb/2012:11:33:27 +0000] "GET / HTTP/1.1" 200 54 "-"
- - - [20/Feb/2012:11:33:27 +0000] "GET /images/Screenshot.png HTTP/1.1" 304 - "https://balance-test.com/"
- - - [20/Feb/2012:11:33:27 +0000] "GET /favicon.ico HTTP/1.1" 404 209 "-"
- - - [20/Feb/2012:11:33:27 +0000] "GET / HTTP/1.1" 200 53 "-"
- - - [20/Feb/2012:11:33:27 +0000] "GET /images/Screenshot.png HTTP/1.1" 304 - "https://balance-test.com/"
- - - [20/Feb/2012:11:33:27 +0000] "GET /favicon.ico HTTP/1.1" 404 209 "-"
- - - [20/Feb/2012:11:33:28 +0000] "GET / HTTP/1.1" 200 68283 "-"
- - - [20/Feb/2012:11:33:28 +0000] "GET /images/Screenshot.png HTTP/1.1" 304 - "https://balance-test.com/"
- - - [20/Feb/2012:11:33:28 +0000] "GET /index.php?=PHPE9568F34-D428-11d2-A769-00AA001ACF42 HTTP/1.1" 200 2524 "https://balance-test.com/"
- - - [20/Feb/2012:11:33:28 +0000] "GET /index.php?=SUHO8567F54-D428-14d2-A769-00DA302A5F18 HTTP/1.1" 200 2813 "https://balance-test.com/"
- - - [20/Feb/2012:11:33:28 +0000] "GET /index.php?=PHPE9568F35-D428-11d2-A769-00AA001ACF42 HTTP/1.1" 200 2146 "https://balance-test.com/"
- - - [20/Feb/2012:11:33:28 +0000] "GET /favicon.ico HTTP/1.1" 404 209 "-"
- - - [20/Feb/2012:11:33:28 +0000] "GET / HTTP/1.1" 200 52 "-"
- - - [20/Feb/2012:11:33:28 +0000] "GET /images/Screenshot.png HTTP/1.1" 304 - "https://balance-test.com/"
- - - [20/Feb/2012:11:33:28 +0000] "GET /favicon.ico HTTP/1.1" 404 209 "-"
- - - [20/Feb/2012:11:33:28 +0000] "GET / HTTP/1.1" 200 54 "-"
- - - [20/Feb/2012:11:33:28 +0000] "GET /images/Screenshot.png HTTP/1.1" 304 - "https://balance-test.com/"
- - - [20/Feb/2012:11:33:28 +0000] "GET /favicon.ico HTTP/1.1" 404 209 "-"
- - - [20/Feb/2012:11:33:28 +0000] "GET / HTTP/1.1" 200 53 "-"
- - - [20/Feb/2012:11:33:28 +0000] "GET /images/Screenshot.png HTTP/1.1" 304 - "https://balance-test.com/"
- - - [20/Feb/2012:11:33:28 +0000] "GET /favicon.ico HTTP/1.1" 404 209 "-"
- - - [20/Feb/2012:11:33:29 +0000] "GET / HTTP/1.1" 200 68283 "-"
- - - [20/Feb/2012:11:33:29 +0000] "GET /images/Screenshot.png HTTP/1.1" 304 - "https://balance-test.com/"
- - - [20/Feb/2012:11:33:29 +0000] "GET /index.php?=PHPE9568F34-D428-11d2-A769-00AA001ACF42 HTTP/1.1" 200 2524 "https://balance-test.com/"
- - - [20/Feb/2012:11:33:29 +0000] "GET /index.php?=SUHO8567F54-D428-14d2-A769-00DA302A5F18 HTTP/1.1" 200 2813 "https://balance-test.com/"
- - - [20/Feb/2012:11:33:29 +0000] "GET /index.php?=PHPE9568F35-D428-11d2-A769-00AA001ACF42 HTTP/1.1" 200 2146 "https://balance-test.com/"
- - - [20/Feb/2012:11:33:29 +0000] "GET /favicon.ico HTTP/1.1" 404 209 "-"
- - - [20/Feb/2012:11:33:29 +0000] "GET / HTTP/1.1" 200 52 "-"
- - - [20/Feb/2012:11:33:29 +0000] "GET /images/Screenshot.png HTTP/1.1" 304 - "https://balance-test.com/"
- - - [20/Feb/2012:11:33:29 +0000] "GET /favicon.ico HTTP/1.1" 404 209 "-"
