[Tue Jan 29 10:25:36 2013] [info] Init: Seeding PRNG with 0 bytes of entropy
[Tue Jan 29 10:25:36 2013] [info] Init: Generating temporary RSA private keys (512/1024 bits)
[Tue Jan 29 10:25:36 2013] [info] Init: Generating temporary DH parameters (512/1024 bits)
[Tue Jan 29 10:25:36 2013] [error] (120002)APR does not understand this error code: Cannot create SSLSessionCache DBM file `/export/logs/ssl_gcache_data'
[Tue Jan 29 10:25:36 2013] [info] Init: Initializing (virtual) servers for SSL
[Tue Jan 29 10:25:36 2013] [info] mod_ssl/2.2.22 compiled against Server: Apache/2.2.22, Library: OpenSSL/1.0.1
[Tue Jan 29 10:32:00 2013] [info] Init: Seeding PRNG with 0 bytes of entropy
[Tue Jan 29 10:32:00 2013] [info] Init: Generating temporary RSA private keys (512/1024 bits)
[Tue Jan 29 10:32:00 2013] [info] Init: Generating temporary DH parameters (512/1024 bits)
[Tue Jan 29 10:32:00 2013] [error] (120002)APR does not understand this error code: Cannot create SSLSessionCache DBM file `/export/logs/ssl_gcache_data'
[Tue Jan 29 10:32:00 2013] [info] Init: Initializing (virtual) servers for SSL
[Tue Jan 29 10:32:00 2013] [info] mod_ssl/2.2.22 compiled against Server: Apache/2.2.22, Library: OpenSSL/1.0.1
[Tue Jan 29 10:46:45 2013] [info] Init: Seeding PRNG with 0 bytes of entropy
[Tue Jan 29 10:46:45 2013] [info] Init: Generating temporary RSA private keys (512/1024 bits)
[Tue Jan 29 10:46:45 2013] [info] Init: Generating temporary DH parameters (512/1024 bits)
[Tue Jan 29 10:46:45 2013] [error] (120002)APR does not understand this error code: Cannot create SSLSessionCache DBM file `/export/logs/ssl_gcache_data'
[Tue Jan 29 10:46:45 2013] [info] Init: Initializing (virtual) servers for SSL
[Tue Jan 29 10:46:45 2013] [info] mod_ssl/2.2.22 compiled against Server: Apache/2.2.22, Library: OpenSSL/1.0.1
[Tue Jan 29 15:44:27 2013] [info] Init: Seeding PRNG with 0 bytes of entropy
[Tue Jan 29 15:44:27 2013] [info] Init: Generating temporary RSA private keys (512/1024 bits)
[Tue Jan 29 15:44:27 2013] [info] Init: Generating temporary DH parameters (512/1024 bits)
[Tue Jan 29 15:44:27 2013] [error] (120002)APR does not understand this error code: Cannot create SSLSessionCache DBM file `/export/logs/ssl_gcache_data'
[Tue Jan 29 15:44:27 2013] [info] Init: Initializing (virtual) servers for SSL
[Tue Jan 29 15:44:27 2013] [info] mod_ssl/2.2.22 compiled against Server: Apache/2.2.22, Library: OpenSSL/1.0.1
[Tue Jan 29 16:00:25 2013] [info] Init: Seeding PRNG with 0 bytes of entropy
[Tue Jan 29 16:00:25 2013] [info] Init: Generating temporary RSA private keys (512/1024 bits)
[Tue Jan 29 16:00:25 2013] [info] Init: Generating temporary DH parameters (512/1024 bits)
[Tue Jan 29 16:00:25 2013] [error] (120002)APR does not understand this error code: Cannot create SSLSessionCache DBM file `/export/logs/ssl_gcache_data'
[Tue Jan 29 16:00:25 2013] [info] Init: Initializing (virtual) servers for SSL
[Tue Jan 29 16:00:25 2013] [info] mod_ssl/2.2.22 compiled against Server: Apache/2.2.22, Library: OpenSSL/1.0.1
