[Mon Jan 28 10:26:31 2013] [info] Init: Seeding PRNG with 0 bytes of entropy
[Mon Jan 28 10:26:31 2013] [info] Init: Generating temporary RSA private keys (512/1024 bits)
[Mon Jan 28 10:26:31 2013] [info] Init: Generating temporary DH parameters (512/1024 bits)
[Mon Jan 28 10:26:31 2013] [error] (120002)APR does not understand this error code: Cannot create SSLSessionCache DBM file `/export/logs/ssl_gcache_data'
[Mon Jan 28 10:26:31 2013] [info] Init: Initializing (virtual) servers for SSL
[Mon Jan 28 10:26:31 2013] [info] mod_ssl/2.2.22 compiled against Server: Apache/2.2.22, Library: OpenSSL/1.0.1
[Mon Jan 28 10:26:59 2013] [info] Init: Seeding PRNG with 0 bytes of entropy
[Mon Jan 28 10:26:59 2013] [info] Init: Generating temporary RSA private keys (512/1024 bits)
[Mon Jan 28 10:26:59 2013] [info] Init: Generating temporary DH parameters (512/1024 bits)
[Mon Jan 28 10:26:59 2013] [error] (120002)APR does not understand this error code: Cannot create SSLSessionCache DBM file `/export/logs/ssl_gcache_data'
[Mon Jan 28 10:26:59 2013] [info] Init: Initializing (virtual) servers for SSL
[Mon Jan 28 10:26:59 2013] [info] mod_ssl/2.2.22 compiled against Server: Apache/2.2.22, Library: OpenSSL/1.0.1
[Mon Jan 28 10:27:18 2013] [info] Init: Seeding PRNG with 0 bytes of entropy
[Mon Jan 28 10:27:18 2013] [info] Init: Generating temporary RSA private keys (512/1024 bits)
[Mon Jan 28 10:27:18 2013] [info] Init: Generating temporary DH parameters (512/1024 bits)
[Mon Jan 28 10:27:18 2013] [error] (120002)APR does not understand this error code: Cannot create SSLSessionCache DBM file `/export/logs/ssl_gcache_data'
[Mon Jan 28 10:27:18 2013] [info] Init: Initializing (virtual) servers for SSL
[Mon Jan 28 10:27:18 2013] [info] mod_ssl/2.2.22 compiled against Server: Apache/2.2.22, Library: OpenSSL/1.0.1
[Mon Jan 28 10:27:59 2013] [info] Init: Seeding PRNG with 0 bytes of entropy
[Mon Jan 28 10:27:59 2013] [info] Init: Generating temporary RSA private keys (512/1024 bits)
[Mon Jan 28 10:27:59 2013] [info] Init: Generating temporary DH parameters (512/1024 bits)
[Mon Jan 28 10:27:59 2013] [error] (120002)APR does not understand this error code: Cannot create SSLSessionCache DBM file `/export/logs/ssl_gcache_data'
[Mon Jan 28 10:27:59 2013] [info] Init: Initializing (virtual) servers for SSL
[Mon Jan 28 10:27:59 2013] [info] mod_ssl/2.2.22 compiled against Server: Apache/2.2.22, Library: OpenSSL/1.0.1
