- - - [29/Feb/2012:10:31:33 +0000] "GET / HTTP/1.1" 502 379 "-"
- - - [29/Feb/2012:10:31:33 +0000] "GET /favicon.ico HTTP/1.1" 200 - "-"
- - - [29/Feb/2012:10:31:33 +0000] "GET /favicon.ico HTTP/1.1" 502 401 "-"
- - - [29/Feb/2012:10:31:40 +0000] "GET /perl/rocks/ HTTP/1.1" 404 209 "-"
- - - [29/Feb/2012:10:31:40 +0000] "GET /favicon.ico HTTP/1.1" 200 - "-"
- - - [29/Feb/2012:10:31:40 +0000] "GET /favicon.ico HTTP/1.1" 502 401 "-"
- - - [29/Feb/2012:10:35:17 +0000] "GET /perl/rocks/ HTTP/1.1" 404 209 "-"
- - - [29/Feb/2012:10:35:17 +0000] "GET /favicon.ico HTTP/1.1" 200 - "-"
- - - [29/Feb/2012:10:35:17 +0000] "GET /favicon.ico HTTP/1.1" 502 401 "-"
- - - [29/Feb/2012:10:35:20 +0000] "GET /perl/rocks HTTP/1.1" 404 208 "-"
- - - [29/Feb/2012:10:35:20 +0000] "GET /favicon.ico HTTP/1.1" 200 - "-"
- - - [29/Feb/2012:10:35:20 +0000] "GET /favicon.ico HTTP/1.1" 502 401 "-"
- - - [29/Feb/2012:10:35:37 +0000] "GET /perl/rocks HTTP/1.1" 404 208 "-"
- - - [29/Feb/2012:10:35:37 +0000] "GET /favicon.ico HTTP/1.1" 200 - "-"
- - - [29/Feb/2012:10:35:37 +0000] "GET /favicon.ico HTTP/1.1" 502 401 "-"
- - - [29/Feb/2012:10:35:41 +0000] "GET /rocks HTTP/1.1" 200 - "-"
- - - [29/Feb/2012:10:35:41 +0000] "GET /rocks HTTP/1.1" 502 389 "-"
- - - [29/Feb/2012:10:35:41 +0000] "GET /favicon.ico HTTP/1.1" 200 - "-"
- - - [29/Feb/2012:10:35:41 +0000] "GET /favicon.ico HTTP/1.1" 502 401 "-"
- - - [29/Feb/2012:10:35:53 +0000] "GET /rocks HTTP/1.1" 200 - "-"
- - - [29/Feb/2012:10:35:53 +0000] "GET /rocks HTTP/1.1" 502 389 "-"
- - - [29/Feb/2012:10:35:53 +0000] "GET /favicon.ico HTTP/1.1" 200 - "-"
- - - [29/Feb/2012:10:35:53 +0000] "GET /favicon.ico HTTP/1.1" 502 401 "-"
- - - [29/Feb/2012:10:35:58 +0000] "GET /rocks HTTP/1.1" 502 389 "-"
- - - [29/Feb/2012:10:35:58 +0000] "GET /favicon.ico HTTP/1.1" 200 - "-"
- - - [29/Feb/2012:10:35:58 +0000] "GET /favicon.ico HTTP/1.1" 502 401 "-"
- - - [29/Feb/2012:10:36:47 +0000] "GET /rocks.pl HTTP/1.1" 200 - "-"
- - - [29/Feb/2012:10:36:47 +0000] "GET /rocks.pl HTTP/1.1" 502 395 "-"
- - - [29/Feb/2012:10:36:47 +0000] "GET /favicon.ico HTTP/1.1" 200 - "-"
- - - [29/Feb/2012:10:36:47 +0000] "GET /favicon.ico HTTP/1.1" 502 401 "-"
- - - [29/Feb/2012:10:36:54 +0000] "GET /perl/rocks.pl HTTP/1.1" 200 - "-"
- - - [29/Feb/2012:10:36:54 +0000] "GET /favicon.ico HTTP/1.1" 200 - "-"
- - - [29/Feb/2012:10:36:54 +0000] "GET /favicon.ico HTTP/1.1" 502 401 "-"
- - - [29/Feb/2012:10:36:58 +0000] "GET /perl/rocks.pl HTTP/1.1" 200 - "-"
- - - [29/Feb/2012:10:36:58 +0000] "GET /favicon.ico HTTP/1.1" 200 - "-"
- - - [29/Feb/2012:10:36:58 +0000] "GET /favicon.ico HTTP/1.1" 502 401 "-"
- - - [29/Feb/2012:10:37:13 +0000] "GET /perl/rocks.pl HTTP/1.1" 200 - "-"
- - - [29/Feb/2012:10:37:13 +0000] "GET /favicon.ico HTTP/1.1" 200 - "-"
- - - [29/Feb/2012:10:37:13 +0000] "GET /favicon.ico HTTP/1.1" 502 401 "-"
- - - [29/Feb/2012:10:37:13 +0000] "GET /perl/rocks.pl HTTP/1.1" 200 - "-"
- - - [29/Feb/2012:10:37:14 +0000] "GET /favicon.ico HTTP/1.1" 200 - "-"
- - - [29/Feb/2012:10:37:14 +0000] "GET /favicon.ico HTTP/1.1" 502 401 "-"
- - - [29/Feb/2012:10:37:14 +0000] "GET /perl/rocks.pl HTTP/1.1" 200 - "-"
- - - [29/Feb/2012:10:37:14 +0000] "GET /favicon.ico HTTP/1.1" 200 - "-"
- - - [29/Feb/2012:10:37:14 +0000] "GET /favicon.ico HTTP/1.1" 502 401 "-"
- - - [29/Feb/2012:10:37:14 +0000] "GET /perl/rocks.pl HTTP/1.1" 200 - "-"
- - - [29/Feb/2012:10:37:14 +0000] "GET /favicon.ico HTTP/1.1" 200 - "-"
- - - [29/Feb/2012:10:37:14 +0000] "GET /favicon.ico HTTP/1.1" 502 401 "-"
- - - [29/Feb/2012:10:39:04 +0000] "GET /rocks HTTP/1.1" 200 357 "-"
- - - [29/Feb/2012:10:39:04 +0000] "GET /favicon.ico HTTP/1.1" 200 357 "-"
- - - [29/Feb/2012:10:39:11 +0000] "GET /docroot/ HTTP/1.1" 200 357 "http://balance-test.com/rocks"
- - - [29/Feb/2012:10:39:11 +0000] "GET /favicon.ico HTTP/1.1" 200 357 "-"
- - - [29/Feb/2012:10:39:12 +0000] "GET /docroot/index.php HTTP/1.1" 200 80 "http://balance-test.com/docroot/"
- - - [29/Feb/2012:10:39:12 +0000] "GET /favicon.ico HTTP/1.1" 200 357 "-"
- - - [29/Feb/2012:10:39:15 +0000] "GET /favicon.ico HTTP/1.1" 200 357 "-"
- - - [29/Feb/2012:10:39:16 +0000] "GET /docroot/.htaccess HTTP/1.1" 200 357 "http://balance-test.com/docroot/"
- - - [29/Feb/2012:10:39:16 +0000] "GET /favicon.ico HTTP/1.1" 200 357 "-"
- - - [29/Feb/2012:10:39:18 +0000] "GET /favicon.ico HTTP/1.1" 200 357 "-"
- - - [29/Feb/2012:10:39:19 +0000] "GET /docroot/css/ HTTP/1.1" 200 357 "http://balance-test.com/docroot/"
- - - [29/Feb/2012:10:39:19 +0000] "GET /favicon.ico HTTP/1.1" 200 357 "-"
- - - [29/Feb/2012:10:39:21 +0000] "GET /docroot/css/docroot/ HTTP/1.1" 200 357 "http://balance-test.com/docroot/css/"
- - - [29/Feb/2012:10:39:21 +0000] "GET /favicon.ico HTTP/1.1" 200 357 "-"
- - - [29/Feb/2012:10:39:21 +0000] "GET /docroot/css/docroot/js/ HTTP/1.1" 200 357 "http://balance-test.com/docroot/css/docroot/"
- - - [29/Feb/2012:10:39:22 +0000] "GET /favicon.ico HTTP/1.1" 200 357 "-"
- - - [29/Feb/2012:10:39:23 +0000] "GET /favicon.ico HTTP/1.1" 200 357 "-"
- - - [29/Feb/2012:10:39:24 +0000] "GET /favicon.ico HTTP/1.1" 200 357 "-"
- - - [29/Feb/2012:10:39:25 +0000] "GET /favicon.ico HTTP/1.1" 200 357 "-"
- - - [29/Feb/2012:10:39:26 +0000] "GET /favicon.ico HTTP/1.1" 200 357 "-"
- - - [29/Feb/2012:10:39:29 +0000] "GET / HTTP/1.1" 200 357 "-"
- - - [29/Feb/2012:10:39:29 +0000] "GET /favicon.ico HTTP/1.1" 200 357 "-"
- - - [29/Feb/2012:10:39:45 +0000] "GET / HTTP/1.1" 502 379 "-"
- - - [29/Feb/2012:10:39:45 +0000] "GET /favicon.ico HTTP/1.1" 200 - "-"
- - - [29/Feb/2012:10:39:45 +0000] "GET /favicon.ico HTTP/1.1" 502 401 "-"
- - - [29/Feb/2012:10:40:14 +0000] "GET / HTTP/1.1" 200 2020 "-"
- - - [29/Feb/2012:10:40:15 +0000] "GET /css/style.css HTTP/1.1" 200 2425 "http://balance-test.com/"
- - - [29/Feb/2012:10:40:15 +0000] "GET /js/loader.js HTTP/1.1" 200 773 "http://balance-test.com/"
- - - [29/Feb/2012:10:40:15 +0000] "GET /js/jquery-1.4.js HTTP/1.1" 200 158407 "http://balance-test.com/"
- - - [29/Feb/2012:10:40:15 +0000] "GET /favicon.ico HTTP/1.1" 200 1407 "-"
- - - [29/Feb/2012:10:40:17 +0000] "GET / HTTP/1.1" 200 2020 "-"
- - - [29/Feb/2012:10:40:17 +0000] "GET /css/style.css HTTP/1.1" 304 - "http://balance-test.com/"
- - - [29/Feb/2012:10:40:17 +0000] "GET /js/jquery-1.4.js HTTP/1.1" 304 - "http://balance-test.com/"
- - - [29/Feb/2012:10:40:17 +0000] "GET /js/loader.js HTTP/1.1" 304 - "http://balance-test.com/"
- - - [29/Feb/2012:10:40:17 +0000] "GET /favicon.ico HTTP/1.1" 200 1407 "-"
- - - [29/Feb/2012:10:40:18 +0000] "GET / HTTP/1.1" 200 2020 "-"
- - - [29/Feb/2012:10:40:18 +0000] "GET /css/style.css HTTP/1.1" 304 - "http://balance-test.com/"
- - - [29/Feb/2012:10:40:18 +0000] "GET /js/jquery-1.4.js HTTP/1.1" 304 - "http://balance-test.com/"
- - - [29/Feb/2012:10:40:18 +0000] "GET /js/loader.js HTTP/1.1" 304 - "http://balance-test.com/"
- - - [29/Feb/2012:10:40:18 +0000] "GET /favicon.ico HTTP/1.1" 200 1407 "-"
- - - [29/Feb/2012:10:40:19 +0000] "GET / HTTP/1.1" 200 2020 "-"
- - - [29/Feb/2012:10:40:19 +0000] "GET /js/jquery-1.4.js HTTP/1.1" 304 - "http://balance-test.com/"
- - - [29/Feb/2012:10:40:19 +0000] "GET /css/style.css HTTP/1.1" 304 - "http://balance-test.com/"
- - - [29/Feb/2012:10:40:19 +0000] "GET /js/loader.js HTTP/1.1" 304 - "http://balance-test.com/"
- - - [29/Feb/2012:10:40:19 +0000] "GET /favicon.ico HTTP/1.1" 200 1407 "-"
- - - [29/Feb/2012:10:40:19 +0000] "GET / HTTP/1.1" 200 2020 "-"
- - - [29/Feb/2012:10:40:19 +0000] "GET /css/style.css HTTP/1.1" 304 - "http://balance-test.com/"
- - - [29/Feb/2012:10:40:19 +0000] "GET /js/loader.js HTTP/1.1" 304 - "http://balance-test.com/"
- - - [29/Feb/2012:10:40:19 +0000] "GET /js/jquery-1.4.js HTTP/1.1" 304 - "http://balance-test.com/"
- - - [29/Feb/2012:10:40:19 +0000] "GET /favicon.ico HTTP/1.1" 200 1407 "-"
- - - [29/Feb/2012:10:40:19 +0000] "GET / HTTP/1.1" 200 2020 "-"
- - - [29/Feb/2012:10:40:19 +0000] "GET /css/style.css HTTP/1.1" 304 - "http://balance-test.com/"
- - - [29/Feb/2012:10:40:19 +0000] "GET /js/jquery-1.4.js HTTP/1.1" 304 - "http://balance-test.com/"
- - - [29/Feb/2012:10:40:19 +0000] "GET /js/loader.js HTTP/1.1" 304 - "http://balance-test.com/"
- - - [29/Feb/2012:10:40:19 +0000] "GET /favicon.ico HTTP/1.1" 200 1407 "-"
- - - [29/Feb/2012:10:40:19 +0000] "GET / HTTP/1.1" 200 2020 "-"
- - - [29/Feb/2012:10:40:19 +0000] "GET /css/style.css HTTP/1.1" 304 - "http://balance-test.com/"
- - - [29/Feb/2012:10:40:19 +0000] "GET /js/jquery-1.4.js HTTP/1.1" 304 - "http://balance-test.com/"
- - - [29/Feb/2012:10:40:19 +0000] "GET /js/loader.js HTTP/1.1" 304 - "http://balance-test.com/"
- - - [29/Feb/2012:10:40:20 +0000] "GET /favicon.ico HTTP/1.1" 200 1407 "-"
- - - [29/Feb/2012:10:40:20 +0000] "GET / HTTP/1.1" 200 2020 "-"
- - - [29/Feb/2012:10:40:20 +0000] "GET /css/style.css HTTP/1.1" 304 - "http://balance-test.com/"
- - - [29/Feb/2012:10:40:20 +0000] "GET /js/jquery-1.4.js HTTP/1.1" 304 - "http://balance-test.com/"
- - - [29/Feb/2012:10:40:20 +0000] "GET /js/loader.js HTTP/1.1" 304 - "http://balance-test.com/"
- - - [29/Feb/2012:10:40:20 +0000] "GET /favicon.ico HTTP/1.1" 200 1407 "-"
- - - [29/Feb/2012:10:40:20 +0000] "GET / HTTP/1.1" 200 2020 "-"
- - - [29/Feb/2012:10:40:20 +0000] "GET /js/jquery-1.4.js HTTP/1.1" 304 - "http://balance-test.com/"
- - - [29/Feb/2012:10:40:20 +0000] "GET /js/loader.js HTTP/1.1" 304 - "http://balance-test.com/"
- - - [29/Feb/2012:10:40:20 +0000] "GET /css/style.css HTTP/1.1" 304 - "http://balance-test.com/"
- - - [29/Feb/2012:10:40:20 +0000] "GET /favicon.ico HTTP/1.1" 200 1407 "-"
- - - [29/Feb/2012:10:40:20 +0000] "GET / HTTP/1.1" 200 2020 "-"
- - - [29/Feb/2012:10:40:20 +0000] "GET /css/style.css HTTP/1.1" 304 - "http://balance-test.com/"
- - - [29/Feb/2012:10:40:20 +0000] "GET /js/jquery-1.4.js HTTP/1.1" 304 - "http://balance-test.com/"
- - - [29/Feb/2012:10:40:20 +0000] "GET /js/loader.js HTTP/1.1" 304 - "http://balance-test.com/"
- - - [29/Feb/2012:10:40:20 +0000] "GET /favicon.ico HTTP/1.1" 200 1407 "-"
- - - [29/Feb/2012:10:40:25 +0000] "GET / HTTP/1.1" 200 2020 "-"
- - - [29/Feb/2012:10:40:26 +0000] "GET /css/style.css HTTP/1.1" 200 2425 "https://balance-test.com/"
- - - [29/Feb/2012:10:40:26 +0000] "GET /js/loader.js HTTP/1.1" 200 773 "https://balance-test.com/"
- - - [29/Feb/2012:10:40:26 +0000] "GET /js/jquery-1.4.js HTTP/1.1" 200 158407 "https://balance-test.com/"
- - - [29/Feb/2012:10:40:26 +0000] "GET /favicon.ico HTTP/1.1" 200 1407 "-"
- - - [29/Feb/2012:10:40:27 +0000] "GET / HTTP/1.1" 200 2020 "-"
- - - [29/Feb/2012:10:40:27 +0000] "GET /css/style.css HTTP/1.1" 304 - "https://balance-test.com/"
- - - [29/Feb/2012:10:40:27 +0000] "GET /js/jquery-1.4.js HTTP/1.1" 304 - "https://balance-test.com/"
- - - [29/Feb/2012:10:40:27 +0000] "GET /js/loader.js HTTP/1.1" 200 773 "https://balance-test.com/"
- - - [29/Feb/2012:10:40:27 +0000] "GET /js/loader.js HTTP/1.1" 304 - "-"
- - - [29/Feb/2012:10:40:27 +0000] "GET /favicon.ico HTTP/1.1" 200 1407 "-"
- - - [29/Feb/2012:10:40:28 +0000] "GET / HTTP/1.1" 200 2020 "-"
- - - [29/Feb/2012:10:40:28 +0000] "GET /css/style.css HTTP/1.1" 304 - "https://balance-test.com/"
- - - [29/Feb/2012:10:40:28 +0000] "GET /js/jquery-1.4.js HTTP/1.1" 304 - "https://balance-test.com/"
- - - [29/Feb/2012:10:40:28 +0000] "GET /js/loader.js HTTP/1.1" 200 773 "https://balance-test.com/"
- - - [29/Feb/2012:10:40:28 +0000] "GET /js/loader.js HTTP/1.1" 304 - "-"
- - - [29/Feb/2012:10:40:28 +0000] "GET /favicon.ico HTTP/1.1" 200 1407 "-"
- - - [29/Feb/2012:10:40:28 +0000] "GET / HTTP/1.1" 200 2020 "-"
- - - [29/Feb/2012:10:40:28 +0000] "GET /css/style.css HTTP/1.1" 304 - "https://balance-test.com/"
- - - [29/Feb/2012:10:40:28 +0000] "GET /js/jquery-1.4.js HTTP/1.1" 304 - "https://balance-test.com/"
- - - [29/Feb/2012:10:40:28 +0000] "GET /js/loader.js HTTP/1.1" 200 773 "https://balance-test.com/"
- - - [29/Feb/2012:10:40:28 +0000] "GET /js/loader.js HTTP/1.1" 304 - "-"
- - - [29/Feb/2012:10:40:28 +0000] "GET /favicon.ico HTTP/1.1" 200 1407 "-"
- - - [29/Feb/2012:10:40:28 +0000] "GET / HTTP/1.1" 200 2020 "-"
- - - [29/Feb/2012:10:40:28 +0000] "GET /css/style.css HTTP/1.1" 304 - "https://balance-test.com/"
- - - [29/Feb/2012:10:40:28 +0000] "GET /js/jquery-1.4.js HTTP/1.1" 304 - "https://balance-test.com/"
- - - [29/Feb/2012:10:40:28 +0000] "GET /js/loader.js HTTP/1.1" 200 773 "https://balance-test.com/"
- - - [29/Feb/2012:10:40:28 +0000] "GET /js/loader.js HTTP/1.1" 304 - "-"
- - - [29/Feb/2012:10:40:28 +0000] "GET /favicon.ico HTTP/1.1" 200 1407 "-"
- - - [29/Feb/2012:10:40:28 +0000] "GET / HTTP/1.1" 200 2020 "-"
- - - [29/Feb/2012:10:40:28 +0000] "GET /css/style.css HTTP/1.1" 304 - "https://balance-test.com/"
- - - [29/Feb/2012:10:40:28 +0000] "GET /js/jquery-1.4.js HTTP/1.1" 304 - "https://balance-test.com/"
- - - [29/Feb/2012:10:40:28 +0000] "GET /js/loader.js HTTP/1.1" 200 773 "https://balance-test.com/"
- - - [29/Feb/2012:10:40:28 +0000] "GET /js/loader.js HTTP/1.1" 304 - "-"
- - - [29/Feb/2012:10:40:28 +0000] "GET /favicon.ico HTTP/1.1" 200 1407 "-"
- - - [29/Feb/2012:10:40:29 +0000] "GET / HTTP/1.1" 200 2020 "-"
- - - [29/Feb/2012:10:40:29 +0000] "GET /css/style.css HTTP/1.1" 304 - "https://balance-test.com/"
- - - [29/Feb/2012:10:40:29 +0000] "GET /js/jquery-1.4.js HTTP/1.1" 304 - "https://balance-test.com/"
- - - [29/Feb/2012:10:40:29 +0000] "GET /js/loader.js HTTP/1.1" 200 773 "https://balance-test.com/"
- - - [29/Feb/2012:10:40:29 +0000] "GET /js/loader.js HTTP/1.1" 304 - "-"
- - - [29/Feb/2012:10:40:29 +0000] "GET /favicon.ico HTTP/1.1" 200 1407 "-"
- - - [29/Feb/2012:10:40:29 +0000] "GET / HTTP/1.1" 200 2020 "-"
- - - [29/Feb/2012:10:40:29 +0000] "GET /js/jquery-1.4.js HTTP/1.1" 304 - "https://balance-test.com/"
- - - [29/Feb/2012:10:40:29 +0000] "GET /css/style.css HTTP/1.1" 304 - "https://balance-test.com/"
- - - [29/Feb/2012:10:40:29 +0000] "GET /js/loader.js HTTP/1.1" 200 773 "https://balance-test.com/"
- - - [29/Feb/2012:10:40:29 +0000] "GET /js/loader.js HTTP/1.1" 304 - "-"
- - - [29/Feb/2012:10:40:29 +0000] "GET /favicon.ico HTTP/1.1" 200 1407 "-"
- - - [29/Feb/2012:10:40:29 +0000] "GET / HTTP/1.1" 200 2020 "-"
- - - [29/Feb/2012:10:40:29 +0000] "GET /css/style.css HTTP/1.1" 304 - "https://balance-test.com/"
- - - [29/Feb/2012:10:40:29 +0000] "GET /js/jquery-1.4.js HTTP/1.1" 304 - "https://balance-test.com/"
- - - [29/Feb/2012:10:40:29 +0000] "GET /js/loader.js HTTP/1.1" 200 773 "https://balance-test.com/"
- - - [29/Feb/2012:10:40:29 +0000] "GET /js/loader.js HTTP/1.1" 304 - "-"
- - - [29/Feb/2012:10:40:29 +0000] "GET /favicon.ico HTTP/1.1" 200 1407 "-"
- - - [29/Feb/2012:10:40:29 +0000] "GET / HTTP/1.1" 200 2020 "-"
- - - [29/Feb/2012:10:40:29 +0000] "GET /js/jquery-1.4.js HTTP/1.1" 304 - "https://balance-test.com/"
- - - [29/Feb/2012:10:40:29 +0000] "GET /css/style.css HTTP/1.1" 304 - "https://balance-test.com/"
- - - [29/Feb/2012:10:40:29 +0000] "GET /js/loader.js HTTP/1.1" 200 773 "https://balance-test.com/"
- - - [29/Feb/2012:10:40:29 +0000] "GET /js/loader.js HTTP/1.1" 304 - "-"
- - - [29/Feb/2012:10:40:29 +0000] "GET /favicon.ico HTTP/1.1" 200 1407 "-"
- - - [29/Feb/2012:10:40:30 +0000] "GET / HTTP/1.1" 200 2020 "-"
- - - [29/Feb/2012:10:40:30 +0000] "GET /favicon.ico HTTP/1.1" 200 1407 "-"
- - - [29/Feb/2012:10:41:32 +0000] "OPTIONS * HTTP/1.0" 200 - "-"
- - - [29/Feb/2012:10:41:33 +0000] "OPTIONS * HTTP/1.0" 200 - "-"
- - - [29/Feb/2012:10:44:32 +0000] "GET / HTTP/1.1" 500 538 "-"
- - - [29/Feb/2012:10:44:32 +0000] "GET /favicon.ico HTTP/1.1" 500 538 "-"
- - - [29/Feb/2012:10:44:40 +0000] "GET / HTTP/1.1" 500 538 "-"
- - - [29/Feb/2012:10:44:41 +0000] "GET /favicon.ico HTTP/1.1" 500 538 "-"
- - - [29/Feb/2012:10:45:42 +0000] "GET / HTTP/1.1" 500 538 "-"
- - - [29/Feb/2012:10:45:42 +0000] "GET /favicon.ico HTTP/1.1" 500 538 "-"
- - - [29/Feb/2012:10:48:23 +0000] "GET / HTTP/1.1" 502 379 "-"
- - - [29/Feb/2012:10:48:24 +0000] "GET /favicon.ico HTTP/1.1" 200 - "-"
- - - [29/Feb/2012:10:48:24 +0000] "GET /favicon.ico HTTP/1.1" 502 401 "-"
- - - [29/Feb/2012:10:50:54 +0000] "GET / HTTP/1.1" 404 198 "-"
- - - [29/Feb/2012:10:50:55 +0000] "GET /favicon.ico HTTP/1.1" 404 198 "-"
- - - [29/Feb/2012:10:51:12 +0000] "GET / HTTP/1.1" 404 198 "-"
- - - [29/Feb/2012:10:51:12 +0000] "GET /favicon.ico HTTP/1.1" 404 198 "-"
- - - [29/Feb/2012:10:51:18 +0000] "GET / HTTP/1.1" 404 198 "-"
- - - [29/Feb/2012:10:51:18 +0000] "GET /favicon.ico HTTP/1.1" 404 198 "-"
- - - [29/Feb/2012:10:51:53 +0000] "GET / HTTP/1.1" 200 2020 "-"
- - - [29/Feb/2012:10:51:53 +0000] "GET /css/style.css HTTP/1.1" 304 - "http://balance-test.com/"
- - - [29/Feb/2012:10:51:53 +0000] "GET /js/jquery-1.4.js HTTP/1.1" 304 - "http://balance-test.com/"
- - - [29/Feb/2012:10:51:53 +0000] "GET /js/loader.js HTTP/1.1" 304 - "http://balance-test.com/"
- - - [29/Feb/2012:10:51:53 +0000] "GET /favicon.ico HTTP/1.1" 200 1407 "-"
- - - [29/Feb/2012:10:52:02 +0000] "GET / HTTP/1.1" 200 - "-"
- - - [29/Feb/2012:10:52:02 +0000] "GET / HTTP/1.1" 200 - "-"
- - - [29/Feb/2012:10:52:02 +0000] "GET / HTTP/1.1" 200 - "-"
- - - [29/Feb/2012:10:52:02 +0000] "GET / HTTP/1.1" 502 379 "-"
- - - [29/Feb/2012:10:52:02 +0000] "GET /favicon.ico HTTP/1.1" 200 - "-"
- - - [29/Feb/2012:10:52:02 +0000] "GET /favicon.ico HTTP/1.1" 502 401 "-"
- - - [29/Feb/2012:10:54:28 +0000] "GET / HTTP/1.1" 500 538 "-"
- - - [29/Feb/2012:10:54:28 +0000] "GET /favicon.ico HTTP/1.1" 500 538 "-"
- - - [29/Feb/2012:10:54:46 +0000] "GET / HTTP/1.1" 404 198 "-"
- - - [29/Feb/2012:10:54:46 +0000] "GET /favicon.ico HTTP/1.1" 404 198 "-"
- - - [29/Feb/2012:10:59:06 +0000] "GET / HTTP/1.1" 502 379 "-"
- - - [29/Feb/2012:10:59:06 +0000] "GET /favicon.ico HTTP/1.1" 200 - "-"
- - - [29/Feb/2012:10:59:06 +0000] "GET /favicon.ico HTTP/1.1" 502 401 "-"
- - - [29/Feb/2012:10:59:38 +0000] "GET / HTTP/1.1" 200 - "-"
- - - [29/Feb/2012:10:59:38 +0000] "GET / HTTP/1.1" 502 379 "-"
- - - [29/Feb/2012:10:59:38 +0000] "GET /favicon.ico HTTP/1.1" 200 - "-"
- - - [29/Feb/2012:10:59:38 +0000] "GET /favicon.ico HTTP/1.1" 502 401 "-"
- - - [29/Feb/2012:10:59:44 +0000] "GET / HTTP/1.1" 500 538 "-"
- - - [29/Feb/2012:10:59:44 +0000] "GET /favicon.ico HTTP/1.1" 500 538 "-"
- - - [29/Feb/2012:10:59:52 +0000] "GET / HTTP/1.1" 500 538 "-"
- - - [29/Feb/2012:10:59:52 +0000] "GET /favicon.ico HTTP/1.1" 500 538 "-"
- - - [29/Feb/2012:10:59:57 +0000] "GET / HTTP/1.1" 200 2020 "-"
- - - [29/Feb/2012:10:59:58 +0000] "GET /css/style.css HTTP/1.1" 304 - "http://balance-test.com/"
- - - [29/Feb/2012:10:59:58 +0000] "GET /js/jquery-1.4.js HTTP/1.1" 304 - "http://balance-test.com/"
- - - [29/Feb/2012:10:59:58 +0000] "GET /js/loader.js HTTP/1.1" 304 - "http://balance-test.com/"
- - - [29/Feb/2012:10:59:58 +0000] "GET /favicon.ico HTTP/1.1" 200 1407 "-"
- - - [29/Feb/2012:11:01:20 +0000] "GET / HTTP/1.1" 500 538 "-"
- - - [29/Feb/2012:11:01:21 +0000] "GET /favicon.ico HTTP/1.1" 500 538 "-"
- - - [29/Feb/2012:11:01:46 +0000] "GET / HTTP/1.1" 500 538 "-"
- - - [29/Feb/2012:11:01:46 +0000] "GET /favicon.ico HTTP/1.1" 500 538 "-"
- - - [29/Feb/2012:11:01:55 +0000] "GET / HTTP/1.1" 502 379 "-"
- - - [29/Feb/2012:11:01:55 +0000] "GET /favicon.ico HTTP/1.1" 200 - "-"
- - - [29/Feb/2012:11:01:55 +0000] "GET /favicon.ico HTTP/1.1" 502 401 "-"
- - - [29/Feb/2012:11:03:41 +0000] "GET / HTTP/1.1" 502 379 "-"
- - - [29/Feb/2012:11:03:41 +0000] "GET /favicon.ico HTTP/1.1" 200 - "-"
- - - [29/Feb/2012:11:03:41 +0000] "GET /favicon.ico HTTP/1.1" 502 401 "-"
- - - [29/Feb/2012:11:09:04 +0000] "GET / HTTP/1.1" 502 379 "-"
- - - [29/Feb/2012:11:09:04 +0000] "GET /favicon.ico HTTP/1.1" 200 - "-"
- - - [29/Feb/2012:11:09:04 +0000] "GET /favicon.ico HTTP/1.1" 502 401 "-"
