[Fri Feb 22 10:15:10 2013] [info] Init: Seeding PRNG with 0 bytes of entropy
[Fri Feb 22 10:15:10 2013] [info] Init: Generating temporary RSA private keys (512/1024 bits)
[Fri Feb 22 10:15:10 2013] [info] Init: Generating temporary DH parameters (512/1024 bits)
[Fri Feb 22 10:15:10 2013] [error] (120002)APR does not understand this error code: Cannot create SSLSessionCache DBM file `/export/logs/ssl_gcache_data'
[Fri Feb 22 10:15:10 2013] [info] Init: Initializing (virtual) servers for SSL
[Fri Feb 22 10:15:10 2013] [info] mod_ssl/2.2.22 compiled against Server: Apache/2.2.22, Library: OpenSSL/1.0.1
[Fri Feb 22 15:29:49 2013] [info] Init: Seeding PRNG with 0 bytes of entropy
[Fri Feb 22 15:29:49 2013] [info] Init: Generating temporary RSA private keys (512/1024 bits)
[Fri Feb 22 15:29:49 2013] [info] Init: Generating temporary DH parameters (512/1024 bits)
[Fri Feb 22 15:29:49 2013] [error] (120002)APR does not understand this error code: Cannot create SSLSessionCache DBM file `/export/logs/ssl_gcache_data'
[Fri Feb 22 15:29:49 2013] [info] Init: Initializing (virtual) servers for SSL
[Fri Feb 22 15:29:49 2013] [info] mod_ssl/2.2.22 compiled against Server: Apache/2.2.22, Library: OpenSSL/1.0.1
[Fri Feb 22 15:41:43 2013] [info] Init: Seeding PRNG with 0 bytes of entropy
[Fri Feb 22 15:41:43 2013] [info] Init: Generating temporary RSA private keys (512/1024 bits)
[Fri Feb 22 15:41:43 2013] [info] Init: Generating temporary DH parameters (512/1024 bits)
[Fri Feb 22 15:41:43 2013] [error] (120002)APR does not understand this error code: Cannot create SSLSessionCache DBM file `/export/logs/ssl_gcache_data'
[Fri Feb 22 15:41:43 2013] [info] Init: Initializing (virtual) servers for SSL
[Fri Feb 22 15:41:43 2013] [info] mod_ssl/2.2.22 compiled against Server: Apache/2.2.22, Library: OpenSSL/1.0.1
[Fri Feb 22 15:42:20 2013] [info] Init: Seeding PRNG with 0 bytes of entropy
[Fri Feb 22 15:42:20 2013] [info] Init: Generating temporary RSA private keys (512/1024 bits)
[Fri Feb 22 15:42:20 2013] [info] Init: Generating temporary DH parameters (512/1024 bits)
[Fri Feb 22 15:42:20 2013] [error] (120002)APR does not understand this error code: Cannot create SSLSessionCache DBM file `/export/logs/ssl_gcache_data'
[Fri Feb 22 15:42:20 2013] [info] Init: Initializing (virtual) servers for SSL
[Fri Feb 22 15:42:20 2013] [info] mod_ssl/2.2.22 compiled against Server: Apache/2.2.22, Library: OpenSSL/1.0.1
[Fri Feb 22 15:43:36 2013] [info] Init: Seeding PRNG with 0 bytes of entropy
[Fri Feb 22 15:43:36 2013] [info] Init: Generating temporary RSA private keys (512/1024 bits)
[Fri Feb 22 15:43:36 2013] [info] Init: Generating temporary DH parameters (512/1024 bits)
[Fri Feb 22 15:43:36 2013] [error] (120002)APR does not understand this error code: Cannot create SSLSessionCache DBM file `/export/logs/ssl_gcache_data'
[Fri Feb 22 15:43:36 2013] [info] Init: Initializing (virtual) servers for SSL
[Fri Feb 22 15:43:36 2013] [info] mod_ssl/2.2.22 compiled against Server: Apache/2.2.22, Library: OpenSSL/1.0.1
[Fri Feb 22 15:45:11 2013] [info] Init: Seeding PRNG with 0 bytes of entropy
[Fri Feb 22 15:45:11 2013] [info] Init: Generating temporary RSA private keys (512/1024 bits)
[Fri Feb 22 15:45:11 2013] [info] Init: Generating temporary DH parameters (512/1024 bits)
[Fri Feb 22 15:45:11 2013] [error] (120002)APR does not understand this error code: Cannot create SSLSessionCache DBM file `/export/logs/ssl_gcache_data'
[Fri Feb 22 15:45:11 2013] [info] Init: Initializing (virtual) servers for SSL
[Fri Feb 22 15:45:11 2013] [info] mod_ssl/2.2.22 compiled against Server: Apache/2.2.22, Library: OpenSSL/1.0.1
[Fri Feb 22 15:46:59 2013] [info] Init: Seeding PRNG with 0 bytes of entropy
[Fri Feb 22 15:46:59 2013] [info] Init: Generating temporary RSA private keys (512/1024 bits)
[Fri Feb 22 15:46:59 2013] [info] Init: Generating temporary DH parameters (512/1024 bits)
[Fri Feb 22 15:46:59 2013] [error] (120002)APR does not understand this error code: Cannot create SSLSessionCache DBM file `/export/logs/ssl_gcache_data'
[Fri Feb 22 15:46:59 2013] [info] Init: Initializing (virtual) servers for SSL
[Fri Feb 22 15:46:59 2013] [info] mod_ssl/2.2.22 compiled against Server: Apache/2.2.22, Library: OpenSSL/1.0.1
[Fri Feb 22 16:01:05 2013] [info] Init: Seeding PRNG with 0 bytes of entropy
[Fri Feb 22 16:01:05 2013] [info] Init: Generating temporary RSA private keys (512/1024 bits)
[Fri Feb 22 16:01:05 2013] [info] Init: Generating temporary DH parameters (512/1024 bits)
[Fri Feb 22 16:01:06 2013] [error] (120002)APR does not understand this error code: Cannot create SSLSessionCache DBM file `/export/logs/ssl_gcache_data'
[Fri Feb 22 16:01:06 2013] [info] Init: Initializing (virtual) servers for SSL
[Fri Feb 22 16:01:06 2013] [info] mod_ssl/2.2.22 compiled against Server: Apache/2.2.22, Library: OpenSSL/1.0.1
[Fri Feb 22 17:02:48 2013] [info] Init: Seeding PRNG with 0 bytes of entropy
[Fri Feb 22 17:02:48 2013] [info] Init: Generating temporary RSA private keys (512/1024 bits)
[Fri Feb 22 17:02:48 2013] [info] Init: Generating temporary DH parameters (512/1024 bits)
[Fri Feb 22 17:02:48 2013] [error] (120002)APR does not understand this error code: Cannot create SSLSessionCache DBM file `/export/logs/ssl_gcache_data'
[Fri Feb 22 17:02:48 2013] [info] Init: Initializing (virtual) servers for SSL
[Fri Feb 22 17:02:48 2013] [info] mod_ssl/2.2.22 compiled against Server: Apache/2.2.22, Library: OpenSSL/1.0.1
