- - - [21/Feb/2012:11:56:57 +0000] "GET / HTTP/1.1" 200 52 "-"
- - - [21/Feb/2012:11:56:57 +0000] "GET /images/Screenshot.png HTTP/1.1" 304 - "http://balance-test.com/"
- - - [21/Feb/2012:11:56:57 +0000] "GET /favicon.ico HTTP/1.1" 404 209 "-"
- - - [21/Feb/2012:11:57:15 +0000] "GET /pulldata.php HTTP/1.1" 200 110 "-"
- - - [21/Feb/2012:11:57:16 +0000] "GET /favicon.ico HTTP/1.1" 404 209 "-"
- - - [21/Feb/2012:11:57:42 +0000] "GET /pulldata.php?name=Mark;storage=read;pattern=the HTTP/1.1" 200 110 "-"
- - - [21/Feb/2012:11:57:43 +0000] "GET /favicon.ico HTTP/1.1" 404 209 "-"
- - - [21/Feb/2012:11:58:03 +0000] "GET /pulldata.php?user=Mark;storage=file HTTP/1.1" 200 127 "-"
- - - [21/Feb/2012:11:58:04 +0000] "GET /favicon.ico HTTP/1.1" 404 209 "-"
- - - [21/Feb/2012:11:58:17 +0000] "GET /pulldata.php?user=Mark&storage=file HTTP/1.1" 200 32 "-"
- - - [21/Feb/2012:11:58:19 +0000] "GET /favicon.ico HTTP/1.1" 404 209 "-"
- - - [21/Feb/2012:11:58:55 +0000] "GET /pulldata.php?user=Mark&storage=file HTTP/1.1" 200 17 "-"
- - - [21/Feb/2012:11:58:57 +0000] "GET /favicon.ico HTTP/1.1" 404 209 "-"
- - - [21/Feb/2012:11:59:10 +0000] "GET /pulldata.php?user=Mark&storage=read HTTP/1.1" 200 894 "-"
- - - [21/Feb/2012:11:59:10 +0000] "GET /favicon.ico HTTP/1.1" 404 209 "-"
- - - [21/Feb/2012:12:01:11 +0000] "GET /pulldata.php?user=Mark&storage=read HTTP/1.1" 200 894 "-"
- - - [21/Feb/2012:12:01:11 +0000] "GET /favicon.ico HTTP/1.1" 404 209 "-"
- - - [21/Feb/2012:12:01:13 +0000] "GET /pulldata.php?user=Mark&storage=read HTTP/1.1" 200 894 "-"
- - - [21/Feb/2012:12:01:13 +0000] "GET /favicon.ico HTTP/1.1" 404 209 "-"
- - - [21/Feb/2012:12:01:13 +0000] "GET /pulldata.php?user=Mark&storage=read HTTP/1.1" 200 894 "-"
- - - [21/Feb/2012:12:01:13 +0000] "GET /favicon.ico HTTP/1.1" 404 209 "-"
- - - [21/Feb/2012:12:01:14 +0000] "GET /pulldata.php?user=Mark&storage=read HTTP/1.1" 200 894 "-"
- - - [21/Feb/2012:12:01:14 +0000] "GET /favicon.ico HTTP/1.1" 404 209 "-"
- - - [21/Feb/2012:12:01:14 +0000] "GET /pulldata.php?user=Mark&storage=read HTTP/1.1" 200 894 "-"
- - - [21/Feb/2012:12:01:14 +0000] "GET /favicon.ico HTTP/1.1" 404 209 "-"
- - - [21/Feb/2012:12:01:18 +0000] "GET /pulldata.php?user=Mark&storage=file HTTP/1.1" 200 17 "-"
- - - [21/Feb/2012:12:01:19 +0000] "GET /favicon.ico HTTP/1.1" 404 209 "-"
- - - [21/Feb/2012:12:01:31 +0000] "GET /pulldata.php?user=Mark&storage=read&pattern=The HTTP/1.1" 200 19 "-"
- - - [21/Feb/2012:12:01:31 +0000] "GET /favicon.ico HTTP/1.1" 404 209 "-"
- - - [21/Feb/2012:12:01:39 +0000] "GET /pulldata.php?user=Mark&storage=read HTTP/1.1" 200 894 "-"
- - - [21/Feb/2012:12:01:39 +0000] "GET /favicon.ico HTTP/1.1" 404 209 "-"
- - - [21/Feb/2012:12:01:46 +0000] "GET /pulldata.php?user=Mark&storage=read&pattern=anyway HTTP/1.1" 200 128 "-"
- - - [21/Feb/2012:12:01:46 +0000] "GET /favicon.ico HTTP/1.1" 404 209 "-"
- - - [21/Feb/2012:12:02:56 +0000] "GET /pulldata.php?user=Mark&storage=read&pattern=anyway HTTP/1.1" 200 140 "-"
- - - [21/Feb/2012:12:02:57 +0000] "GET /favicon.ico HTTP/1.1" 404 209 "-"
- - - [21/Feb/2012:12:03:01 +0000] "GET /pulldata.php?user=Mark&storage=read HTTP/1.1" 200 1020 "-"
- - - [21/Feb/2012:12:03:01 +0000] "GET /favicon.ico HTTP/1.1" 404 209 "-"
- - - [21/Feb/2012:12:03:06 +0000] "GET /pulldata.php?user=Mark&storage=file HTTP/1.1" 200 38 "-"
- - - [21/Feb/2012:12:03:07 +0000] "GET /favicon.ico HTTP/1.1" 404 209 "-"
- - - [21/Feb/2012:12:03:45 +0000] "GET /pulldata.php?user=Mark&storage=file HTTP/1.1" 200 38 "-"
- - - [21/Feb/2012:12:03:47 +0000] "GET /favicon.ico HTTP/1.1" 404 209 "-"
- - - [21/Feb/2012:12:04:16 +0000] "GET /pulldata.php?user=Mark&storage=file HTTP/1.1" 200 17 "-"
- - - [21/Feb/2012:12:04:18 +0000] "GET /favicon.ico HTTP/1.1" 404 209 "-"
- - - [21/Feb/2012:12:04:26 +0000] "GET /pulldata.php?user=Mark&storage=db HTTP/1.1" 200 1879 "-"
- - - [21/Feb/2012:12:04:27 +0000] "GET /favicon.ico HTTP/1.1" 404 209 "-"
- - - [21/Feb/2012:12:05:42 +0000] "GET /pulldata.php?user=Mark&storage=db HTTP/1.1" 200 1979 "-"
- - - [21/Feb/2012:12:05:43 +0000] "GET /favicon.ico HTTP/1.1" 404 209 "-"
- - - [21/Feb/2012:12:05:50 +0000] "GET /pulldata.php?user=Mark&storage=read HTTP/1.1" 200 1020 "-"
- - - [21/Feb/2012:12:05:50 +0000] "GET /favicon.ico HTTP/1.1" 404 209 "-"
- - - [21/Feb/2012:12:05:59 +0000] "GET /pulldata.php?user=Mark&storage=read&pattern=OKLAHOMA HTTP/1.1" 200 93 "-"
- - - [21/Feb/2012:12:06:00 +0000] "GET /favicon.ico HTTP/1.1" 404 209 "-"
