[Mon Feb 11 09:04:58 2013] [info] Init: Seeding PRNG with 0 bytes of entropy
[Mon Feb 11 09:04:58 2013] [info] Init: Generating temporary RSA private keys (512/1024 bits)
[Mon Feb 11 09:04:58 2013] [info] Init: Generating temporary DH parameters (512/1024 bits)
[Mon Feb 11 09:04:58 2013] [error] (120002)APR does not understand this error code: Cannot create SSLSessionCache DBM file `/export/logs/ssl_gcache_data'
[Mon Feb 11 09:04:58 2013] [info] Init: Initializing (virtual) servers for SSL
[Mon Feb 11 09:04:58 2013] [info] mod_ssl/2.2.22 compiled against Server: Apache/2.2.22, Library: OpenSSL/1.0.1
[Mon Feb 11 09:49:47 2013] [info] Init: Seeding PRNG with 0 bytes of entropy
[Mon Feb 11 09:49:47 2013] [info] Init: Generating temporary RSA private keys (512/1024 bits)
[Mon Feb 11 09:49:47 2013] [info] Init: Generating temporary DH parameters (512/1024 bits)
[Mon Feb 11 09:49:47 2013] [error] (120002)APR does not understand this error code: Cannot create SSLSessionCache DBM file `/export/logs/ssl_gcache_data'
[Mon Feb 11 09:49:47 2013] [info] Init: Initializing (virtual) servers for SSL
[Mon Feb 11 09:49:47 2013] [info] mod_ssl/2.2.22 compiled against Server: Apache/2.2.22, Library: OpenSSL/1.0.1
[Mon Feb 11 09:52:47 2013] [info] Init: Seeding PRNG with 0 bytes of entropy
[Mon Feb 11 09:52:47 2013] [info] Init: Generating temporary RSA private keys (512/1024 bits)
[Mon Feb 11 09:52:47 2013] [info] Init: Generating temporary DH parameters (512/1024 bits)
[Mon Feb 11 09:52:47 2013] [error] (120002)APR does not understand this error code: Cannot create SSLSessionCache DBM file `/export/logs/ssl_gcache_data'
[Mon Feb 11 09:52:47 2013] [info] Init: Initializing (virtual) servers for SSL
[Mon Feb 11 09:52:47 2013] [info] mod_ssl/2.2.22 compiled against Server: Apache/2.2.22, Library: OpenSSL/1.0.1
[Mon Feb 11 09:54:52 2013] [info] Init: Seeding PRNG with 0 bytes of entropy
[Mon Feb 11 09:54:52 2013] [info] Init: Generating temporary RSA private keys (512/1024 bits)
[Mon Feb 11 09:54:52 2013] [info] Init: Generating temporary DH parameters (512/1024 bits)
[Mon Feb 11 09:54:52 2013] [error] (120002)APR does not understand this error code: Cannot create SSLSessionCache DBM file `/export/logs/ssl_gcache_data'
[Mon Feb 11 09:54:52 2013] [info] Init: Initializing (virtual) servers for SSL
[Mon Feb 11 09:54:52 2013] [info] mod_ssl/2.2.22 compiled against Server: Apache/2.2.22, Library: OpenSSL/1.0.1
[Mon Feb 11 09:57:56 2013] [info] Init: Seeding PRNG with 0 bytes of entropy
[Mon Feb 11 09:57:56 2013] [info] Init: Generating temporary RSA private keys (512/1024 bits)
[Mon Feb 11 09:57:56 2013] [info] Init: Generating temporary DH parameters (512/1024 bits)
[Mon Feb 11 09:57:56 2013] [error] (120002)APR does not understand this error code: Cannot create SSLSessionCache DBM file `/export/logs/ssl_gcache_data'
[Mon Feb 11 09:57:56 2013] [info] Init: Initializing (virtual) servers for SSL
[Mon Feb 11 09:57:56 2013] [info] mod_ssl/2.2.22 compiled against Server: Apache/2.2.22, Library: OpenSSL/1.0.1
[Mon Feb 11 10:02:57 2013] [info] Init: Seeding PRNG with 0 bytes of entropy
[Mon Feb 11 10:02:57 2013] [info] Init: Generating temporary RSA private keys (512/1024 bits)
[Mon Feb 11 10:02:57 2013] [info] Init: Generating temporary DH parameters (512/1024 bits)
[Mon Feb 11 10:02:57 2013] [error] (120002)APR does not understand this error code: Cannot create SSLSessionCache DBM file `/export/logs/ssl_gcache_data'
[Mon Feb 11 10:02:57 2013] [info] Init: Initializing (virtual) servers for SSL
[Mon Feb 11 10:02:57 2013] [info] mod_ssl/2.2.22 compiled against Server: Apache/2.2.22, Library: OpenSSL/1.0.1
[Mon Feb 11 10:06:58 2013] [info] Init: Seeding PRNG with 0 bytes of entropy
[Mon Feb 11 10:06:58 2013] [info] Init: Generating temporary RSA private keys (512/1024 bits)
[Mon Feb 11 10:06:58 2013] [info] Init: Generating temporary DH parameters (512/1024 bits)
[Mon Feb 11 10:06:58 2013] [error] (120002)APR does not understand this error code: Cannot create SSLSessionCache DBM file `/export/logs/ssl_gcache_data'
[Mon Feb 11 10:06:58 2013] [info] Init: Initializing (virtual) servers for SSL
[Mon Feb 11 10:06:58 2013] [info] mod_ssl/2.2.22 compiled against Server: Apache/2.2.22, Library: OpenSSL/1.0.1
[Mon Feb 11 10:07:43 2013] [info] Init: Seeding PRNG with 0 bytes of entropy
[Mon Feb 11 10:07:43 2013] [info] Init: Generating temporary RSA private keys (512/1024 bits)
[Mon Feb 11 10:07:43 2013] [info] Init: Generating temporary DH parameters (512/1024 bits)
[Mon Feb 11 10:07:43 2013] [error] (120002)APR does not understand this error code: Cannot create SSLSessionCache DBM file `/export/logs/ssl_gcache_data'
[Mon Feb 11 10:07:43 2013] [info] Init: Initializing (virtual) servers for SSL
[Mon Feb 11 10:07:43 2013] [info] mod_ssl/2.2.22 compiled against Server: Apache/2.2.22, Library: OpenSSL/1.0.1
[Mon Feb 11 10:08:41 2013] [info] Init: Seeding PRNG with 0 bytes of entropy
[Mon Feb 11 10:08:41 2013] [info] Init: Generating temporary RSA private keys (512/1024 bits)
[Mon Feb 11 10:08:41 2013] [info] Init: Generating temporary DH parameters (512/1024 bits)
[Mon Feb 11 10:08:41 2013] [error] (120002)APR does not understand this error code: Cannot create SSLSessionCache DBM file `/export/logs/ssl_gcache_data'
[Mon Feb 11 10:08:41 2013] [info] Init: Initializing (virtual) servers for SSL
[Mon Feb 11 10:08:41 2013] [info] mod_ssl/2.2.22 compiled against Server: Apache/2.2.22, Library: OpenSSL/1.0.1
[Mon Feb 11 10:10:13 2013] [info] Init: Seeding PRNG with 0 bytes of entropy
[Mon Feb 11 10:10:13 2013] [info] Init: Generating temporary RSA private keys (512/1024 bits)
[Mon Feb 11 10:10:14 2013] [info] Init: Generating temporary DH parameters (512/1024 bits)
[Mon Feb 11 10:10:14 2013] [error] (120002)APR does not understand this error code: Cannot create SSLSessionCache DBM file `/export/logs/ssl_gcache_data'
[Mon Feb 11 10:10:14 2013] [info] Init: Initializing (virtual) servers for SSL
[Mon Feb 11 10:10:14 2013] [info] mod_ssl/2.2.22 compiled against Server: Apache/2.2.22, Library: OpenSSL/1.0.1
